#
# A fatal error has been detected by the Java Runtime Environment:
#
#  EXCEPTION_ACCESS_VIOLATION (0xc0000005) at pc=0x00007ffda6a70886, pid=10068, tid=29900
#
# JRE version: Java(TM) SE Runtime Environment (20.0.2+9) (build 20.0.2+9-78)
# Java VM: Java HotSpot(TM) 64-Bit Server VM (20.0.2+9-78, mixed mode, sharing, tiered, compressed oops, compressed class ptrs, g1 gc, windows-amd64)
# Problematic frame:
# V  [jvm.dll+0x140886]
#
# No core dump will be written. Minidumps are not enabled by default on client versions of Windows
#
# If you would like to submit a bug report, please visit:
#   https://bugreport.java.com/bugreport/crash.jsp
#

---------------  S U M M A R Y ------------

Command Line: -XX:+ShowCodeDetailsInExceptionMessages -agentlib:jdwp=transport=dt_socket,suspend=y,address=localhost:51961 -ea -ea -javaagent:C:\Users\Daniel\OneDrive - UNIVERSIDAD DE SEVILLA\Documentos\Escritorio\SandBox\Repos\Workspace-24\Tools\IDEs\eclipse-jee-2023-12R\configuration\org.eclipse.osgi\434\0\.cp\lib\javaagent-shaded.jar -Dfile.encoding=utf-8 -Dstdout.encoding=utf-8 -Dstderr.encoding=utf-8 acme.Launcher --platform development --launcher runner

Host: 11th Gen Intel(R) Core(TM) i7-1185G7 @ 3.00GHz, 8 cores, 31G,  Windows 11 , 64 bit Build 22621 (10.0.22621.3374)
Time: Wed Apr 10 09:24:50 2024 Hora de verano romance elapsed time: 170.260655 seconds (0d 0h 2m 50s)

---------------  T H R E A D  ---------------

Current thread (0x000001c2986de1b0):  WorkerThread "GC Thread#5" [stack: 0x0000000805b00000,0x0000000805c00000] [id=29900]

Stack: [0x0000000805b00000,0x0000000805c00000],  sp=0x0000000805bfe388,  free space=1016k
Native frames: (J=compiled Java code, j=interpreted, Vv=VM code, C=native code)
V  [jvm.dll+0x140886]

JavaThread 0x000001c22d25a260 (nid = 33224) was being processed
Java frames: (J=compiled Java code, j=interpreted, Vv=VM code)
j  java.lang.invoke.DirectMethodHandle$Holder.newInvokeSpecial(Ljava/lang/Object;)Ljava/lang/Object;+15 java.base@20.0.2
J 2612 c1 jdk.internal.reflect.DirectConstructorHandleAccessor.newInstance([Ljava/lang/Object;)Ljava/lang/Object; java.base@20.0.2 (148 bytes) @ 0x000001c23583da6c [0x000001c23583c4c0+0x00000000000015ac]
J 2446 c1 java.lang.reflect.Constructor.newInstanceWithCaller([Ljava/lang/Object;ZLjava/lang/Class;)Ljava/lang/Object; java.base@20.0.2 (51 bytes) @ 0x000001c2357e0adc [0x000001c2357e08c0+0x000000000000021c]
J 3637 c1 org.springframework.beans.BeanUtils.instantiateClass(Ljava/lang/reflect/Constructor;[Ljava/lang/Object;)Ljava/lang/Object; (187 bytes) @ 0x000001c235b0564c [0x000001c235b04ae0+0x0000000000000b6c]
j  org.springframework.beans.factory.support.SimpleInstantiationStrategy.instantiate(Lorg/springframework/beans/factory/support/RootBeanDefinition;Ljava/lang/String;Lorg/springframework/beans/factory/BeanFactory;)Ljava/lang/Object;+140
j  org.springframework.beans.factory.support.AbstractAutowireCapableBeanFactory.instantiateBean(Ljava/lang/String;Lorg/springframework/beans/factory/support/RootBeanDefinition;)Lorg/springframework/beans/BeanWrapper;+32
j  org.springframework.beans.factory.support.AbstractAutowireCapableBeanFactory.createBeanInstance(Ljava/lang/String;Lorg/springframework/beans/factory/support/RootBeanDefinition;[Ljava/lang/Object;)Lorg/springframework/beans/BeanWrapper;+250
j  org.springframework.beans.factory.support.AbstractAutowireCapableBeanFactory.doCreateBean(Ljava/lang/String;Lorg/springframework/beans/factory/support/RootBeanDefinition;[Ljava/lang/Object;)Ljava/lang/Object;+34
j  org.springframework.beans.factory.support.AbstractAutowireCapableBeanFactory.createBean(Ljava/lang/String;Lorg/springframework/beans/factory/support/RootBeanDefinition;[Ljava/lang/Object;)Ljava/lang/Object;+169
j  org.springframework.beans.factory.support.AbstractBeanFactory.lambda$doGetBean$0(Ljava/lang/String;Lorg/springframework/beans/factory/support/RootBeanDefinition;[Ljava/lang/Object;)Ljava/lang/Object;+4
j  org.springframework.beans.factory.support.AbstractBeanFactory$$Lambda$303+0x000001c25322c288.getObject()Ljava/lang/Object;+16
j  org.springframework.beans.factory.support.DefaultSingletonBeanRegistry.getSingleton(Ljava/lang/String;Lorg/springframework/beans/factory/ObjectFactory;)Ljava/lang/Object;+132
J 4055 c1 org.springframework.beans.factory.support.AbstractBeanFactory.doGetBean(Ljava/lang/String;Ljava/lang/Class;[Ljava/lang/Object;Z)Ljava/lang/Object; (832 bytes) @ 0x000001c235bdb10c [0x000001c235bd93a0+0x0000000000001d6c]
j  org.springframework.beans.factory.support.AbstractBeanFactory.getBean(Ljava/lang/String;)Ljava/lang/Object;+5
j  org.springframework.beans.factory.config.DependencyDescriptor.resolveCandidate(Ljava/lang/String;Ljava/lang/Class;Lorg/springframework/beans/factory/BeanFactory;)Ljava/lang/Object;+2
j  org.springframework.beans.factory.support.DefaultListableBeanFactory.doResolveDependency(Lorg/springframework/beans/factory/config/DependencyDescriptor;Ljava/lang/String;Ljava/util/Set;Lorg/springframework/beans/TypeConverter;)Ljava/lang/Object;+440
j  org.springframework.beans.factory.support.DefaultListableBeanFactory.resolveDependency(Lorg/springframework/beans/factory/config/DependencyDescriptor;Ljava/lang/String;Ljava/util/Set;Lorg/springframework/beans/TypeConverter;)Ljava/lang/Object;+108
j  org.springframework.beans.factory.annotation.AutowiredAnnotationBeanPostProcessor$AutowiredFieldElement.resolveFieldValue(Ljava/lang/reflect/Field;Ljava/lang/Object;Ljava/lang/String;)Ljava/lang/Object;+81
j  org.springframework.beans.factory.annotation.AutowiredAnnotationBeanPostProcessor$AutowiredFieldElement.inject(Ljava/lang/Object;Ljava/lang/String;Lorg/springframework/beans/PropertyValues;)V+74
j  org.springframework.beans.factory.annotation.InjectionMetadata.inject(Ljava/lang/Object;Ljava/lang/String;Lorg/springframework/beans/PropertyValues;)V+68
j  org.springframework.beans.factory.annotation.AutowiredAnnotationBeanPostProcessor.postProcessProperties(Lorg/springframework/beans/PropertyValues;Ljava/lang/Object;Ljava/lang/String;)Lorg/springframework/beans/PropertyValues;+17
j  org.springframework.beans.factory.support.AbstractAutowireCapableBeanFactory.populateBean(Ljava/lang/String;Lorg/springframework/beans/factory/support/RootBeanDefinition;Lorg/springframework/beans/BeanWrapper;)V+265
j  org.springframework.beans.factory.support.AbstractAutowireCapableBeanFactory.doCreateBean(Ljava/lang/String;Lorg/springframework/beans/factory/support/RootBeanDefinition;[Ljava/lang/Object;)Ljava/lang/Object;+237
j  org.springframework.beans.factory.support.AbstractAutowireCapableBeanFactory.createBean(Ljava/lang/String;Lorg/springframework/beans/factory/support/RootBeanDefinition;[Ljava/lang/Object;)Ljava/lang/Object;+169
j  org.springframework.beans.factory.support.AbstractBeanFactory.lambda$doGetBean$0(Ljava/lang/String;Lorg/springframework/beans/factory/support/RootBeanDefinition;[Ljava/lang/Object;)Ljava/lang/Object;+4
j  org.springframework.beans.factory.support.AbstractBeanFactory$$Lambda$303+0x000001c25322c288.getObject()Ljava/lang/Object;+16
j  org.springframework.beans.factory.support.DefaultSingletonBeanRegistry.getSingleton(Ljava/lang/String;Lorg/springframework/beans/factory/ObjectFactory;)Ljava/lang/Object;+132
J 4055 c1 org.springframework.beans.factory.support.AbstractBeanFactory.doGetBean(Ljava/lang/String;Ljava/lang/Class;[Ljava/lang/Object;Z)Ljava/lang/Object; (832 bytes) @ 0x000001c235bdb10c [0x000001c235bd93a0+0x0000000000001d6c]
j  org.springframework.beans.factory.support.AbstractBeanFactory.getBean(Ljava/lang/String;)Ljava/lang/Object;+5
j  org.springframework.beans.factory.support.DefaultListableBeanFactory.preInstantiateSingletons()V+248
j  org.springframework.context.support.AbstractApplicationContext.finishBeanFactoryInitialization(Lorg/springframework/beans/factory/config/ConfigurableListableBeanFactory;)V+124
j  org.springframework.context.support.AbstractApplicationContext.refresh()V+86
j  org.springframework.boot.web.servlet.context.ServletWebServerApplicationContext.refresh()V+1
j  org.springframework.boot.SpringApplication.refresh(Lorg/springframework/context/ConfigurableApplicationContext;)V+1
j  org.springframework.boot.SpringApplication.refreshContext(Lorg/springframework/context/ConfigurableApplicationContext;)V+16
j  org.springframework.boot.SpringApplication.run([Ljava/lang/String;)Lorg/springframework/context/ConfigurableApplicationContext;+107
j  org.springframework.boot.SpringApplication.run([Ljava/lang/Class;[Ljava/lang/String;)Lorg/springframework/context/ConfigurableApplicationContext;+9
j  org.springframework.boot.SpringApplication.run(Ljava/lang/Class;[Ljava/lang/String;)Lorg/springframework/context/ConfigurableApplicationContext;+9
j  acme.Launcher.startSpring()Lorg/springframework/context/ConfigurableApplicationContext;+14
j  acme.Launcher.main([Ljava/lang/String;)V+40
v  ~StubRoutines::call_stub 0x000001c23c8310e7

siginfo: EXCEPTION_ACCESS_VIOLATION (0xc0000005), reading address 0x000001c2a47245bf


Registers:
RAX=0x0000000000000000, RBX=0x0000000000000000, RCX=0x00000008041fdb00, RDX=0x00000008041fdb00
RSP=0x0000000805bfe388, RBP=0x0000000805bfe560, RSI=0x0000000805bfe740, RDI=0x00000008041fdb00
R8 =0x000001c2a47245b7, R9 =0x00000008041fdb00, R10=0x00000008041fdb00, R11=0x0000000805bfe5e8
R12=0x0000000000000000, R13=0x000001c2a47245b7, R14=0x00000008041fdb00, R15=0x000001c29f9ada90
RIP=0x00007ffda6a70886, EFLAGS=0x0000000000010206


Register to memory mapping:

RIP=0x00007ffda6a70886 jvm.dll
RAX=0x0 is NULL
RBX=0x0 is NULL
RCX=0x00000008041fdb00 is pointing into the stack for thread: 0x000001c22d25a260
RDX=0x00000008041fdb00 is pointing into the stack for thread: 0x000001c22d25a260
RSP=0x0000000805bfe388 points into unknown readable memory: 0x00007ffda6c8d1cb | cb d1 c8 a6 fd 7f 00 00
RBP=0x0000000805bfe560 points into unknown readable memory: 0x000001c2938437d0 | d0 37 84 93 c2 01 00 00
RSI=0x0000000805bfe740 points into unknown readable memory: 0x00000008041fdaf8 | f8 da 1f 04 08 00 00 00
RDI=0x00000008041fdb00 is pointing into the stack for thread: 0x000001c22d25a260
R8 =0x000001c2a47245b7 is an unknown value
R9 =0x00000008041fdb00 is pointing into the stack for thread: 0x000001c22d25a260
R10=0x00000008041fdb00 is pointing into the stack for thread: 0x000001c22d25a260
R11=0x0000000805bfe5e8 points into unknown readable memory: 0x00007ffda6c475bd | bd 75 c4 a6 fd 7f 00 00
R12=0x0 is NULL
R13=0x000001c2a47245b7 is an unknown value
R14=0x00000008041fdb00 is pointing into the stack for thread: 0x000001c22d25a260
R15=0x000001c29f9ada90 points into unknown readable memory: 0x00007ffda72b6aa0 | a0 6a 2b a7 fd 7f 00 00


Top of Stack: (sp=0x0000000805bfe388)
0x0000000805bfe388:   00007ffda6c8d1cb 000000451f3f6669
0x0000000805bfe398:   000000000000000e 000000000000066c
0x0000000805bfe3a8:   00007ffda6fdb4b5 000000000000066c
0x0000000805bfe3b8:   000001c2984f5610 00000000000000f8
0x0000000805bfe3c8:   00007ffda7065b61 0000000000000155
0x0000000805bfe3d8:   0000000000000008 00000008041ff7a8
0x0000000805bfe3e8:   000001c2987efa50 0000000000000001
0x0000000805bfe3f8:   00000000000003d8 0000000000000000
0x0000000805bfe408:   000001c29f9ae928 0000000805bfe740
0x0000000805bfe418:   0000000805bfe560 00000008041fdb00
0x0000000805bfe428:   00007ffda6c9c798 0000000805bfe4f8
0x0000000805bfe438:   0000000805bfe740 000001c252480090
0x0000000805bfe448:   0000000000000000 000001c29f9ae928
0x0000000805bfe458:   00007ffda6c47b7d 0000000000000003
0x0000000805bfe468:   0000000000000003 000001c29f9ae928
0x0000000805bfe478:   0000000805bfe740 0000000f35bd8801
0x0000000805bfe488:   000001c2520b8e90 000001c2986de1b0
0x0000000805bfe498:   000001c252540138 000001c293321010
0x0000000805bfe4a8:   00000000000003d8 000001c293321020
0x0000000805bfe4b8:   000001c2933213f8 000001c2527245b7
0x0000000805bfe4c8:   00007ffd000000b8 000001c2520b8e90
0x0000000805bfe4d8:   00007ffda72add00 0000000805bfe740
0x0000000805bfe4e8:   000001c29e032dc8 0000000300000005
0x0000000805bfe4f8:   000001c252540138 0000001300000001
0x0000000805bfe508:   0000000000000032 000000010000000c
0x0000000805bfe518:   000001c252480090 0000000000000000
0x0000000805bfe528:   0000000800000012 0000000b00000009
0x0000000805bfe538:   0000000000000000 000001c235bd8890
0x0000000805bfe548:   000001c2984fdf70 000001c29e032dc8
0x0000000805bfe558:   00000000000003d8 000001c2938437d0
0x0000000805bfe568:   0000000a05bf0028 0000000800000000
0x0000000805bfe578:   0000000000000295 000001c22d25b090 

Instructions: (pc=0x00007ffda6a70886)
0x00007ffda6a70786:   4c 63 c0 41 8b c1 48 c1 f8 10 48 63 14 19 41 8b
0x00007ffda6a70796:   c9 83 e1 3f 48 d3 e2 0f b6 c8 49 8d 04 10 49 f7
0x00007ffda6a707a6:   d0 48 03 c8 49 c1 e8 03 48 c1 e9 03 49 23 c8 eb
0x00007ffda6a707b6:   12 49 8b 00 48 8b d3 49 8b c8 ff 90 00 01 00 00
0x00007ffda6a707c6:   48 8b c8 48 89 1f 48 8b c7 48 8b 5c 24 30 48 89
0x00007ffda6a707d6:   4f 08 48 83 c4 20 5f c3 cc cc 0f b6 05 84 10 a7
0x00007ffda6a707e6:   00 48 8b d1 84 c0 74 16 44 8b 41 08 8b 0d f0 37
0x00007ffda6a707f6:   a0 00 49 d3 e0 4c 03 05 de 37 a0 00 eb 04 4c 8b
0x00007ffda6a70806:   41 08 45 8b 48 08 45 85 c9 7e 0e 41 f6 c1 01 75
0x00007ffda6a70816:   53 41 c1 f9 03 49 63 c1 c3 79 49 84 c0 41 b8 0c
0x00007ffda6a70826:   00 00 00 8b 05 69 49 a0 00 b9 10 00 00 00 41 0f
0x00007ffda6a70836:   45 c8 ff c8 4c 63 c0 41 8b c1 48 c1 f8 10 0f b6
0x00007ffda6a70846:   c0 48 63 14 11 41 8b c9 83 e1 3f 48 d3 e2 49 8d
0x00007ffda6a70856:   0c 10 49 f7 d0 48 03 c1 49 c1 e8 03 48 c1 e8 03
0x00007ffda6a70866:   49 23 c0 c3 49 8b 00 49 8b c8 48 ff a0 00 01 00
0x00007ffda6a70876:   00 cc cc cc cc cc cc cc cc cc 4c 8b c2 48 8b d1
0x00007ffda6a70886:   45 8b 48 08 45 85 c9 7e 0e 41 f6 c1 01 75 56 41
0x00007ffda6a70896:   c1 f9 03 49 63 c1 c3 79 4c 80 3d c5 0f a7 00 00
0x00007ffda6a708a6:   b8 0c 00 00 00 b9 10 00 00 00 0f 45 c8 8b 05 df
0x00007ffda6a708b6:   48 a0 00 ff c8 4c 63 c0 41 8b c1 48 c1 f8 10 48
0x00007ffda6a708c6:   63 14 11 41 8b c9 83 e1 3f 0f b6 c0 48 d3 e2 49
0x00007ffda6a708d6:   8d 0c 10 49 f7 d0 48 03 c1 49 c1 e8 03 48 c1 e8
0x00007ffda6a708e6:   03 49 23 c0 c3 49 8b 00 49 8b c8 48 ff a0 00 01
0x00007ffda6a708f6:   00 00 cc cc cc cc cc cc cc cc 40 53 48 83 ec 20
0x00007ffda6a70906:   48 8b d9 49 8b c0 33 c9 45 0f b6 c1 48 89 0b 48
0x00007ffda6a70916:   89 4b 08 48 8b cb 48 89 53 10 48 8b d0 e8 88 09
0x00007ffda6a70926:   00 00 48 8b c3 48 83 c4 20 5b c3 cc cc cc cc cc
0x00007ffda6a70936:   cc cc cc cc cc cc cc cc cc cc 40 53 48 83 ec 20
0x00007ffda6a70946:   33 c0 44 88 41 10 45 0f b6 c1 48 89 01 48 89 41
0x00007ffda6a70956:   08 48 8b d9 e8 61 0a 00 00 48 8b c3 48 83 c4 20
0x00007ffda6a70966:   5b c3 cc cc cc cc cc cc cc cc 40 53 48 83 ec 20
0x00007ffda6a70976:   33 c0 48 8b d9 48 89 01 48 89 41 08 e8 e9 0b 00 


Stack slot to memory mapping:
stack at sp + 0 slots: 0x00007ffda6c8d1cb jvm.dll
stack at sp + 1 slots: 0x000000451f3f6669 is an unknown value
stack at sp + 2 slots: 0x000000000000000e is an unknown value
stack at sp + 3 slots: 0x000000000000066c is an unknown value
stack at sp + 4 slots: 0x00007ffda6fdb4b5 jvm.dll
stack at sp + 5 slots: 0x000000000000066c is an unknown value
stack at sp + 6 slots: 0x000001c2984f5610 points into unknown readable memory: 0x000001c2984f3560 | 60 35 4f 98 c2 01 00 00
stack at sp + 7 slots: 0x00000000000000f8 is an unknown value


---------------  P R O C E S S  ---------------

Threads class SMR info:
_java_thread_list=0x000001c29b75ccf0, length=19, elements={
0x000001c22d25a260, 0x000001c24f722a70, 0x000001c24f723e10, 0x000001c24f726420,
0x000001c24f729560, 0x000001c24f72a640, 0x000001c24f730c30, 0x000001c24f734e00,
0x000001c24f735780, 0x000001c24f6ef6f0, 0x000001c293348730, 0x000001c29337b840,
0x000001c2932c7e30, 0x000001c29829cf40, 0x000001c299d8d930, 0x000001c29b58bfa0,
0x000001c29b5a8330, 0x000001c29b5a8880, 0x000001c29b5aadb0
}

Java Threads: ( => current thread )
  0x000001c22d25a260 JavaThread "main" [_thread_blocked, id=33224, stack(0x0000000804100000,0x0000000804200000)]
  0x000001c24f722a70 JavaThread "Reference Handler" daemon [_thread_blocked, id=18396, stack(0x0000000804800000,0x0000000804900000)]
  0x000001c24f723e10 JavaThread "Finalizer" daemon [_thread_blocked, id=30296, stack(0x0000000804900000,0x0000000804a00000)]
  0x000001c24f726420 JavaThread "Signal Dispatcher" daemon [_thread_blocked, id=3596, stack(0x0000000804a00000,0x0000000804b00000)]
  0x000001c24f729560 JavaThread "Attach Listener" daemon [_thread_blocked, id=26952, stack(0x0000000804b00000,0x0000000804c00000)]
  0x000001c24f72a640 JavaThread "Service Thread" daemon [_thread_blocked, id=20576, stack(0x0000000804c00000,0x0000000804d00000)]
  0x000001c24f730c30 JavaThread "Monitor Deflation Thread" daemon [_thread_blocked, id=19936, stack(0x0000000804d00000,0x0000000804e00000)]
  0x000001c24f734e00 JavaThread "C2 CompilerThread0" daemon [_thread_blocked, id=20244, stack(0x0000000804e00000,0x0000000804f00000)]
  0x000001c24f735780 JavaThread "C1 CompilerThread0" daemon [_thread_blocked, id=33472, stack(0x0000000804f00000,0x0000000805000000)]
  0x000001c24f6ef6f0 JavaThread "Common-Cleaner" daemon [_thread_blocked, id=30104, stack(0x0000000805000000,0x0000000805100000)]
  0x000001c293348730 JavaThread "JDWP Transport Listener: dt_socket" daemon [_thread_blocked, id=18716, stack(0x0000000805100000,0x0000000805200000)]
  0x000001c29337b840 JavaThread "JDWP Event Helper Thread" daemon [_thread_blocked, id=20732, stack(0x0000000805200000,0x0000000805300000)]
  0x000001c2932c7e30 JavaThread "JDWP Command Reader" daemon [_thread_in_native, id=5000, stack(0x0000000805300000,0x0000000805400000)]
  0x000001c29829cf40 JavaThread "Notification Thread" daemon [_thread_blocked, id=21584, stack(0x0000000805500000,0x0000000805600000)]
  0x000001c299d8d930 JavaThread "logback-1" daemon [_thread_blocked, id=9416, stack(0x0000000805f00000,0x0000000806000000)]
  0x000001c29b58bfa0 JavaThread "Catalina-utility-1" [_thread_blocked, id=31764, stack(0x0000000806000000,0x0000000806100000)]
  0x000001c29b5a8330 JavaThread "Catalina-utility-2" [_thread_blocked, id=16040, stack(0x0000000806200000,0x0000000806300000)]
  0x000001c29b5a8880 JavaThread "container-0" [_thread_blocked, id=3424, stack(0x0000000806300000,0x0000000806400000)]
  0x000001c29b5aadb0 JavaThread "HikariPool-1 housekeeper" daemon [_thread_blocked, id=21532, stack(0x0000000806500000,0x0000000806600000)]

Other Threads:
  0x000001c24f704640 VMThread "VM Thread" [stack: 0x0000000804700000,0x0000000804800000] [id=9580]
  0x000001c298262b40 WatcherThread "VM Periodic Task Thread" [stack: 0x0000000805600000,0x0000000805700000] [id=19316]
  0x000001c22d2cccb0 WorkerThread "GC Thread#0" [stack: 0x0000000804200000,0x0000000804300000] [id=30468]
  0x000001c298503720 WorkerThread "GC Thread#1" [stack: 0x0000000805700000,0x0000000805800000] [id=23620]
  0x000001c2987efad0 WorkerThread "GC Thread#2" [stack: 0x0000000805800000,0x0000000805900000] [id=32420]
  0x000001c2986d57f0 WorkerThread "GC Thread#3" [stack: 0x0000000805900000,0x0000000805a00000] [id=19612]
  0x000001c2986d5ed0 WorkerThread "GC Thread#4" [stack: 0x0000000805a00000,0x0000000805b00000] [id=9564]
=>0x000001c2986de1b0 WorkerThread "GC Thread#5" [stack: 0x0000000805b00000,0x0000000805c00000] [id=29900]
  0x000001c2986dfcb0 WorkerThread "GC Thread#6" [stack: 0x0000000805c00000,0x0000000805d00000] [id=33188]
  0x000001c2986e1fe0 WorkerThread "GC Thread#7" [stack: 0x0000000805d00000,0x0000000805e00000] [id=26716]
  0x000001c24f5b08d0 ConcurrentGCThread "G1 Main Marker" [stack: 0x0000000804300000,0x0000000804400000] [id=16464]
  0x000001c22d2dd900 WorkerThread "G1 Conc#0" [stack: 0x0000000804400000,0x0000000804500000] [id=24824]
  0x000001c2986e22b0 WorkerThread "G1 Conc#1" [stack: 0x0000000806100000,0x0000000806200000] [id=11312]
  0x000001c24f6346b0 ConcurrentGCThread "G1 Refine#0" [stack: 0x0000000804500000,0x0000000804600000] [id=30272]
  0x000001c24f634f60 ConcurrentGCThread "G1 Service" [stack: 0x0000000804600000,0x0000000804700000] [id=6612]

Threads with active compile tasks:

VM state: at safepoint (normal execution)

VM Mutex/Monitor currently owned by a thread:  ([mutex/lock_event])
[0x000001c22d258880] Threads_lock - owner thread: 0x000001c24f704640
[0x000001c22d258490] Heap_lock - owner thread: 0x000001c299d8d930

Heap address: 0x0000000602400000, size: 8156 MB, Compressed Oops mode: Zero based, Oop shift amount: 3

CDS archive(s) mapped at: [0x000001c252000000-0x000001c252c60000-0x000001c252c60000), size 12976128, SharedBaseAddress: 0x000001c252000000, ArchiveRelocationMode: 1.
Compressed class space mapped at: 0x000001c253000000-0x000001c293000000, reserved size: 1073741824
Narrow klass base: 0x000001c252000000, Narrow klass shift: 0, Narrow klass range: 0x100000000

GC Precious Log:
 CardTable entry size: 512
 Card Set container configuration: InlinePtr #cards 4 size 8 Array Of Cards #cards 32 size 80 Howl #buckets 8 coarsen threshold 7372 Howl Bitmap #cards 1024 size 144 coarsen threshold 921 Card regions per heap region 1 cards per card region 8192
 CPUs: 8 total, 8 available
 Memory: 32610M
 Large Page Support: Disabled
 NUMA Support: Disabled
 Compressed Oops: Enabled (Zero based)
 Heap Region Size: 4M
 Heap Min Capacity: 8M
 Heap Initial Capacity: 512M
 Heap Max Capacity: 8156M
 Pre-touch: Disabled
 Parallel Workers: 8
 Concurrent Workers: 2
 Concurrent Refinement Workers: 8
 Periodic GC: Disabled

Heap:
 garbage-first heap   total 122880K, used 97626K [0x0000000602400000, 0x0000000800000000)
  region size 4096K, 18 young (73728K), 2 survivors (8192K)
 Metaspace       used 60848K, committed 61312K, reserved 1114112K
  class space    used 7756K, committed 7936K, reserved 1048576K

Heap Regions: E=young(eden), S=young(survivor), O=old, HS=humongous(starts), HC=humongous(continues), CS=collection set, F=free, OA=open archive, CA=closed archive, TAMS=top-at-mark-start, PB=parsable bottom
|   0|0x0000000602400000, 0x0000000602800000, 0x0000000602800000|100%| O|  |TAMS 0x0000000602400000| PB 0x0000000602400000| Untracked 
|   1|0x0000000602800000, 0x0000000602c00000, 0x0000000602c00000|100%| O|  |TAMS 0x0000000602800000| PB 0x0000000602800000| Untracked 
|   2|0x0000000602c00000, 0x0000000603000000, 0x0000000603000000|100%| O|  |TAMS 0x0000000602c00000| PB 0x0000000602c00000| Untracked 
|   3|0x0000000603000000, 0x0000000603000000, 0x0000000603400000|  0%| F|  |TAMS 0x0000000603000000| PB 0x0000000603000000| Untracked 
|   4|0x0000000603400000, 0x0000000603800000, 0x0000000603800000|100%| O|  |TAMS 0x0000000603400000| PB 0x0000000603400000| Untracked 
|   5|0x0000000603800000, 0x0000000603c00000, 0x0000000603c00000|100%| O|  |TAMS 0x0000000603800000| PB 0x0000000603800000| Untracked 
|   6|0x0000000603c00000, 0x0000000604000000, 0x0000000604000000|100%| O|  |TAMS 0x0000000603c00000| PB 0x0000000603c00000| Untracked 
|   7|0x0000000604000000, 0x000000060433adf0, 0x0000000604400000| 80%| O|  |TAMS 0x0000000604000000| PB 0x0000000604000000| Untracked 
|   8|0x0000000604400000, 0x0000000604400000, 0x0000000604800000|  0%| F|  |TAMS 0x0000000604400000| PB 0x0000000604400000| Untracked 
|   9|0x0000000604800000, 0x0000000604800000, 0x0000000604c00000|  0%| F|  |TAMS 0x0000000604800000| PB 0x0000000604800000| Untracked 
|  10|0x0000000604c00000, 0x0000000604c11340, 0x0000000605000000|  1%| S|  |TAMS 0x0000000604c00000| PB 0x0000000604c00000| Complete 
|  11|0x0000000605000000, 0x0000000605400000, 0x0000000605400000|100%| S|  |TAMS 0x0000000605000000| PB 0x0000000605000000| Complete 
|  12|0x0000000605400000, 0x00000006055256a8, 0x0000000605800000| 28%| E|CS|TAMS 0x0000000605400000| PB 0x0000000605400000| Complete 
|  13|0x0000000605800000, 0x0000000605c00000, 0x0000000605c00000|100%| E|CS|TAMS 0x0000000605800000| PB 0x0000000605800000| Complete 
|  14|0x0000000605c00000, 0x0000000606000000, 0x0000000606000000|100%| E|CS|TAMS 0x0000000605c00000| PB 0x0000000605c00000| Complete 
|  15|0x0000000606000000, 0x0000000606400000, 0x0000000606400000|100%| E|CS|TAMS 0x0000000606000000| PB 0x0000000606000000| Complete 
|  16|0x0000000606400000, 0x0000000606800000, 0x0000000606800000|100%| E|CS|TAMS 0x0000000606400000| PB 0x0000000606400000| Complete 
|  17|0x0000000606800000, 0x0000000606c00000, 0x0000000606c00000|100%| E|CS|TAMS 0x0000000606800000| PB 0x0000000606800000| Complete 
|  18|0x0000000606c00000, 0x0000000607000000, 0x0000000607000000|100%| E|CS|TAMS 0x0000000606c00000| PB 0x0000000606c00000| Complete 
|  19|0x0000000607000000, 0x0000000607400000, 0x0000000607400000|100%| E|CS|TAMS 0x0000000607000000| PB 0x0000000607000000| Complete 
|  20|0x0000000607400000, 0x0000000607800000, 0x0000000607800000|100%| E|CS|TAMS 0x0000000607400000| PB 0x0000000607400000| Complete 
|  21|0x0000000607800000, 0x0000000607c00000, 0x0000000607c00000|100%| E|CS|TAMS 0x0000000607800000| PB 0x0000000607800000| Complete 
|  22|0x0000000607c00000, 0x0000000608000000, 0x0000000608000000|100%| E|CS|TAMS 0x0000000607c00000| PB 0x0000000607c00000| Complete 
|  23|0x0000000608000000, 0x0000000608400000, 0x0000000608400000|100%| E|CS|TAMS 0x0000000608000000| PB 0x0000000608000000| Complete 
|  24|0x0000000608400000, 0x0000000608800000, 0x0000000608800000|100%| E|CS|TAMS 0x0000000608400000| PB 0x0000000608400000| Complete 
|  25|0x0000000608800000, 0x0000000608c00000, 0x0000000608c00000|100%| E|CS|TAMS 0x0000000608800000| PB 0x0000000608800000| Complete 
|  26|0x0000000608c00000, 0x0000000609000000, 0x0000000609000000|100%| E|CS|TAMS 0x0000000608c00000| PB 0x0000000608c00000| Complete 
|  27|0x0000000609000000, 0x0000000609400000, 0x0000000609400000|100%| E|CS|TAMS 0x0000000609000000| PB 0x0000000609000000| Complete 
| 126|0x0000000621c00000, 0x0000000622000000, 0x0000000622000000|100%| E|CS|TAMS 0x0000000621c00000| PB 0x0000000621c00000| Complete 
| 127|0x0000000622000000, 0x0000000622400000, 0x0000000622400000|100%| E|CS|TAMS 0x0000000622000000| PB 0x0000000622000000| Complete 

Card table byte_map: [0x000001c245620000,0x000001c246610000] _byte_map_base: 0x000001c24260e000

Marking Bits: (CMBitMap*) 0x000001c24f5afe80
 Bits: [0x000001c247600000, 0x000001c24f570000)

Polling page: 0x000001c22c9f0000

Metaspace:

Usage:
  Non-class:     51.85 MB used.
      Class:      7.57 MB used.
       Both:     59.42 MB used.

Virtual space:
  Non-class space:       64.00 MB reserved,      52.12 MB ( 81%) committed,  1 nodes.
      Class space:        1.00 GB reserved,       7.75 MB ( <1%) committed,  1 nodes.
             Both:        1.06 GB reserved,      59.88 MB (  6%) committed. 

Chunk freelists:
   Non-Class:  3.17 MB
       Class:  206.00 KB
        Both:  3.37 MB

MaxMetaspaceSize: unlimited
CompressedClassSpaceSize: 1.00 GB
Initial GC threshold: 21.00 MB
Current GC threshold: 99.62 MB
CDS: on
MetaspaceReclaimPolicy: balanced
 - commit_granule_bytes: 65536.
 - commit_granule_words: 8192.
 - virtual_space_node_default_size: 8388608.
 - enlarge_chunks_in_place: 1.
 - new_chunks_are_fully_committed: 0.
 - uncommit_free_chunks: 1.
 - use_allocation_guard: 0.


Internal statistics:

num_allocs_failed_limit: 12.
num_arena_births: 578.
num_arena_deaths: 0.
num_vsnodes_births: 2.
num_vsnodes_deaths: 0.
num_space_committed: 958.
num_space_uncommitted: 0.
num_chunks_returned_to_freelist: 12.
num_chunks_taken_from_freelist: 2590.
num_chunk_merges: 9.
num_chunk_splits: 1948.
num_chunks_enlarged: 1648.
num_inconsistent_stats: 0.

CodeHeap 'non-profiled nmethods': size=120000Kb used=6073Kb max_used=6292Kb free=113926Kb
 bounds [0x000001c23cdd0000, 0x000001c23d400000, 0x000001c244300000]
CodeHeap 'profiled nmethods': size=120000Kb used=14783Kb max_used=16242Kb free=105217Kb
 bounds [0x000001c235300000, 0x000001c2362e0000, 0x000001c23c830000]
CodeHeap 'non-nmethods': size=5760Kb used=1895Kb max_used=1965Kb free=3865Kb
 bounds [0x000001c23c830000, 0x000001c23caa0000, 0x000001c23cdd0000]
 total_blobs=7801 nmethods=7144 adapters=566
 compilation: enabled
              stopped_count=0, restarted_count=0
 full_count=0

Compilation events (20 events):
Event: 79.367 Thread 0x000001c24f735780 8056       3       java.util.concurrent.locks.AbstractQueuedSynchronizer::acquireShared (20 bytes)
Event: 79.367 Thread 0x000001c24f735780 nmethod 8056 0x000001c23575f490 code [0x000001c23575f640, 0x000001c23575f8b8]
Event: 79.367 Thread 0x000001c24f735780 8057       3       java.util.concurrent.locks.ReentrantReadWriteLock$ReadLock::unlock (10 bytes)
Event: 79.367 Thread 0x000001c24f735780 nmethod 8057 0x000001c235ae1810 code [0x000001c235ae19c0, 0x000001c235ae1ca0]
Event: 79.367 Thread 0x000001c24f735780 8058       3       java.util.concurrent.locks.ReentrantReadWriteLock$Sync::tryReleaseShared (146 bytes)
Event: 79.368 Thread 0x000001c24f735780 nmethod 8058 0x000001c235657390 code [0x000001c2356575e0, 0x000001c2356582c0]
Event: 89.372 Thread 0x000001c24f735780 8059       1       org.apache.catalina.LifecycleState::isAvailable (5 bytes)
Event: 89.372 Thread 0x000001c24f735780 nmethod 8059 0x000001c23cfad610 code [0x000001c23cfad780, 0x000001c23cfad850]
Event: 89.372 Thread 0x000001c24f735780 8060       3       org.apache.catalina.webresources.Cache$$Lambda$1098/0x000001c2537cb770::applyAsLong (8 bytes)
Event: 89.372 Thread 0x000001c24f735780 nmethod 8060 0x000001c235db5690 code [0x000001c235db5820, 0x000001c235db5a60]
Event: 99.304 Thread 0x000001c24f735780 8061       3       java.util.EventObject::<init> (24 bytes)
Event: 99.305 Thread 0x000001c24f735780 nmethod 8061 0x000001c235763210 code [0x000001c2357633c0, 0x000001c2357636a0]
Event: 109.398 Thread 0x000001c24f734e00 8062       4       java.util.concurrent.locks.AbstractQueuedSynchronizer::release (19 bytes)
Event: 109.402 Thread 0x000001c24f734e00 nmethod 8062 0x000001c23cfad090 code [0x000001c23cfad220, 0x000001c23cfad450]
Event: 169.441 Thread 0x000001c24f735780 8063       3       java.util.concurrent.ThreadPoolExecutor::runStateAtLeast (11 bytes)
Event: 169.441 Thread 0x000001c24f735780 nmethod 8063 0x000001c23590e390 code [0x000001c23590e520, 0x000001c23590e668]
Event: 169.441 Thread 0x000001c24f735780 8065       3       java.util.Comparator$$Lambda$724/0x000001c2533fd3c0::compare (10 bytes)
Event: 169.441 Thread 0x000001c24f735780 nmethod 8065 0x000001c235944e10 code [0x000001c235944fe0, 0x000001c235945480]
Event: 169.441 Thread 0x000001c24f735780 8064       1       org.apache.catalina.valves.ValveBase::getNext (5 bytes)
Event: 169.441 Thread 0x000001c24f735780 nmethod 8064 0x000001c23cfacd90 code [0x000001c23cfacf00, 0x000001c23cfacfd0]

GC Heap History (20 events):
Event: 41.580 GC heap after
{Heap after GC invocations=21 (full 0):
 garbage-first heap   total 122880K, used 31990K [0x0000000602400000, 0x0000000800000000)
  region size 4096K, 2 young (8192K), 2 survivors (8192K)
 Metaspace       used 60837K, committed 61312K, reserved 1114112K
  class space    used 7754K, committed 7936K, reserved 1048576K
}
Event: 56.485 GC heap before
{Heap before GC invocations=21 (full 0):
 garbage-first heap   total 122880K, used 97526K [0x0000000602400000, 0x0000000800000000)
  region size 4096K, 18 young (73728K), 2 survivors (8192K)
 Metaspace       used 60837K, committed 61312K, reserved 1114112K
  class space    used 7754K, committed 7936K, reserved 1048576K
}
Event: 56.496 GC heap after
{Heap after GC invocations=22 (full 0):
 garbage-first heap   total 122880K, used 31938K [0x0000000602400000, 0x0000000800000000)
  region size 4096K, 2 young (8192K), 2 survivors (8192K)
 Metaspace       used 60837K, committed 61312K, reserved 1114112K
  class space    used 7754K, committed 7936K, reserved 1048576K
}
Event: 68.446 GC heap before
{Heap before GC invocations=22 (full 0):
 garbage-first heap   total 122880K, used 97474K [0x0000000602400000, 0x0000000800000000)
  region size 4096K, 18 young (73728K), 2 survivors (8192K)
 Metaspace       used 60837K, committed 61312K, reserved 1114112K
  class space    used 7754K, committed 7936K, reserved 1048576K
}
Event: 68.450 GC heap after
{Heap after GC invocations=23 (full 0):
 garbage-first heap   total 122880K, used 31976K [0x0000000602400000, 0x0000000800000000)
  region size 4096K, 2 young (8192K), 2 survivors (8192K)
 Metaspace       used 60837K, committed 61312K, reserved 1114112K
  class space    used 7754K, committed 7936K, reserved 1048576K
}
Event: 80.442 GC heap before
{Heap before GC invocations=23 (full 0):
 garbage-first heap   total 122880K, used 97512K [0x0000000602400000, 0x0000000800000000)
  region size 4096K, 18 young (73728K), 2 survivors (8192K)
 Metaspace       used 60842K, committed 61312K, reserved 1114112K
  class space    used 7755K, committed 7936K, reserved 1048576K
}
Event: 80.447 GC heap after
{Heap after GC invocations=24 (full 0):
 garbage-first heap   total 122880K, used 31795K [0x0000000602400000, 0x0000000800000000)
  region size 4096K, 2 young (8192K), 2 survivors (8192K)
 Metaspace       used 60842K, committed 61312K, reserved 1114112K
  class space    used 7755K, committed 7936K, reserved 1048576K
}
Event: 96.424 GC heap before
{Heap before GC invocations=24 (full 0):
 garbage-first heap   total 122880K, used 97331K [0x0000000602400000, 0x0000000800000000)
  region size 4096K, 18 young (73728K), 2 survivors (8192K)
 Metaspace       used 60842K, committed 61312K, reserved 1114112K
  class space    used 7755K, committed 7936K, reserved 1048576K
}
Event: 96.428 GC heap after
{Heap after GC invocations=25 (full 0):
 garbage-first heap   total 122880K, used 32287K [0x0000000602400000, 0x0000000800000000)
  region size 4096K, 2 young (8192K), 2 survivors (8192K)
 Metaspace       used 60842K, committed 61312K, reserved 1114112K
  class space    used 7755K, committed 7936K, reserved 1048576K
}
Event: 108.723 GC heap before
{Heap before GC invocations=25 (full 0):
 garbage-first heap   total 122880K, used 97823K [0x0000000602400000, 0x0000000800000000)
  region size 4096K, 18 young (73728K), 2 survivors (8192K)
 Metaspace       used 60843K, committed 61312K, reserved 1114112K
  class space    used 7755K, committed 7936K, reserved 1048576K
}
Event: 108.728 GC heap after
{Heap after GC invocations=26 (full 0):
 garbage-first heap   total 122880K, used 31987K [0x0000000602400000, 0x0000000800000000)
  region size 4096K, 2 young (8192K), 2 survivors (8192K)
 Metaspace       used 60843K, committed 61312K, reserved 1114112K
  class space    used 7755K, committed 7936K, reserved 1048576K
}
Event: 120.749 GC heap before
{Heap before GC invocations=26 (full 0):
 garbage-first heap   total 122880K, used 97523K [0x0000000602400000, 0x0000000800000000)
  region size 4096K, 18 young (73728K), 2 survivors (8192K)
 Metaspace       used 60843K, committed 61312K, reserved 1114112K
  class space    used 7755K, committed 7936K, reserved 1048576K
}
Event: 120.753 GC heap after
{Heap after GC invocations=27 (full 0):
 garbage-first heap   total 122880K, used 32083K [0x0000000602400000, 0x0000000800000000)
  region size 4096K, 2 young (8192K), 2 survivors (8192K)
 Metaspace       used 60843K, committed 61312K, reserved 1114112K
  class space    used 7755K, committed 7936K, reserved 1048576K
}
Event: 132.835 GC heap before
{Heap before GC invocations=27 (full 0):
 garbage-first heap   total 122880K, used 97619K [0x0000000602400000, 0x0000000800000000)
  region size 4096K, 18 young (73728K), 2 survivors (8192K)
 Metaspace       used 60843K, committed 61312K, reserved 1114112K
  class space    used 7755K, committed 7936K, reserved 1048576K
}
Event: 132.840 GC heap after
{Heap after GC invocations=28 (full 0):
 garbage-first heap   total 122880K, used 32184K [0x0000000602400000, 0x0000000800000000)
  region size 4096K, 2 young (8192K), 2 survivors (8192K)
 Metaspace       used 60843K, committed 61312K, reserved 1114112K
  class space    used 7755K, committed 7936K, reserved 1048576K
}
Event: 144.836 GC heap before
{Heap before GC invocations=28 (full 0):
 garbage-first heap   total 122880K, used 97720K [0x0000000602400000, 0x0000000800000000)
  region size 4096K, 18 young (73728K), 2 survivors (8192K)
 Metaspace       used 60843K, committed 61312K, reserved 1114112K
  class space    used 7755K, committed 7936K, reserved 1048576K
}
Event: 144.840 GC heap after
{Heap after GC invocations=29 (full 0):
 garbage-first heap   total 122880K, used 32310K [0x0000000602400000, 0x0000000800000000)
  region size 4096K, 2 young (8192K), 2 survivors (8192K)
 Metaspace       used 60843K, committed 61312K, reserved 1114112K
  class space    used 7755K, committed 7936K, reserved 1048576K
}
Event: 156.940 GC heap before
{Heap before GC invocations=29 (full 0):
 garbage-first heap   total 122880K, used 97846K [0x0000000602400000, 0x0000000800000000)
  region size 4096K, 18 young (73728K), 2 survivors (8192K)
 Metaspace       used 60843K, committed 61312K, reserved 1114112K
  class space    used 7755K, committed 7936K, reserved 1048576K
}
Event: 156.945 GC heap after
{Heap after GC invocations=30 (full 0):
 garbage-first heap   total 122880K, used 32090K [0x0000000602400000, 0x0000000800000000)
  region size 4096K, 2 young (8192K), 2 survivors (8192K)
 Metaspace       used 60843K, committed 61312K, reserved 1114112K
  class space    used 7755K, committed 7936K, reserved 1048576K
}
Event: 170.206 GC heap before
{Heap before GC invocations=30 (full 0):
 garbage-first heap   total 122880K, used 97626K [0x0000000602400000, 0x0000000800000000)
  region size 4096K, 18 young (73728K), 2 survivors (8192K)
 Metaspace       used 60848K, committed 61312K, reserved 1114112K
  class space    used 7756K, committed 7936K, reserved 1048576K
}

Dll operation events (13 events):
Event: 0.016 Loaded shared library C:\Users\Daniel\OneDrive - UNIVERSIDAD DE SEVILLA\Documentos\Escritorio\SandBox\Repos\Workspace-24\Tools\Infrastructure\jdk-20.0.2\bin\java.dll
Event: 0.046 Loaded shared library C:\Users\Daniel\OneDrive - UNIVERSIDAD DE SEVILLA\Documentos\Escritorio\SandBox\Repos\Workspace-24\Tools\Infrastructure\jdk-20.0.2\bin\jsvml.dll
Event: 0.522 Loaded shared library C:\Users\Daniel\OneDrive - UNIVERSIDAD DE SEVILLA\Documentos\Escritorio\SandBox\Repos\Workspace-24\Tools\Infrastructure\jdk-20.0.2\bin\zip.dll
Event: 0.530 Loaded shared library C:\Users\Daniel\OneDrive - UNIVERSIDAD DE SEVILLA\Documentos\Escritorio\SandBox\Repos\Workspace-24\Tools\Infrastructure\jdk-20.0.2\bin\instrument.dll
Event: 0.549 Loaded shared library C:\Users\Daniel\OneDrive - UNIVERSIDAD DE SEVILLA\Documentos\Escritorio\SandBox\Repos\Workspace-24\Tools\Infrastructure\jdk-20.0.2\bin\net.dll
Event: 0.552 Loaded shared library C:\Users\Daniel\OneDrive - UNIVERSIDAD DE SEVILLA\Documentos\Escritorio\SandBox\Repos\Workspace-24\Tools\Infrastructure\jdk-20.0.2\bin\nio.dll
Event: 0.557 Loaded shared library C:\Users\Daniel\OneDrive - UNIVERSIDAD DE SEVILLA\Documentos\Escritorio\SandBox\Repos\Workspace-24\Tools\Infrastructure\jdk-20.0.2\bin\zip.dll
Event: 0.913 Loaded shared library C:\Users\Daniel\OneDrive - UNIVERSIDAD DE SEVILLA\Documentos\Escritorio\SandBox\Repos\Workspace-24\Tools\Infrastructure\jdk-20.0.2\bin\jimage.dll
Event: 0.990 Loaded shared library C:\Users\Daniel\OneDrive - UNIVERSIDAD DE SEVILLA\Documentos\Escritorio\SandBox\Repos\Workspace-24\Tools\Infrastructure\jdk-20.0.2\bin\verify.dll
Event: 2.343 Loaded shared library C:\Users\Daniel\OneDrive - UNIVERSIDAD DE SEVILLA\Documentos\Escritorio\SandBox\Repos\Workspace-24\Tools\Infrastructure\jdk-20.0.2\bin\management.dll
Event: 2.348 Loaded shared library C:\Users\Daniel\OneDrive - UNIVERSIDAD DE SEVILLA\Documentos\Escritorio\SandBox\Repos\Workspace-24\Tools\Infrastructure\jdk-20.0.2\bin\management_ext.dll
Event: 2.788 Loaded shared library C:\Users\Daniel\OneDrive - UNIVERSIDAD DE SEVILLA\Documentos\Escritorio\SandBox\Repos\Workspace-24\Tools\Infrastructure\jdk-20.0.2\bin\extnet.dll
Event: 7.630 Loaded shared library C:\Users\Daniel\OneDrive - UNIVERSIDAD DE SEVILLA\Documentos\Escritorio\SandBox\Repos\Workspace-24\Tools\Infrastructure\jdk-20.0.2\bin\sunmscapi.dll

Deoptimization events (20 events):
Event: 170.205 Thread 0x000001c299d8d930 DEOPT PACKING pc=0x000001c23d1c4428 sp=0x0000000805ffec60
Event: 170.205 Thread 0x000001c299d8d930 DEOPT UNPACKING pc=0x000001c23c89e462 sp=0x0000000805ffdf38 mode 1
Event: 170.205 Thread 0x000001c299d8d930 DEOPT PACKING pc=0x000001c23d28b28c sp=0x0000000805ffead0
Event: 170.205 Thread 0x000001c299d8d930 DEOPT UNPACKING pc=0x000001c23c89e462 sp=0x0000000805ffde88 mode 1
Event: 170.205 Thread 0x000001c299d8d930 DEOPT PACKING pc=0x000001c23cf71bf8 sp=0x0000000805ffeb80
Event: 170.205 Thread 0x000001c299d8d930 DEOPT UNPACKING pc=0x000001c23c89e462 sp=0x0000000805ffe048 mode 1
Event: 170.205 Thread 0x000001c299d8d930 DEOPT PACKING pc=0x000001c23d1c4428 sp=0x0000000805ffec60
Event: 170.205 Thread 0x000001c299d8d930 DEOPT UNPACKING pc=0x000001c23c89e462 sp=0x0000000805ffdf38 mode 1
Event: 170.205 Thread 0x000001c299d8d930 DEOPT PACKING pc=0x000001c23d28b28c sp=0x0000000805ffead0
Event: 170.205 Thread 0x000001c299d8d930 DEOPT UNPACKING pc=0x000001c23c89e462 sp=0x0000000805ffde88 mode 1
Event: 170.206 Thread 0x000001c299d8d930 DEOPT PACKING pc=0x000001c23cf71bf8 sp=0x0000000805ffeb80
Event: 170.206 Thread 0x000001c299d8d930 DEOPT UNPACKING pc=0x000001c23c89e462 sp=0x0000000805ffe048 mode 1
Event: 170.206 Thread 0x000001c299d8d930 DEOPT PACKING pc=0x000001c23d1c4428 sp=0x0000000805ffec60
Event: 170.206 Thread 0x000001c299d8d930 DEOPT UNPACKING pc=0x000001c23c89e462 sp=0x0000000805ffdf38 mode 1
Event: 170.206 Thread 0x000001c299d8d930 DEOPT PACKING pc=0x000001c23d28b28c sp=0x0000000805ffead0
Event: 170.206 Thread 0x000001c299d8d930 DEOPT UNPACKING pc=0x000001c23c89e462 sp=0x0000000805ffde88 mode 1
Event: 170.206 Thread 0x000001c299d8d930 DEOPT PACKING pc=0x000001c23cf71bf8 sp=0x0000000805ffeb80
Event: 170.206 Thread 0x000001c299d8d930 DEOPT UNPACKING pc=0x000001c23c89e462 sp=0x0000000805ffe048 mode 1
Event: 170.206 Thread 0x000001c299d8d930 DEOPT PACKING pc=0x000001c23d1c4428 sp=0x0000000805ffec60
Event: 170.206 Thread 0x000001c299d8d930 DEOPT UNPACKING pc=0x000001c23c89e462 sp=0x0000000805ffdf38 mode 1

Classes loaded (20 events):
Event: 13.352 Loading class java/util/concurrent/CompletionStage done
Event: 13.352 Loading class java/util/concurrent/CompletableFuture done
Event: 13.364 Loading class java/util/concurrent/CompletableFuture$AltResult
Event: 13.364 Loading class java/util/concurrent/CompletableFuture$AltResult done
Event: 13.364 Loading class java/util/concurrent/CompletableFuture$Completion
Event: 13.364 Loading class java/util/concurrent/CompletableFuture$AsynchronousCompletionTask
Event: 13.364 Loading class java/util/concurrent/CompletableFuture$AsynchronousCompletionTask done
Event: 13.364 Loading class java/util/concurrent/CompletableFuture$Completion done
Event: 13.498 Loading class java/lang/ObjectCustomizer
Event: 13.498 Loading class java/lang/ObjectCustomizer done
Event: 13.498 Loading class java/lang/ObjectCustomizer
Event: 13.498 Loading class java/lang/ObjectCustomizer done
Event: 13.588 Loading class java/lang/Package$1PackageInfoProxy
Event: 13.588 Loading class java/lang/Package$1PackageInfoProxy done
Event: 13.699 Loading class java/util/regex/Pattern$Bound
Event: 13.699 Loading class java/util/regex/Pattern$Bound done
Event: 13.701 Loading class java/util/regex/Pattern$Behind
Event: 13.701 Loading class java/util/regex/Pattern$Behind done
Event: 13.729 Loading class java/lang/invoke/WrongMethodTypeException
Event: 13.729 Loading class java/lang/invoke/WrongMethodTypeException done

Classes unloaded (0 events):
No events

Classes redefined (0 events):
No events

Internal exceptions (20 events):
Event: 170.199 Thread 0x000001c299d8d930 Exception <a 'java/net/ConnectException'{0x0000000605ff5618}: Connection refused: connect> (0x0000000605ff5618) 
thrown [s\open\src\hotspot\share\prims\jni.cpp, line 538]
Event: 170.199 Thread 0x000001c299d8d930 Exception <a 'java/net/ConnectException'{0x0000000605ff5ea8}: Connection refused: connect> (0x0000000605ff5ea8) 
thrown [s\open\src\hotspot\share\prims\jni.cpp, line 538]
Event: 170.200 Thread 0x000001c299d8d930 Exception <a 'java/net/ConnectException'{0x0000000605ff6738}: Connection refused: connect> (0x0000000605ff6738) 
thrown [s\open\src\hotspot\share\prims\jni.cpp, line 538]
Event: 170.200 Thread 0x000001c299d8d930 Exception <a 'java/net/ConnectException'{0x0000000605ff6fc8}: Connection refused: connect> (0x0000000605ff6fc8) 
thrown [s\open\src\hotspot\share\prims\jni.cpp, line 538]
Event: 170.200 Thread 0x000001c299d8d930 Exception <a 'java/net/ConnectException'{0x0000000605ff7858}: Connection refused: connect> (0x0000000605ff7858) 
thrown [s\open\src\hotspot\share\prims\jni.cpp, line 538]
Event: 170.201 Thread 0x000001c299d8d930 Exception <a 'java/net/ConnectException'{0x0000000605ff80e8}: Connection refused: connect> (0x0000000605ff80e8) 
thrown [s\open\src\hotspot\share\prims\jni.cpp, line 538]
Event: 170.201 Thread 0x000001c299d8d930 Exception <a 'java/net/ConnectException'{0x0000000605ff8978}: Connection refused: connect> (0x0000000605ff8978) 
thrown [s\open\src\hotspot\share\prims\jni.cpp, line 538]
Event: 170.201 Thread 0x000001c299d8d930 Exception <a 'java/net/ConnectException'{0x0000000605ff9208}: Connection refused: connect> (0x0000000605ff9208) 
thrown [s\open\src\hotspot\share\prims\jni.cpp, line 538]
Event: 170.202 Thread 0x000001c299d8d930 Exception <a 'java/net/ConnectException'{0x0000000605ff9a98}: Connection refused: connect> (0x0000000605ff9a98) 
thrown [s\open\src\hotspot\share\prims\jni.cpp, line 538]
Event: 170.202 Thread 0x000001c299d8d930 Exception <a 'java/net/ConnectException'{0x0000000605ffa328}: Connection refused: connect> (0x0000000605ffa328) 
thrown [s\open\src\hotspot\share\prims\jni.cpp, line 538]
Event: 170.202 Thread 0x000001c299d8d930 Exception <a 'java/net/ConnectException'{0x0000000605ffabb8}: Connection refused: connect> (0x0000000605ffabb8) 
thrown [s\open\src\hotspot\share\prims\jni.cpp, line 538]
Event: 170.203 Thread 0x000001c299d8d930 Exception <a 'java/net/ConnectException'{0x0000000605ffb448}: Connection refused: connect> (0x0000000605ffb448) 
thrown [s\open\src\hotspot\share\prims\jni.cpp, line 538]
Event: 170.203 Thread 0x000001c299d8d930 Exception <a 'java/net/ConnectException'{0x0000000605ffbcd8}: Connection refused: connect> (0x0000000605ffbcd8) 
thrown [s\open\src\hotspot\share\prims\jni.cpp, line 538]
Event: 170.203 Thread 0x000001c299d8d930 Exception <a 'java/net/ConnectException'{0x0000000605ffc568}: Connection refused: connect> (0x0000000605ffc568) 
thrown [s\open\src\hotspot\share\prims\jni.cpp, line 538]
Event: 170.204 Thread 0x000001c299d8d930 Exception <a 'java/net/ConnectException'{0x0000000605ffcdf8}: Connection refused: connect> (0x0000000605ffcdf8) 
thrown [s\open\src\hotspot\share\prims\jni.cpp, line 538]
Event: 170.204 Thread 0x000001c299d8d930 Exception <a 'java/net/ConnectException'{0x0000000605ffd688}: Connection refused: connect> (0x0000000605ffd688) 
thrown [s\open\src\hotspot\share\prims\jni.cpp, line 538]
Event: 170.205 Thread 0x000001c299d8d930 Exception <a 'java/net/ConnectException'{0x0000000605ffdf18}: Connection refused: connect> (0x0000000605ffdf18) 
thrown [s\open\src\hotspot\share\prims\jni.cpp, line 538]
Event: 170.205 Thread 0x000001c299d8d930 Exception <a 'java/net/ConnectException'{0x0000000605ffe7a8}: Connection refused: connect> (0x0000000605ffe7a8) 
thrown [s\open\src\hotspot\share\prims\jni.cpp, line 538]
Event: 170.205 Thread 0x000001c299d8d930 Exception <a 'java/net/ConnectException'{0x0000000605fff038}: Connection refused: connect> (0x0000000605fff038) 
thrown [s\open\src\hotspot\share\prims\jni.cpp, line 538]
Event: 170.206 Thread 0x000001c299d8d930 Exception <a 'java/net/ConnectException'{0x0000000605fff8c8}: Connection refused: connect> (0x0000000605fff8c8) 
thrown [s\open\src\hotspot\share\prims\jni.cpp, line 538]

VM Operations (20 events):
Event: 94.116 Executing VM operation: GetObjectMonitorUsage done
Event: 96.424 Executing VM operation: G1CollectForAllocation
Event: 96.428 Executing VM operation: G1CollectForAllocation done
Event: 108.723 Executing VM operation: G1CollectForAllocation
Event: 108.728 Executing VM operation: G1CollectForAllocation done
Event: 119.824 Executing VM operation: Cleanup
Event: 119.824 Executing VM operation: Cleanup done
Event: 120.749 Executing VM operation: G1CollectForAllocation
Event: 120.753 Executing VM operation: G1CollectForAllocation done
Event: 132.835 Executing VM operation: G1CollectForAllocation
Event: 132.840 Executing VM operation: G1CollectForAllocation done
Event: 144.836 Executing VM operation: G1CollectForAllocation
Event: 144.840 Executing VM operation: G1CollectForAllocation done
Event: 156.940 Executing VM operation: G1CollectForAllocation
Event: 156.945 Executing VM operation: G1CollectForAllocation done
Event: 167.746 Executing VM operation: ChangeSingleStep
Event: 167.747 Executing VM operation: ChangeSingleStep done
Event: 167.748 Executing VM operation: ChangeSingleStep
Event: 167.748 Executing VM operation: ChangeSingleStep done
Event: 170.206 Executing VM operation: G1CollectForAllocation

Events (20 events):
Event: 13.940 Thread 0x000001c24f704640 flushing nmethod 0x000001c23cec0c90
Event: 13.940 Thread 0x000001c24f704640 flushing nmethod 0x000001c23ceb1f90
Event: 13.940 Thread 0x000001c24f704640 flushing nmethod 0x000001c23cebf590
Event: 13.940 Thread 0x000001c24f704640 flushing nmethod 0x000001c23cf33510
Event: 13.940 Thread 0x000001c24f704640 flushing nmethod 0x000001c23cf24290
Event: 13.940 Thread 0x000001c24f704640 flushing nmethod 0x000001c23cf1eb90
Event: 13.940 Thread 0x000001c24f704640 flushing nmethod 0x000001c23ceec410
Event: 13.940 Thread 0x000001c24f704640 flushing nmethod 0x000001c23ce63b90
Event: 13.940 Thread 0x000001c24f704640 flushing nmethod 0x000001c23ced7690
Event: 13.940 Thread 0x000001c24f704640 flushing nmethod 0x000001c23ced1410
Event: 13.940 Thread 0x000001c24f704640 flushing nmethod 0x000001c23cdf8c90
Event: 13.940 Thread 0x000001c24f704640 flushing nmethod 0x000001c23ce49090
Event: 13.940 Thread 0x000001c24f704640 flushing nmethod 0x000001c23ce55810
Event: 13.940 Thread 0x000001c24f704640 flushing nmethod 0x000001c23ce1f290
Event: 13.940 Thread 0x000001c24f704640 flushing nmethod 0x000001c23cdff790
Event: 13.940 Thread 0x000001c24f704640 flushing nmethod 0x000001c23cde8a90
Event: 13.940 Thread 0x000001c24f704640 flushing nmethod 0x000001c23cdddb10
Event: 14.359 Thread 0x000001c29f5aef20 Thread exited: 0x000001c29f5aef20
Event: 14.359 Thread 0x000001c29f5b0560 Thread exited: 0x000001c29f5b0560
Event: 15.647 Thread 0x000001c29b5a7890 Thread exited: 0x000001c29b5a7890


Dynamic libraries:
0x00007ff7e3fd0000 - 0x00007ff7e3fe0000 	C:\Users\Daniel\OneDrive - UNIVERSIDAD DE SEVILLA\Documentos\Escritorio\SandBox\Repos\Workspace-24\Tools\Infrastructure\jdk-20.0.2\bin\javaw.exe
0x00007ffe61190000 - 0x00007ffe613a6000 	C:\WINDOWS\SYSTEM32\ntdll.dll
0x00007ffe603e0000 - 0x00007ffe604a4000 	C:\WINDOWS\System32\KERNEL32.DLL
0x00007ffe5e560000 - 0x00007ffe5e907000 	C:\WINDOWS\System32\KERNELBASE.dll
0x00007ffe5eb90000 - 0x00007ffe5eca1000 	C:\WINDOWS\System32\ucrtbase.dll
0x00007ffe587c0000 - 0x00007ffe587d9000 	C:\Users\Daniel\OneDrive - UNIVERSIDAD DE SEVILLA\Documentos\Escritorio\SandBox\Repos\Workspace-24\Tools\Infrastructure\jdk-20.0.2\bin\jli.dll
0x00007ffe60660000 - 0x00007ffe60712000 	C:\WINDOWS\System32\ADVAPI32.dll
0x00007ffe42c80000 - 0x00007ffe42c9b000 	C:\Users\Daniel\OneDrive - UNIVERSIDAD DE SEVILLA\Documentos\Escritorio\SandBox\Repos\Workspace-24\Tools\Infrastructure\jdk-20.0.2\bin\VCRUNTIME140.dll
0x00007ffe60bf0000 - 0x00007ffe60c97000 	C:\WINDOWS\System32\msvcrt.dll
0x00007ffe5f270000 - 0x00007ffe5f318000 	C:\WINDOWS\System32\sechost.dll
0x00007ffe5e530000 - 0x00007ffe5e558000 	C:\WINDOWS\System32\bcrypt.dll
0x00007ffe60ca0000 - 0x00007ffe60db5000 	C:\WINDOWS\System32\RPCRT4.dll
0x00007ffe604b0000 - 0x00007ffe6065e000 	C:\WINDOWS\System32\USER32.dll
0x00007ffe5ea40000 - 0x00007ffe5ea66000 	C:\WINDOWS\System32\win32u.dll
0x00007ffe60a30000 - 0x00007ffe60a59000 	C:\WINDOWS\System32\GDI32.dll
0x00007ffe5ea70000 - 0x00007ffe5eb89000 	C:\WINDOWS\System32\gdi32full.dll
0x00007ffe5ecb0000 - 0x00007ffe5ed4a000 	C:\WINDOWS\System32\msvcp_win.dll
0x00007ffe41530000 - 0x00007ffe417c3000 	C:\WINDOWS\WinSxS\amd64_microsoft.windows.common-controls_6595b64144ccf1df_6.0.22621.3235_none_270f74e173860f98\COMCTL32.dll
0x00007ffe56590000 - 0x00007ffe5659a000 	C:\WINDOWS\SYSTEM32\VERSION.dll
0x00007ffe5fec0000 - 0x00007ffe5fef1000 	C:\WINDOWS\System32\IMM32.DLL
0x00007ffe58bc0000 - 0x00007ffe58bcc000 	C:\Users\Daniel\OneDrive - UNIVERSIDAD DE SEVILLA\Documentos\Escritorio\SandBox\Repos\Workspace-24\Tools\Infrastructure\jdk-20.0.2\bin\vcruntime140_1.dll
0x00007ffe188e0000 - 0x00007ffe1896e000 	C:\Users\Daniel\OneDrive - UNIVERSIDAD DE SEVILLA\Documentos\Escritorio\SandBox\Repos\Workspace-24\Tools\Infrastructure\jdk-20.0.2\bin\msvcp140.dll
0x00007ffda6930000 - 0x00007ffda75c8000 	C:\Users\Daniel\OneDrive - UNIVERSIDAD DE SEVILLA\Documentos\Escritorio\SandBox\Repos\Workspace-24\Tools\Infrastructure\jdk-20.0.2\bin\server\jvm.dll
0x00007ffe520a0000 - 0x00007ffe520a9000 	C:\WINDOWS\SYSTEM32\WSOCK32.dll
0x00007ffe5eec0000 - 0x00007ffe5ef31000 	C:\WINDOWS\System32\WS2_32.dll
0x00007ffe54d50000 - 0x00007ffe54d84000 	C:\WINDOWS\SYSTEM32\WINMM.dll
0x00007ffe5d5b0000 - 0x00007ffe5d5c8000 	C:\WINDOWS\SYSTEM32\kernel.appcore.dll
0x00007ffe58850000 - 0x00007ffe5885a000 	C:\Users\Daniel\OneDrive - UNIVERSIDAD DE SEVILLA\Documentos\Escritorio\SandBox\Repos\Workspace-24\Tools\Infrastructure\jdk-20.0.2\bin\jimage.dll
0x00007ffe5bcb0000 - 0x00007ffe5bee3000 	C:\WINDOWS\SYSTEM32\DBGHELP.DLL
0x00007ffe60dc0000 - 0x00007ffe61148000 	C:\WINDOWS\System32\combase.dll
0x00007ffe5efa0000 - 0x00007ffe5f077000 	C:\WINDOWS\System32\OLEAUT32.dll
0x00007ffe1a960000 - 0x00007ffe1a992000 	C:\WINDOWS\SYSTEM32\dbgcore.DLL
0x00007ffe5e4b0000 - 0x00007ffe5e529000 	C:\WINDOWS\System32\bcryptPrimitives.dll
0x00007ffe3b750000 - 0x00007ffe3b78c000 	C:\Users\Daniel\OneDrive - UNIVERSIDAD DE SEVILLA\Documentos\Escritorio\SandBox\Repos\Workspace-24\Tools\Infrastructure\jdk-20.0.2\bin\jdwp.dll
0x00007ffe42c60000 - 0x00007ffe42c6e000 	C:\Users\Daniel\OneDrive - UNIVERSIDAD DE SEVILLA\Documentos\Escritorio\SandBox\Repos\Workspace-24\Tools\Infrastructure\jdk-20.0.2\bin\instrument.dll
0x00007ffe3b4c0000 - 0x00007ffe3b4e6000 	C:\Users\Daniel\OneDrive - UNIVERSIDAD DE SEVILLA\Documentos\Escritorio\SandBox\Repos\Workspace-24\Tools\Infrastructure\jdk-20.0.2\bin\java.dll
0x00007ffe05160000 - 0x00007ffe05237000 	C:\Users\Daniel\OneDrive - UNIVERSIDAD DE SEVILLA\Documentos\Escritorio\SandBox\Repos\Workspace-24\Tools\Infrastructure\jdk-20.0.2\bin\jsvml.dll
0x00007ffe5f4f0000 - 0x00007ffe5fd4c000 	C:\WINDOWS\System32\SHELL32.dll
0x00007ffe5c3f0000 - 0x00007ffe5cce9000 	C:\WINDOWS\SYSTEM32\windows.storage.dll
0x00007ffe5c2b0000 - 0x00007ffe5c3ee000 	C:\WINDOWS\SYSTEM32\wintypes.dll
0x00007ffe5f0f0000 - 0x00007ffe5f1e3000 	C:\WINDOWS\System32\SHCORE.dll
0x00007ffe60380000 - 0x00007ffe603de000 	C:\WINDOWS\System32\shlwapi.dll
0x00007ffe5e3e0000 - 0x00007ffe5e401000 	C:\WINDOWS\SYSTEM32\profapi.dll
0x00007ffe42c50000 - 0x00007ffe42c5c000 	C:\Users\Daniel\OneDrive - UNIVERSIDAD DE SEVILLA\Documentos\Escritorio\SandBox\Repos\Workspace-24\Tools\Infrastructure\jdk-20.0.2\bin\dt_socket.dll
0x00007ffe5d000000 - 0x00007ffe5d02d000 	C:\WINDOWS\SYSTEM32\IPHLPAPI.DLL
0x00007ffe5da10000 - 0x00007ffe5da79000 	C:\WINDOWS\system32\mswsock.dll
0x00007ffe5d030000 - 0x00007ffe5d129000 	C:\WINDOWS\SYSTEM32\DNSAPI.dll
0x00007ffe5fe00000 - 0x00007ffe5fe09000 	C:\WINDOWS\System32\NSI.dll
0x00007ffe547a0000 - 0x00007ffe547aa000 	C:\Windows\System32\rasadhlp.dll
0x00007ffe55cb0000 - 0x00007ffe55d33000 	C:\WINDOWS\System32\fwpuclnt.dll
0x00007ffe3c770000 - 0x00007ffe3c788000 	C:\Users\Daniel\OneDrive - UNIVERSIDAD DE SEVILLA\Documentos\Escritorio\SandBox\Repos\Workspace-24\Tools\Infrastructure\jdk-20.0.2\bin\zip.dll
0x00007ffe3c570000 - 0x00007ffe3c583000 	C:\Users\Daniel\OneDrive - UNIVERSIDAD DE SEVILLA\Documentos\Escritorio\SandBox\Repos\Workspace-24\Tools\Infrastructure\jdk-20.0.2\bin\net.dll
0x00007ffe57ce0000 - 0x00007ffe57e16000 	C:\WINDOWS\SYSTEM32\WINHTTP.dll
0x00007ffe3b730000 - 0x00007ffe3b746000 	C:\Users\Daniel\OneDrive - UNIVERSIDAD DE SEVILLA\Documentos\Escritorio\SandBox\Repos\Workspace-24\Tools\Infrastructure\jdk-20.0.2\bin\nio.dll
0x00007ffe42aa0000 - 0x00007ffe42ab0000 	C:\Users\Daniel\OneDrive - UNIVERSIDAD DE SEVILLA\Documentos\Escritorio\SandBox\Repos\Workspace-24\Tools\Infrastructure\jdk-20.0.2\bin\verify.dll
0x00007ffe42a50000 - 0x00007ffe42a5a000 	C:\Users\Daniel\OneDrive - UNIVERSIDAD DE SEVILLA\Documentos\Escritorio\SandBox\Repos\Workspace-24\Tools\Infrastructure\jdk-20.0.2\bin\management.dll
0x00007ffe3c820000 - 0x00007ffe3c82b000 	C:\Users\Daniel\OneDrive - UNIVERSIDAD DE SEVILLA\Documentos\Escritorio\SandBox\Repos\Workspace-24\Tools\Infrastructure\jdk-20.0.2\bin\management_ext.dll
0x00007ffe5fd80000 - 0x00007ffe5fd88000 	C:\WINDOWS\System32\PSAPI.DLL
0x00007ffddb820000 - 0x00007ffddb837000 	C:\WINDOWS\system32\napinsp.dll
0x00007ffdb53a0000 - 0x00007ffdb53bb000 	C:\WINDOWS\system32\pnrpnsp.dll
0x00007ffdb5380000 - 0x00007ffdb5391000 	C:\WINDOWS\System32\winrnr.dll
0x00007ffe3f4a0000 - 0x00007ffe3f4b5000 	C:\WINDOWS\system32\wshbth.dll
0x00007ffe1af80000 - 0x00007ffe1afa1000 	C:\WINDOWS\system32\nlansp_c.dll
0x00007ffe3c220000 - 0x00007ffe3c227000 	C:\Users\Daniel\OneDrive - UNIVERSIDAD DE SEVILLA\Documentos\Escritorio\SandBox\Repos\Workspace-24\Tools\Infrastructure\jdk-20.0.2\bin\extnet.dll
0x00007ffe5dd60000 - 0x00007ffe5dd7b000 	C:\WINDOWS\SYSTEM32\CRYPTSP.dll
0x00007ffe5d510000 - 0x00007ffe5d545000 	C:\WINDOWS\system32\rsaenh.dll
0x00007ffe5dab0000 - 0x00007ffe5dad8000 	C:\WINDOWS\SYSTEM32\USERENV.dll
0x00007ffe5dd40000 - 0x00007ffe5dd4c000 	C:\WINDOWS\SYSTEM32\CRYPTBASE.dll
0x00007ffe57a10000 - 0x00007ffe57a29000 	C:\WINDOWS\SYSTEM32\dhcpcsvc6.DLL
0x00007ffe57970000 - 0x00007ffe5798f000 	C:\WINDOWS\SYSTEM32\dhcpcsvc.DLL
0x00007ffe3b6b0000 - 0x00007ffe3b6be000 	C:\Users\Daniel\OneDrive - UNIVERSIDAD DE SEVILLA\Documentos\Escritorio\SandBox\Repos\Workspace-24\Tools\Infrastructure\jdk-20.0.2\bin\sunmscapi.dll
0x00007ffe5ed50000 - 0x00007ffe5eeb6000 	C:\WINDOWS\System32\CRYPT32.dll
0x00007ffe5de70000 - 0x00007ffe5de9e000 	C:\WINDOWS\SYSTEM32\ncrypt.dll
0x00007ffe5de30000 - 0x00007ffe5de67000 	C:\WINDOWS\SYSTEM32\NTASN1.dll

dbghelp: loaded successfully - version: 4.0.5 - missing functions: none
symbol engine: initialized successfully - sym options: 0x614 - pdb path: .;C:\Users\Daniel\OneDrive - UNIVERSIDAD DE SEVILLA\Documentos\Escritorio\SandBox\Repos\Workspace-24\Tools\Infrastructure\jdk-20.0.2\bin;C:\WINDOWS\SYSTEM32;C:\WINDOWS\WinSxS\amd64_microsoft.windows.common-controls_6595b64144ccf1df_6.0.22621.3235_none_270f74e173860f98;C:\Users\Daniel\OneDrive - UNIVERSIDAD DE SEVILLA\Documentos\Escritorio\SandBox\Repos\Workspace-24\Tools\Infrastructure\jdk-20.0.2\bin\server

VM Arguments:
jvm_args: -XX:+ShowCodeDetailsInExceptionMessages -agentlib:jdwp=transport=dt_socket,suspend=y,address=localhost:51961 -ea -ea -javaagent:C:\Users\Daniel\OneDrive - UNIVERSIDAD DE SEVILLA\Documentos\Escritorio\SandBox\Repos\Workspace-24\Tools\IDEs\eclipse-jee-2023-12R\configuration\org.eclipse.osgi\434\0\.cp\lib\javaagent-shaded.jar -Dfile.encoding=utf-8 -Dstdout.encoding=utf-8 -Dstderr.encoding=utf-8 
java_command: acme.Launcher --platform development --launcher runner
java_class_path (initial): C:\Users\Daniel\OneDrive - UNIVERSIDAD DE SEVILLA\Documentos\Escritorio\SandBox\Repos\Workspace-24\Projects\Acme-SF-D03\target\test-classes;C:\Users\Daniel\OneDrive - UNIVERSIDAD DE SEVILLA\Documentos\Escritorio\SandBox\Repos\Workspace-24\Projects\Acme-SF-D03\target\classes;C:\Users\Daniel\OneDrive - UNIVERSIDAD DE SEVILLA\Documentos\Escritorio\SandBox\Repos\Workspace-24\Frameworks\Acme-Framework-24.1.0\target\classes;C:\Users\Daniel\OneDrive - UNIVERSIDAD DE SEVILLA\Documentos\Escritorio\SandBox\Repos\Workspace-24\Frameworks\Acme-Framework-24.1.0\target\test-classes;C:\Users\Daniel\.m2\repository\org\springframework\boot\spring-boot-starter-tomcat\2.7.15\spring-boot-starter-tomcat-2.7.15.jar;C:\Users\Daniel\.m2\repository\jakarta\annotation\jakarta.annotation-api\1.3.5\jakarta.annotation-api-1.3.5.jar;C:\Users\Daniel\.m2\repository\org\apache\tomcat\embed\tomcat-embed-core\9.0.79\tomcat-embed-core-9.0.79.jar;C:\Users\Daniel\.m2\repository\org\apache\tomcat\embed\tomcat-embed-el\9.0.79\tomcat-embed-el-9.0.79.jar;C:\Users\Daniel\.m2\repository\org\apache\tomcat\embed\tomcat-embed-websocket\9.0.79\tomcat-embed-websocket-9.0.79.jar;C:\Users\Daniel\.m2\repository\org\apache\tomcat\embed\tomcat-embed-jasper\9.0.79\tomcat-embed-jasper-9.0.79.jar;C:\Users\Daniel\.m2\repository\org\eclipse\jdt\ecj\3.26.0\ecj-3.26.0.jar;C:\Users\Daniel\.m2\repository\javax\servlet\jstl\1.2\jstl-1.2.jar;C:\Users\Daniel\.m2\repository\org\springframework\boot\spring-boot-starter-security\2.7.15\spring-boot-starter-security-2.7.15.jar;C:\Users\Daniel\.m2\repository\org\springframework\boot\spring-boot-starter\2.7.15\spring-boot-starter-2.7.15.jar;C:\Users\Daniel\.m2\repository\org\springframework\boot\spring-boot\2.7.15\spring-boot-2.7.15.jar;C:\Users\Daniel\.m2\repository\org\springframework\boot\spring-boot-autoconfigure\2.7.15\spring-boot-autoconfigure-2.7.15.jar;C:\Users\Daniel\.m2\repository\org\springframework\boot\spring-boot-starter-logging\2.7.15\spring-boot-starter-logging-2.7.15.jar;C:\Users\Daniel\.m2\repository\ch\qos\logback\logback-classic\1.2.12\logback-classic-1.2.12.jar;C:\Users\Daniel\.m2\repository\org\apache\logging\log4j\log4j-to-slf4j\2.17.2\log4j-to-slf4j-2.17.2.jar;C:\Users\Daniel\.m2\repository\org\apache\logging\log4j\log4j-api\2.17.2\log4j-api-2.17.2.jar;C:\Users\Daniel\.m2\repository\org\slf4j\jul-to-slf4j\1.7.36\jul-to-slf4j-1.7.36.jar;C:\Users\Daniel\.m2\repository\org\yaml\snakeyaml\1.30\snakeyaml-1.30.jar;C:\Users\Daniel\.m2\repository\org\springframework\spring-aop\5.3.29\spring-aop-5.3.29.jar;C:\Users\Daniel\.m2\repository\org\springframework\security\spring-security-web\5.7.10\spring-security-web-5.7.10.jar;C:\Users\Daniel\.m2\repository\org\springframework\security\spring-security-core\5.7.10\spring-security-core-5.7.10.jar;C:\Users\Daniel\.m2\repository\org\springframework\security\spring-security-crypto\5.7.10\spring-security-crypto-5.7.10.jar;C:\Users\Daniel\.m2\repository\org\springframework\spring-core\5.3.29\spring-core-5.3.29.jar;C:\Users\Daniel\.m2\repository\org\springframework\spring-jcl\5.3.29\spring-jcl-5.3.29.jar;C:\Users\Daniel\.m2\repository\org\springframework\spring-beans\5.3.29\spring-beans-5.3.29.jar;C:\Users\Daniel\.m2\repository\org\springframework\spring-context\5.3.29\spring-context-5.3.29.jar;C:\Users\Daniel\.m2\repository\org\springframework\spring-expression\5.3.29\spring-expression-5.3.29.jar;C:\Users\Daniel\.m2\repository\org\springframework\spring-web\5.3.29\spring-web-5.3.29.jar;C:\Users\Daniel\.m2\repository\org\springframework\security\spring-security-config\5.7.10\spring-security-config-5.7.10.jar;C:\Users\Daniel\.m2\repository\org\springframework\security\spring-security-taglibs\5.7.10\spring-security-taglibs-5.7.10.jar;C:\Users\Daniel\.m2\repository\org\springframework\security\spring-security-acl\5.7.10\spring-security-acl-5.7.10.jar;C:\Users\Daniel\.m2\repository\org\springframework\spring-jdbc\5.3.29\spring-jdbc-5.3.29.jar;C:\Users\Daniel\.m2\repository\org\springframework\spring-tx\5.3.29\spring-tx-5.3.29.jar;C:\Users\Daniel\.m2\repository\org\springframework\boot\spring-boot-starter-web\2.7.15\spring-boot-starter-web-2.7.15.jar;C:\Users\Daniel\.m2\repository\org\springframework\boot\spring-boot-starter-json\2.7.15\spring-boot-starter-json-2.7.15.jar;C:\Users\Daniel\.m2\repository\com\fasterxml\jackson\datatype\jackson-datatype-jdk8\2.13.5\jackson-datatype-jdk8-2.13.5.jar;C:\Users\Daniel\.m2\repository\com\fasterxml\jackson\datatype\jackson-datatype-jsr310\2.13.5\jackson-datatype-jsr310-2.13.5.jar;C:\Users\Daniel\.m2\repository\com\fasterxml\jackson\module\jackson-module-parameter-names\2.13.5\jackson-module-parameter-names-2.13.5.jar;C:\Users\Daniel\.m2\repository\org\springframework\spring-webmvc\5.3.29\spring-webmvc-5.3.29.jar;C:\Users\Daniel\.m2\repository\org\apache\tiles\tiles-jsp\3.0.8\tiles-jsp-3.0.8.jar;C:\Users\Daniel\.m2\repository\org\apache\tiles\tiles-servlet\3.0.8\tiles-servlet-3.0.8.jar;C:\Users\Daniel\.m2\repository\org\apache\tiles\tiles-core\3.0.8\tiles-core-3.0.8.jar;C:\Users\Daniel\.m2\repository\commons-digester\commons-digester\2.0\commons-digester-2.0.jar;C:\Users\Daniel\.m2\repository\org\apache\tiles\tiles-request-servlet\1.0.7\tiles-request-servlet-1.0.7.jar;C:\Users\Daniel\.m2\repository\org\apache\tiles\tiles-template\3.0.8\tiles-template-3.0.8.jar;C:\Users\Daniel\.m2\repository\org\apache\tiles\tiles-api\3.0.8\tiles-api-3.0.8.jar;C:\Users\Daniel\.m2\repository\org\apache\tiles\tiles-autotag-core-runtime\1.2\tiles-autotag-core-runtime-1.2.jar;C:\Users\Daniel\.m2\repository\org\slf4j\slf4j-api\1.7.36\slf4j-api-1.7.36.jar;C:\Users\Daniel\.m2\repository\org\apache\tiles\tiles-request-jsp\1.0.7\tiles-request-jsp-1.0.7.jar;C:\Users\Daniel\.m2\repository\org\apache\tiles\tiles-request-api\1.0.7\tiles-request-api-1.0.7.jar;C:\Users\Daniel\.m2\repository\org\springframework\boot\spring-boot-starter-data-jpa\2.7.15\spring-boot-starter-data-jpa-2.7.15.jar;C:\Users\Daniel\.m2\repository\org\springframework\boot\spring-boot-starter-aop\2.7.15\spring-boot-starter-aop-2.7.15.jar;C:\Users\Daniel\.m2\repository\org\aspectj\aspectjweaver\1.9.7\aspectjweaver-1.9.7.jar;C:\Users\Daniel\.m2\repository\org\springframework\boot\spring-boot-starter-jdbc\2.7.15\spring-boot-starter-jdbc-2.7.15.jar;C:\Users\Daniel\.m2\repository\jakarta\transaction\jakarta.transaction-api\1.3.3\jakarta.transaction-api-1.3.3.jar;C:\Users\Daniel\.m2\repository\jakarta\persistence\jakarta.persistence-api\2.2.3\jakarta.persistence-api-2.2.3.jar;C:\Users\Daniel\.m2\repository\org\springframework\data\spring-data-jpa\2.7.15\spring-data-jpa-2.7.15.jar;C:\Users\Daniel\.m2\repository\org\springframework\data\spring-data-commons\2.7.15\spring-data-commons-2.7.15.jar;C:\Users\Daniel\.m2\repository\org\springframework\spring-orm\5.3.29\spring-orm-5.3.29.jar;C:\Users\Daniel\.m2\repository\org\springframework\spring-aspects\5.3.29\spring-aspects-5.3.29.jar;C:\Users\Daniel\.m2\repository\org\hibernate\hibernate-core\5.4.29.Final\hibernate-core-5.4.29.Final.jar;C:\Users\Daniel\.m2\repository\org\jboss\logging\jboss-logging\3.4.3.Final\jboss-logging-3.4.3.Final.jar;C:\Users\Daniel\.m2\repository\javax\persistence\javax.persistence-api\2.2\javax.persistence-api-2.2.jar;C:\Users\Daniel\.m2\repository\org\javassist\javassist\3.27.0-GA\javassist-3.27.0-GA.jar;C:\Users\Daniel\.m2\repository\net\bytebuddy\byte-buddy\1.12.23\byte-buddy-1.12.23.jar;C:\Users\Daniel\.m2\repository\antlr\antlr\2.7.7\antlr-2.7.7.jar;C:\Users\Daniel\.m2\repository\org\jboss\spec\javax\transaction\jboss-transaction-api_1.2_spec\1.1.1.Final\jboss-transaction-api_1.2_spec-1.1.1.Final.jar;C:\Users\Daniel\.m2\repository\org\jboss\jandex\2.2.3.Final\jandex-2.2.3.Final.jar;C:\Users\Daniel\.m2\repository\com\fasterxml\classmate\1.5.1\classmate-1.5.1.jar;C:\Users\Daniel\.m2\repository\javax\activation\javax.activation-api\1.2.0\javax.activation-api-1.2.0.jar;C:\Users\Daniel\.m2\repository\org\dom4j\dom4j\2.1.3\dom4j-2.1.3.jar;C:\Users\Daniel\.m2\repository\org\hibernate\common\hibernate-commons-annotations\5.1.2.Final\hibernate-commons-annotations-5.1.2.Final.jar;C:\Users\Daniel\.m2\repository\javax\xml\bind\jaxb-api\2.3.1\jaxb-api-2.3.1.jar;C:\Users\Daniel\.m2\repository\org\glassfish\jaxb\jaxb-runtime\2.3.8\jaxb-runtime-2.3.8.jar;C:\Users\Daniel\.m2\repository\org\glassfish\jaxb\txw2\2.3.8\txw2-2.3.8.jar;C:\Users\Daniel\.m2\repository\com\sun\istack\istack-commons-runtime\3.0.12\istack-commons-runtime-3.0.12.jar;C:\Users\Daniel\.m2\repository\com\sun\activation\jakarta.activation\1.2.2\jakarta.activation-1.2.2.jar;C:\Users\Daniel\.m2\repository\org\springframework\boot\spring-boot-starter-validation\2.7.15\spring-boot-starter-validation-2.7.15.jar;C:\Users\Daniel\.m2\repository\org\hibernate\validator\hibernate-validator\6.2.5.Final\hibernate-validator-6.2.5.Final.jar;C:\Users\Daniel\.m2\repository\jakarta\validation\jakarta.validation-api\2.0.2\jakarta.validation-api-2.0.2.jar;C:\Users\Daniel\.m2\repository\org\mariadb\jdbc\mariadb-java-client\3.1.4\mariadb-java-client-3.1.4.jar;C:\Users\Daniel\.m2\repository\com\github\waffle\waffle-jna\3.2.0\waffle-jna-3.2.0.jar;C:\Users\Daniel\.m2\repository\net\java\dev\jna\jna\5.12.1\jna-5.12.1.jar;C:\Users\Daniel\.m2\repository\net\java\dev\jna\jna-platform\5.12.1\jna-platform-5.12.1.jar;C:\Users\Daniel\.m2\repository\org\slf4j\jcl-over-slf4j\1.7.36\jcl-over-slf4j-1.7.36.jar;C:\Users\Daniel\.m2\repository\com\github\ben-manes\caffeine\caffeine\2.9.3\caffeine-2.9.3.jar;C:\Users\Daniel\.m2\repository\com\google\errorprone\error_prone_annotations\2.10.0\error_prone_annotations-2.10.0.jar;C:\Users\Daniel\.m2\repository\org\checkerframework\checker-qual\3.23.0\checker-qual-3.23.0.jar;C:\Users\Daniel\.m2\repository\com\zaxxer\HikariCP\4.0.3\HikariCP-4.0.3.jar;C:\Users\Daniel\.m2\repository\org\springframework\boot\spring-boot-starter-test\2.7.15\spring-boot-starter-test-2.7.15.jar;C:\Users\Daniel\.m2\repository\org\springframework\boot\spring-boot-test\2.7.15\spring-boot-test-2.7.15.jar;C:\Users\Daniel\.m2\repository\org\springframework\boot\spring-boot-test-autoconfigure\2.7.15\spring-boot-test-autoconfigure-2.7.15.jar;C:\Users\Daniel\.m2\repository\com\jayway\jsonpath\json-path\2.7.0\json-path-2.7.0.jar;C:\Users\Daniel\.m2\repository\net\minidev\json-smart\2.4.11\json-smart-2.4.11.jar;C:\Users\Daniel\.m2\repository\net\minidev\accessors-smart\2.4.11\accessors-smart-2.4.11.jar;C:\Users\Daniel\.m2\repository\org\ow2\asm\asm\9.3\asm-9.3.jar;C:\Users\Daniel\.m2\repository\jakarta\xml\bind\jakarta.xml.bind-api\2.3.3\jakarta.xml.bind-api-2.3.3.jar;C:\Users\Daniel\.m2\repository\jakarta\activation\jakarta.activation-api\1.2.2\jakarta.activation-api-1.2.2.jar;C:\Users\Daniel\.m2\repository\org\assertj\assertj-core\3.22.0\assertj-core-3.22.0.jar;C:\Users\Daniel\.m2\repository\org\hamcrest\hamcrest\2.2\hamcrest-2.2.jar;C:\Users\Daniel\.m2\repository\org\junit\jupiter\junit-jupiter\5.8.2\junit-jupiter-5.8.2.jar;C:\Users\Daniel\.m2\repository\org\mockito\mockito-core\4.5.1\mockito-core-4.5.1.jar;C:\Users\Daniel\.m2\repository\net\bytebuddy\byte-buddy-agent\1.12.23\byte-buddy-agent-1.12.23.jar;C:\Users\Daniel\.m2\repository\org\objenesis\objenesis\3.2\objenesis-3.2.jar;C:\Users\Daniel\.m2\repository\org\mockito\mockito-junit-jupiter\4.5.1\mockito-junit-jupiter-4.5.1.jar;C:\Users\Daniel\.m2\repository\org\skyscreamer\jsonassert\1.5.1\jsonassert-1.5.1.jar;C:\Users\Daniel\.m2\repository\com\vaadin\external\google\android-json\0.0.20131108.vaadin1\android-json-0.0.20131108.vaadin1.jar;C:\Users\Daniel\.m2\repository\org\springframework\spring-test\5.3.29\spring-test-5.3.29.jar;C:\Users\Daniel\.m2\repository\org\xmlunit\xmlunit-core\2.9.1\xmlunit-core-2.9.1.jar;C:\Users\Daniel\.m2\repository\org\junit\jupiter\junit-jupiter-engine\5.8.2\junit-jupiter-engine-5.8.2.jar;C:\Users\Daniel\.m2\repository\org\junit\platform\junit-platform-engine\1.8.2\junit-platform-engine-1.8.2.jar;C:\Users\Daniel\.m2\repository\org\apiguardian\apiguardian-api\1.1.2\apiguardian-api-1.1.2.jar;C:\Users\Daniel\.m2\repository\org\junit\jupiter\junit-jupiter-api\5.8.2\junit-jupiter-api-5.8.2.jar;C:\Users\Daniel\.m2\repository\org\opentest4j\opentest4j\1.2.0\opentest4j-1.2.0.jar;C:\Users\Daniel\.m2\repository\org\junit\platform\junit-platform-commons\1.8.2\junit-platform-commons-1.8.2.jar;C:\Users\Daniel\.m2\repository\org\junit\jupiter\junit-jupiter-params\5.8.2\junit-jupiter-params-5.8.2.jar;C:\Users\Daniel\.m2\repository\org\junit\platform\junit-platform-launcher\1.8.2\junit-platform-launcher-1.8.2.jar;C:\Users\Daniel\.m2\repository\org\seleniumhq\selenium\selenium-java\4.1.4\selenium-java-4.1.4.jar;C:\Users\Daniel\.m2\repository\org\seleniumhq\selenium\selenium-api\4.1.4\selenium-api-4.1.4.jar;C:\Users\Daniel\.m2\repository\org\seleniumhq\selenium\selenium-chrome-driver\4.1.4\selenium-chrome-driver-4.1.4.jar;C:\Users\Daniel\.m2\repository\com\google\auto\service\auto-service-annotations\1.0.1\auto-service-annotations-1.0.1.jar;C:\Users\Daniel\.m2\repository\com\google\auto\service\auto-service\1.0.1\auto-service-1.0.1.jar;C:\Users\Daniel\.m2\repository\com\google\auto\auto-common\1.2\auto-common-1.2.jar;C:\Users\Daniel\.m2\repository\com\google\guava\guava\31.1-jre\guava-31.1-jre.jar;C:\Users\Daniel\.m2\repository\com\google\guava\failureaccess\1.0.1\failureaccess-1.0.1.jar;C:\Users\Daniel\.m2\repository\com\google\guava\listenablefuture\9999.0-empty-to-avoid-conflict-with-guava\listenablefuture-9999.0-empty-to-avoid-conflict-with-guava.jar;C:\Users\Daniel\.m2\repository\com\google\code\findbugs\jsr305\3.0.2\jsr305-3.0.2.jar;C:\Users\Daniel\.m2\repository\com\google\j2objc\j2objc-annotations\1.3\j2objc-annotations-1.3.jar;C:\Users\Daniel\.m2\repository\org\seleniumhq\selenium\selenium-chromium-driver\4.1.4\selenium-chromium-driver-4.1.4.jar;C:\Users\Daniel\.m2\repository\org\seleniumhq\selenium\selenium-json\4.1.4\selenium-json-4.1.4.jar;C:\Users\Daniel\.m2\repository\org\seleniumhq\selenium\selenium-devtools-v100\4.1.4\selenium-devtools-v100-4.1.4.jar;C:\Users\Daniel\.m2\repository\org\seleniumhq\selenium\selenium-devtools-v101\4.1.4\selenium-devtools-v101-4.1.4.jar;C:\Users\Daniel\.m2\repository\org\seleniumhq\selenium\selenium-devtools-v85\4.1.4\selenium-devtools-v85-4.1.4.jar;C:\Users\Daniel\.m2\repository\org\seleniumhq\selenium\selenium-devtools-v99\4.1.4\selenium-devtools-v99-4.1.4.jar;C:\Users\Daniel\.m2\repository\org\seleniumhq\selenium\selenium-edge-driver\4.1.4\selenium-edge-driver-4.1.4.jar;C:\Users\Daniel\.m2\repository\org\seleniumhq\selenium\selenium-firefox-driver\4.1.4\selenium-firefox-driver-4.1.4.jar;C:\Users\Daniel\.m2\repository\org\seleniumhq\selenium\selenium-ie-driver\4.1.4\selenium-ie-driver-4.1.4.jar;C:\Users\Daniel\.m2\repository\org\seleniumhq\selenium\selenium-opera-driver\4.1.4\selenium-opera-driver-4.1.4.jar;C:\Users\Daniel\.m2\repository\org\seleniumhq\selenium\selenium-remote-driver\4.1.4\selenium-remote-driver-4.1.4.jar;C:\Users\Daniel\.m2\repository\com\beust\jcommander\1.82\jcommander-1.82.jar;C:\Users\Daniel\.m2\repository\io\netty\netty-buffer\4.1.97.Final\netty-buffer-4.1.97.Final.jar;C:\Users\Daniel\.m2\repository\io\netty\netty-codec-http\4.1.97.Final\netty-codec-http-4.1.97.Final.jar;C:\Users\Daniel\.m2\repository\io\netty\netty-codec\4.1.97.Final\netty-codec-4.1.97.Final.jar;C:\Users\Daniel\.m2\repository\io\netty\netty-handler\4.1.97.Final\netty-handler-4.1.97.Final.jar;C:\Users\Daniel\.m2\repository\io\netty\netty-common\4.1.97.Final\netty-common-4.1.97.Final.jar;C:\Users\Daniel\.m2\repository\io\netty\netty-transport-classes-epoll\4.1.97.Final\netty-transport-classes-epoll-4.1.97.Final.jar;C:\Users\Daniel\.m2\repository\io\netty\netty-transport-classes-kqueue\4.1.97.Final\netty-transport-classes-kqueue-4.1.97.Final.jar;C:\Users\Daniel\.m2\repository\io\netty\netty-transport-native-epoll\4.1.97.Final\netty-transport-native-epoll-4.1.97.Final.jar;C:\Users\Daniel\.m2\repository\io\netty\netty-transport-native-kqueue\4.1.97.Final\netty-transport-native-kqueue-4.1.97.Final.jar;C:\Users\Daniel\.m2\repository\io\netty\netty-transport-native-unix-common\4.1.97.Final\netty-transport-native-unix-common-4.1.97.Final.jar;C:\Users\Daniel\.m2\repository\io\netty\netty-transport\4.1.97.Final\netty-transport-4.1.97.Final.jar;C:\Users\Daniel\.m2\repository\io\netty\netty-resolver\4.1.97.Final\netty-resolver-4.1.97.Final.jar;C:\Users\Daniel\.m2\repository\io\opentelemetry\opentelemetry-api\1.13.0\opentelemetry-api-1.13.0.jar;C:\Users\Daniel\.m2\repository\io\opentelemetry\opentelemetry-context\1.13.0\opentelemetry-context-1.13.0.jar;C:\Users\Daniel\.m2\repository\io\opentelemetry\opentelemetry-exporter-logging\1.13.0\opentelemetry-exporter-logging-1.13.0.jar;C:\Users\Daniel\.m2\repository\io\opentelemetry\opentelemetry-sdk-metrics\1.13.0-alpha\opentelemetry-sdk-metrics-1.13.0-alpha.jar;C:\Users\Daniel\.m2\repository\io\opentelemetry\opentelemetry-sdk-logs\1.13.0-alpha\opentelemetry-sdk-logs-1.13.0-alpha.jar;C:\Users\Daniel\.m2\repository\io\opentelemetry\opentelemetry-sdk-common\1.13.0\opentelemetry-sdk-common-1.13.0.jar;C:\Users\Daniel\.m2\repository\io\opentelemetry\opentelemetry-sdk-extension-autoconfigure-spi\1.13.0\opentelemetry-sdk-extension-autoconfigure-spi-1.13.0.jar;C:\Users\Daniel\.m2\repository\io\opentelemetry\opentelemetry-sdk-extension-autoconfigure\1.13.0-alpha\opentelemetry-sdk-extension-autoconfigure-1.13.0-alpha.jar;C:\Users\Daniel\.m2\repository\io\opentelemetry\opentelemetry-sdk-trace\1.13.0\opentelemetry-sdk-trace-1.13.0.jar;C:\Users\Daniel\.m2\repository\io\opentelemetry\opentelemetry-sdk\1.13.0\opentelemetry-sdk-1.13.0.jar;C:\Users\Daniel\.m2\repository\io\opentelemetry\opentelemetry-semconv\1.13.0-alpha\opentelemetry-semconv-1.13.0-alpha.jar;C:\Users\Daniel\.m2\repository\io\ous\jtoml\2.0.0\jtoml-2.0.0.jar;C:\Users\Daniel\.m2\repository\org\apache\commons\commons-exec\1.3\commons-exec-1.3.jar;C:\Users\Daniel\.m2\repository\org\asynchttpclient\async-http-client\2.12.3\async-http-client-2.12.3.jar;C:\Users\Daniel\.m2\repository\org\asynchttpclient\async-http-client-netty-utils\2.12.3\async-http-client-netty-utils-2.12.3.jar;C:\Users\Daniel\.m2\repository\io\netty\netty-codec-socks\4.1.97.Final\netty-codec-socks-4.1.97.Final.jar;C:\Users\Daniel\.m2\repository\io\netty\netty-handler-proxy\4.1.97.Final\netty-handler-proxy-4.1.97.Final.jar;C:\Users\Daniel\.m2\repository\io\netty\netty-transport-native-epoll\4.1.97.Final\netty-transport-native-epoll-4.1.97.Final-linux-x86_64.jar;C:\Users\Daniel\.m2\repository\io\netty\netty-transport-native-kqueue\4.1.97.Final\netty-transport-native-kqueue-4.1.97.Final-osx-x86_64.jar;C:\Users\Daniel\.m2\repository\org\reactivestreams\reactive-streams\1.0.4\reactive-streams-1.0.4.jar;C:\Users\Daniel\.m2\repository\com\typesafe\netty\netty-reactive-streams\2.0.4\netty-reactive-streams-2.0.4.jar;C:\Users\Daniel\.m2\repository\org\seleniumhq\selenium\selenium-http\4.1.4\selenium-http-4.1.4.jar;C:\Users\Daniel\.m2\repository\dev\failsafe\failsafe\3.2.3\failsafe-3.2.3.jar;C:\Users\Daniel\.m2\repository\org\seleniumhq\selenium\selenium-safari-driver\4.1.4\selenium-safari-driver-4.1.4.jar;C:\Users\Daniel\.m2\repository\org\seleniumhq\selenium\selenium-support\4.1.4\selenium-support-4.1.4.jar;C:\Users\Daniel\.m2\repository\org\projectlombok\lombok\1.18.28\lombok-1.18.28.jar;C:\Users\Daniel\.m2\repository\org\jsoup\jsoup\1.16.1\jsoup-1.16.1.jar;C:\Users\Daniel\.m2\repository\ch\qos\logback\logback-access\1.2.12\logback-access-1.2.12.jar;C:\Users\Daniel\.m2\repository\ch\qos\logback\logback-core\1.2.12\logback-core-1.2.12.jar;C:\Users\Daniel\.m2\repository\org\apache\commons\commons-lang3\3.12.0\commons-lang3-3.12.0.jar;C:\Users\Daniel\.m2\repository\org\apache\commons\commons-text\1.10.0\commons-text-1.10.0.jar;C:\Users\Daniel\.m2\repository\commons-io\commons-io\2.13.0\commons-io-2.13.0.jar;C:\Users\Daniel\.m2\repository\commons-cli\commons-cli\1.5.0\commons-cli-1.5.0.jar;C:\Users\Daniel\.m2\repository\com\fasterxml\jackson\dataformat\jackson-dataformat-csv\2.13.5\jackson-dataformat-csv-2.13.5.jar;C:\Users\Daniel\.m2\repository\com\fasterxml\jackson\core\jackson-databind\2.13.5\jackson-databind-2.13.5.jar;C:\Users\Daniel\.m2\repository\com\fasterxml\jackson\core\jackson-annotations\2.13.5\jackson-annotations-2.13.5.jar;C:\Users\Daniel\.m2\repository\com\fasterxml\jackson\core\jackson-core\2.13.5\jackson-core-2.13.5.jar;C:\Users\Daniel\.m2\repository\com\opencsv\opencsv\5.8\opencsv-5.8.jar;C:\Users\Daniel\.m2\repository\commons-beanutils\commons-beanutils\1.9.4\commons-beanutils-1.9.4.jar;C:\Users\Daniel\.m2\repository\commons-logging\commons-logging\1.2\commons-logging-1.2.jar;C:\Users\Daniel\.m2\repository\commons-collections\commons-collections\3.2.2\commons-collections-3.2.2.jar;C:\Users\Daniel\.m2\repository\org\apache\commons\commons-collections4\4.4\commons-collections4-4.4.jar;C:\Users\Daniel\.m2\repository\de\vandermeer\asciitable\0.3.2\asciitable-0.3.2.jar;C:\Users\Daniel\.m2\repository\de\vandermeer\ascii-utf-themes\0.0.1\ascii-utf-themes-0.0.1.jar;C:\Users\Daniel\.m2\repository\de\vandermeer\skb-interfaces\0.0.1\skb-interfaces-0.0.1.jar;C:\Users\Daniel\.m2\repository\org\antlr\ST4\4.0.8\ST4-4.0.8.jar;C:\Users\Daniel\.m2\repository\org\antlr\antlr-runtime\3.5.2\antlr-runtime-3.5.2.jar;C:\Users\Daniel\.m2\repository\org\antlr\antlr4\4.5.1\antlr4-4.5.1.jar;C:\Users\Daniel\.m2\repository\de\vandermeer\char-translation\0.0.2\char-translation-0.0.2.jar
Launcher Type: SUN_STANDARD

[Global flags]
     intx CICompilerCount                          = 4                                         {product} {ergonomic}
     uint ConcGCThreads                            = 2                                         {product} {ergonomic}
     uint G1ConcRefinementThreads                  = 8                                         {product} {ergonomic}
   size_t G1HeapRegionSize                         = 4194304                                   {product} {ergonomic}
    uintx GCDrainStackTargetSize                   = 64                                        {product} {ergonomic}
   size_t InitialHeapSize                          = 536870912                                 {product} {ergonomic}
   size_t MarkStackSize                            = 4194304                                   {product} {ergonomic}
   size_t MaxHeapSize                              = 8552185856                                {product} {ergonomic}
   size_t MaxNewSize                               = 5129633792                                {product} {ergonomic}
   size_t MinHeapDeltaBytes                        = 4194304                                   {product} {ergonomic}
   size_t MinHeapSize                              = 8388608                                   {product} {ergonomic}
    uintx NonNMethodCodeHeapSize                   = 5839372                                {pd product} {ergonomic}
    uintx NonProfiledCodeHeapSize                  = 122909434                              {pd product} {ergonomic}
    uintx ProfiledCodeHeapSize                     = 122909434                              {pd product} {ergonomic}
    uintx ReservedCodeCacheSize                    = 251658240                              {pd product} {ergonomic}
     bool SegmentedCodeCache                       = true                                      {product} {ergonomic}
     bool ShowCodeDetailsInExceptionMessages       = true                                   {manageable} {command line}
   size_t SoftMaxHeapSize                          = 8552185856                             {manageable} {ergonomic}
     bool UseCompressedClassPointers               = true                           {product lp64_product} {ergonomic}
     bool UseCompressedOops                        = true                           {product lp64_product} {ergonomic}
     bool UseG1GC                                  = true                                      {product} {ergonomic}
     bool UseLargePagesIndividualAllocation        = false                                  {pd product} {ergonomic}

Logging:
Log output configuration:
 #0: stdout all=warning uptime,level,tags foldmultilines=false
 #1: stderr all=off uptime,level,tags foldmultilines=false

Environment Variables:
JAVA_HOME=C:\Program Files\Java\jdk-17
PATH=C:/Users/Daniel/OneDrive - UNIVERSIDAD DE SEVILLA/Documentos/Escritorio/SandBox/Repos/Workspace-24/Tools/IDEs/eclipse-jee-2023-12R//plugins/org.eclipse.justj.openjdk.hotspot.jre.full.win32.x86_64_17.0.10.v20240120-1143/jre/bin/server;C:/Users/Daniel/OneDrive - UNIVERSIDAD DE SEVILLA/Documentos/Escritorio/SandBox/Repos/Workspace-24/Tools/IDEs/eclipse-jee-2023-12R//plugins/org.eclipse.justj.openjdk.hotspot.jre.full.win32.x86_64_17.0.10.v20240120-1143/jre/bin;C:\Users\Daniel\OneDrive - UNIVERSIDAD DE SEVILLA\Documentos\Escritorio\SandBox\Repos\Workspace-24\Tools\Infrastructure\jdk-20.0.2\bin;C:\Program Files\Firefox Developer Edition;C:\Users\Daniel\OneDrive - UNIVERSIDAD DE SEVILLA\Documentos\Escritorio\SandBox\Repos\Workspace-24\Tools\Infrastructure\geckodriver-0.33.0;C:\Users\Daniel\AppData\Local\Programs\Python\Python39\Scripts\;C:\Program Files\Common Files\Oracle\Java\javapath;C:\WINDOWS\system32;C:\WINDOWS;C:\WINDOWS\System32\Wbem;C:\WINDOWS\System32\WindowsPowerShell\v1.0\;C:\WINDOWS\System32\OpenSSH\;C:\Program Files\nodejs\;C:\Program Files\Git\cmd;C:\Program Files\dotnet\;C:\Program Files\AutoFirma\AutoFirma;C:\Users\Daniel\Downloads\windows_10_msbuild_Release_graphviz-9.0.0-win32.zip\Graphviz\bin;C:\Program Files\Pandoc\;C:\ProgramData\chocolatey\bin;C:\Program Files\Apache Maven\apache-maven-3.9.6\bin;C:\Users\Daniel\OneDrive - UNIVERSIDAD DE SEVILLA\Documentos\Escritorio\SandBox\Repos\Workspace-24\Tools\Infrastructure\jdk-20.0.2\bin;C:\Program Files\Firefox Developer Edition;C:\Users\Daniel\OneDrive - UNIVERSIDAD DE SEVILLA\Documentos\Escritorio\SandBox\Repos\Workspace-24\Tools\Infrastructure\geckodriver-0.33.0;C:\Users\Daniel\AppData\Local\Programs\Python\Python39\;C:\Users\Daniel\AppData\Local\Microsoft\WindowsApps;C:\Users\Daniel\AppData\Local\Programs\Microsoft VS Code\bin;C:\Users\Daniel\AppData\Roaming\npm;C:\Users\Daniel\Downloads\windows_10_msbuild_Release_graphviz-9.0.0-win32\Graphviz\bin;C:\Users\Daniel\AppData\Local\Programs\MiKTeX\miktex\bin\x64\;C:\ProgramData\chocolatey\bin;C:\Program Files\Apache Maven\apache-maven-3.9.6\bin;;C:\Users\Daniel\OneDrive - UNIVERSIDAD DE SEVILLA\Documentos\Escritorio\SandBox\Repos\Workspace-24\Tools\IDEs\eclipse-jee-2023-12R;
USERNAME=Daniel
OS=Windows_NT
PROCESSOR_IDENTIFIER=Intel64 Family 6 Model 140 Stepping 1, GenuineIntel
TMP=C:\Users\Daniel\AppData\Local\Temp
TEMP=C:\Users\Daniel\AppData\Local\Temp




---------------  S Y S T E M  ---------------

OS:
 Windows 11 , 64 bit Build 22621 (10.0.22621.3374)
OS uptime: 4 days 4:43 hours
Hyper-V role detected

CPU: total 8 (initial active 8) (4 cores per cpu, 2 threads per core) family 6 model 140 stepping 1 microcode 0xb6, cx8, cmov, fxsr, ht, mmx, 3dnowpref, sse, sse2, sse3, ssse3, sse4.1, sse4.2, popcnt, lzcnt, tsc, tscinvbit, avx, avx2, aes, erms, clmul, bmi1, bmi2, adx, avx512f, avx512dq, avx512cd, avx512bw, avx512vl, sha, fma, vzeroupper, avx512_vpopcntdq, avx512_vpclmulqdq, avx512_vaes, avx512_vnni, clflush, clflushopt, clwb, avx512_vbmi2, avx512_vbmi, hv, rdtscp, rdpid, fsrm, gfni, avx512_bitalg, f16c, cet_ibt, cet_ss, avx512_ifma

Memory: 4k page, system-wide physical 32610M (14666M free)
TotalPageFile size 37474M (AvailPageFile size 11515M)
current process WorkingSet (physical memory assigned to process): 281M, peak: 383M
current process commit charge ("private bytes"): 325M, peak: 705M

vm_info: Java HotSpot(TM) 64-Bit Server VM (20.0.2+9-78) for windows-amd64 JRE (20.0.2+9-78), built on 2023-06-14T10:08:48Z by "mach5one" with MS VC++ 17.1 (VS2022)

END.
