#
# A fatal error has been detected by the Java Runtime Environment:
#
#  EXCEPTION_ACCESS_VIOLATION (0xc0000005) at pc=0x00007ffda6a70886, pid=27388, tid=21684
#
# JRE version: Java(TM) SE Runtime Environment (20.0.2+9) (build 20.0.2+9-78)
# Java VM: Java HotSpot(TM) 64-Bit Server VM (20.0.2+9-78, mixed mode, sharing, tiered, compressed oops, compressed class ptrs, g1 gc, windows-amd64)
# Problematic frame:
# V  [jvm.dll+0x140886]
#
# No core dump will be written. Minidumps are not enabled by default on client versions of Windows
#
# If you would like to submit a bug report, please visit:
#   https://bugreport.java.com/bugreport/crash.jsp
#

---------------  S U M M A R Y ------------

Command Line: -XX:+ShowCodeDetailsInExceptionMessages -agentlib:jdwp=transport=dt_socket,suspend=y,address=localhost:64392 -ea -ea -javaagent:C:\Users\Daniel\OneDrive - UNIVERSIDAD DE SEVILLA\Documentos\Escritorio\SandBox\Repos\Workspace-24\Tools\IDEs\eclipse-jee-2023-12R\configuration\org.eclipse.osgi\434\0\.cp\lib\javaagent-shaded.jar -Dfile.encoding=utf-8 -Dstdout.encoding=utf-8 -Dstderr.encoding=utf-8 acme.Launcher --platform development --launcher runner

Host: 11th Gen Intel(R) Core(TM) i7-1185G7 @ 3.00GHz, 8 cores, 31G,  Windows 11 , 64 bit Build 22621 (10.0.22621.3374)
Time: Wed Apr 10 09:24:50 2024 Hora de verano romance elapsed time: 91.879750 seconds (0d 0h 1m 31s)

---------------  T H R E A D  ---------------

Current thread (0x00000277c5f07900):  WorkerThread "GC Thread#2" [stack: 0x000000b2fc400000,0x000000b2fc500000] [id=21684]

Stack: [0x000000b2fc400000,0x000000b2fc500000],  sp=0x000000b2fc4fe128,  free space=1016k
Native frames: (J=compiled Java code, j=interpreted, Vv=VM code, C=native code)
V  [jvm.dll+0x140886]

JavaThread 0x00000277d6d285e0 (nid = 28932) was being processed
Java frames: (J=compiled Java code, j=interpreted, Vv=VM code)
j  java.lang.invoke.DirectMethodHandle$Holder.newInvokeSpecial(Ljava/lang/Object;)Ljava/lang/Object;+15 java.base@20.0.2
J 2915 c1 jdk.internal.reflect.DirectConstructorHandleAccessor.newInstance([Ljava/lang/Object;)Ljava/lang/Object; java.base@20.0.2 (148 bytes) @ 0x00000277df3ba41c [0x00000277df3b8ec0+0x000000000000155c]
J 2869 c1 java.lang.reflect.Constructor.newInstanceWithCaller([Ljava/lang/Object;ZLjava/lang/Class;)Ljava/lang/Object; java.base@20.0.2 (51 bytes) @ 0x00000277df3a4cdc [0x00000277df3a4ac0+0x000000000000021c]
J 3630 c1 org.springframework.beans.BeanUtils.instantiateClass(Ljava/lang/reflect/Constructor;[Ljava/lang/Object;)Ljava/lang/Object; (187 bytes) @ 0x00000277df5c3a4c [0x00000277df5c2ee0+0x0000000000000b6c]
j  org.springframework.beans.factory.support.SimpleInstantiationStrategy.instantiate(Lorg/springframework/beans/factory/support/RootBeanDefinition;Ljava/lang/String;Lorg/springframework/beans/factory/BeanFactory;)Ljava/lang/Object;+140
j  org.springframework.beans.factory.support.AbstractAutowireCapableBeanFactory.instantiateBean(Ljava/lang/String;Lorg/springframework/beans/factory/support/RootBeanDefinition;)Lorg/springframework/beans/BeanWrapper;+32
j  org.springframework.beans.factory.support.AbstractAutowireCapableBeanFactory.createBeanInstance(Ljava/lang/String;Lorg/springframework/beans/factory/support/RootBeanDefinition;[Ljava/lang/Object;)Lorg/springframework/beans/BeanWrapper;+250
j  org.springframework.beans.factory.support.AbstractAutowireCapableBeanFactory.doCreateBean(Ljava/lang/String;Lorg/springframework/beans/factory/support/RootBeanDefinition;[Ljava/lang/Object;)Ljava/lang/Object;+34
j  org.springframework.beans.factory.support.AbstractAutowireCapableBeanFactory.createBean(Ljava/lang/String;Lorg/springframework/beans/factory/support/RootBeanDefinition;[Ljava/lang/Object;)Ljava/lang/Object;+169
j  org.springframework.beans.factory.support.AbstractBeanFactory.lambda$doGetBean$0(Ljava/lang/String;Lorg/springframework/beans/factory/support/RootBeanDefinition;[Ljava/lang/Object;)Ljava/lang/Object;+4
j  org.springframework.beans.factory.support.AbstractBeanFactory$$Lambda$303+0x00000277812360b8.getObject()Ljava/lang/Object;+16
j  org.springframework.beans.factory.support.DefaultSingletonBeanRegistry.getSingleton(Ljava/lang/String;Lorg/springframework/beans/factory/ObjectFactory;)Ljava/lang/Object;+132
J 4088 c1 org.springframework.beans.factory.support.AbstractBeanFactory.doGetBean(Ljava/lang/String;Ljava/lang/Class;[Ljava/lang/Object;Z)Ljava/lang/Object; (832 bytes) @ 0x00000277df6a9c8c [0x00000277df6a7f20+0x0000000000001d6c]
j  org.springframework.beans.factory.support.AbstractBeanFactory.getBean(Ljava/lang/String;)Ljava/lang/Object;+5
j  org.springframework.beans.factory.config.DependencyDescriptor.resolveCandidate(Ljava/lang/String;Ljava/lang/Class;Lorg/springframework/beans/factory/BeanFactory;)Ljava/lang/Object;+2
j  org.springframework.beans.factory.support.DefaultListableBeanFactory.doResolveDependency(Lorg/springframework/beans/factory/config/DependencyDescriptor;Ljava/lang/String;Ljava/util/Set;Lorg/springframework/beans/TypeConverter;)Ljava/lang/Object;+440
j  org.springframework.beans.factory.support.DefaultListableBeanFactory.resolveDependency(Lorg/springframework/beans/factory/config/DependencyDescriptor;Ljava/lang/String;Ljava/util/Set;Lorg/springframework/beans/TypeConverter;)Ljava/lang/Object;+108
j  org.springframework.beans.factory.annotation.AutowiredAnnotationBeanPostProcessor$AutowiredFieldElement.resolveFieldValue(Ljava/lang/reflect/Field;Ljava/lang/Object;Ljava/lang/String;)Ljava/lang/Object;+81
j  org.springframework.beans.factory.annotation.AutowiredAnnotationBeanPostProcessor$AutowiredFieldElement.inject(Ljava/lang/Object;Ljava/lang/String;Lorg/springframework/beans/PropertyValues;)V+74
j  org.springframework.beans.factory.annotation.InjectionMetadata.inject(Ljava/lang/Object;Ljava/lang/String;Lorg/springframework/beans/PropertyValues;)V+68
j  org.springframework.beans.factory.annotation.AutowiredAnnotationBeanPostProcessor.postProcessProperties(Lorg/springframework/beans/PropertyValues;Ljava/lang/Object;Ljava/lang/String;)Lorg/springframework/beans/PropertyValues;+17
j  org.springframework.beans.factory.support.AbstractAutowireCapableBeanFactory.populateBean(Ljava/lang/String;Lorg/springframework/beans/factory/support/RootBeanDefinition;Lorg/springframework/beans/BeanWrapper;)V+265
j  org.springframework.beans.factory.support.AbstractAutowireCapableBeanFactory.doCreateBean(Ljava/lang/String;Lorg/springframework/beans/factory/support/RootBeanDefinition;[Ljava/lang/Object;)Ljava/lang/Object;+237
j  org.springframework.beans.factory.support.AbstractAutowireCapableBeanFactory.createBean(Ljava/lang/String;Lorg/springframework/beans/factory/support/RootBeanDefinition;[Ljava/lang/Object;)Ljava/lang/Object;+169
j  org.springframework.beans.factory.support.AbstractBeanFactory.lambda$doGetBean$0(Ljava/lang/String;Lorg/springframework/beans/factory/support/RootBeanDefinition;[Ljava/lang/Object;)Ljava/lang/Object;+4
j  org.springframework.beans.factory.support.AbstractBeanFactory$$Lambda$303+0x00000277812360b8.getObject()Ljava/lang/Object;+16
j  org.springframework.beans.factory.support.DefaultSingletonBeanRegistry.getSingleton(Ljava/lang/String;Lorg/springframework/beans/factory/ObjectFactory;)Ljava/lang/Object;+132
J 4088 c1 org.springframework.beans.factory.support.AbstractBeanFactory.doGetBean(Ljava/lang/String;Ljava/lang/Class;[Ljava/lang/Object;Z)Ljava/lang/Object; (832 bytes) @ 0x00000277df6a9c8c [0x00000277df6a7f20+0x0000000000001d6c]
j  org.springframework.beans.factory.support.AbstractBeanFactory.getBean(Ljava/lang/String;)Ljava/lang/Object;+5
j  org.springframework.beans.factory.support.DefaultListableBeanFactory.preInstantiateSingletons()V+248
j  org.springframework.context.support.AbstractApplicationContext.finishBeanFactoryInitialization(Lorg/springframework/beans/factory/config/ConfigurableListableBeanFactory;)V+124
j  org.springframework.context.support.AbstractApplicationContext.refresh()V+86
j  org.springframework.boot.web.servlet.context.ServletWebServerApplicationContext.refresh()V+1
j  org.springframework.boot.SpringApplication.refresh(Lorg/springframework/context/ConfigurableApplicationContext;)V+1
j  org.springframework.boot.SpringApplication.refreshContext(Lorg/springframework/context/ConfigurableApplicationContext;)V+16
j  org.springframework.boot.SpringApplication.run([Ljava/lang/String;)Lorg/springframework/context/ConfigurableApplicationContext;+107
j  org.springframework.boot.SpringApplication.run([Ljava/lang/Class;[Ljava/lang/String;)Lorg/springframework/context/ConfigurableApplicationContext;+9
j  org.springframework.boot.SpringApplication.run(Ljava/lang/Class;[Ljava/lang/String;)Lorg/springframework/context/ConfigurableApplicationContext;+9
j  acme.Launcher.startSpring()Lorg/springframework/context/ConfigurableApplicationContext;+14
j  acme.Launcher.main([Ljava/lang/String;)V+40
v  ~StubRoutines::call_stub 0x00000277e63010e7

siginfo: EXCEPTION_ACCESS_VIOLATION (0xc0000005), reading address 0x00000278007245bf


Registers:
RAX=0x0000000000000000, RBX=0x0000000000000000, RCX=0x000000b2facfd500, RDX=0x000000b2facfd500
RSP=0x000000b2fc4fe128, RBP=0x000000b2fc4fe300, RSI=0x000000b2fc4fe4e0, RDI=0x000000b2facfd500
R8 =0x00000278007245b7, R9 =0x000000b2facfd500, R10=0x000000b2facfd500, R11=0x000000b2fc4fe388
R12=0x0000000000000000, R13=0x00000278007245b7, R14=0x000000b2facfd500, R15=0x00000277c5f6e930
RIP=0x00007ffda6a70886, EFLAGS=0x0000000000010206


Register to memory mapping:

RIP=0x00007ffda6a70886 jvm.dll
RAX=0x0 is NULL
RBX=0x0 is NULL
RCX=0x000000b2facfd500 is pointing into the stack for thread: 0x00000277d6d285e0
RDX=0x000000b2facfd500 is pointing into the stack for thread: 0x00000277d6d285e0
RSP=0x000000b2fc4fe128 points into unknown readable memory: 0x00007ffda6c8d1cb | cb d1 c8 a6 fd 7f 00 00
RBP=0x000000b2fc4fe300 points into unknown readable memory: 0x0000027780017f58 | 58 7f 01 80 77 02 00 00
RSI=0x000000b2fc4fe4e0 points into unknown readable memory: 0x000000b2facfd4f8 | f8 d4 cf fa b2 00 00 00
RDI=0x000000b2facfd500 is pointing into the stack for thread: 0x00000277d6d285e0
R8 =0x00000278007245b7 is an unknown value
R9 =0x000000b2facfd500 is pointing into the stack for thread: 0x00000277d6d285e0
R10=0x000000b2facfd500 is pointing into the stack for thread: 0x00000277d6d285e0
R11=0x000000b2fc4fe388 points into unknown readable memory: 0x00007ffda6c475bd | bd 75 c4 a6 fd 7f 00 00
R12=0x0 is NULL
R13=0x00000278007245b7 is an unknown value
R14=0x000000b2facfd500 is pointing into the stack for thread: 0x00000277d6d285e0
R15=0x00000277c5f6e930 points into unknown readable memory: 0x00007ffda72b6aa0 | a0 6a 2b a7 fd 7f 00 00


Top of Stack: (sp=0x000000b2fc4fe128)
0x000000b2fc4fe128:   00007ffda6c8d1cb 0000007d3faf1d19
0x000000b2fc4fe138:   0000000000000003 000000000000012f
0x000000b2fc4fe148:   00007ffda6fdb4b5 000000000000012f
0x000000b2fc4fe158:   00000277c62ec640 000000000000007c
0x000000b2fc4fe168:   00007ffda7065b61 0000000002800041
0x000000b2fc4fe178:   0000000000000008 000000b2fcaff1d0
0x000000b2fc4fe188:   00000277fbe617e0 0000000000000001
0x000000b2fc4fe198:   00000000000003d8 0000000000000000
0x000000b2fc4fe1a8:   00000277c5fa55c8 000000b2fc4fe4e0
0x000000b2fc4fe1b8:   000000b2fc4fe300 000000b2facfd500
0x000000b2fc4fe1c8:   00007ffda6c9c798 000000b2fc4fe298
0x000000b2fc4fe1d8:   000000b2fc4fe4e0 0000027780480090
0x000000b2fc4fe1e8:   0000000000000000 00000277c5fa55c8
0x000000b2fc4fe1f8:   00007ffda6c47b7d 0000000000000003
0x000000b2fc4fe208:   0000000000000003 00000277c5fa55c8
0x000000b2fc4fe218:   000000b2fc4fe4e0 0000000fe6b35801
0x000000b2fc4fe228:   00000277800b8e90 00000277c5f07900
0x000000b2fc4fe238:   0000027780540138 00000277fbe7b530
0x000000b2fc4fe248:   00000000000003d8 00000277fbe7b540
0x000000b2fc4fe258:   00000277fbe7b918 00000277807245b7
0x000000b2fc4fe268:   00000277000000b8 00000277800b8e90
0x000000b2fc4fe278:   00007ffda72add00 000000b2fc4fe4e0
0x000000b2fc4fe288:   00000277cd389738 0000000400000003
0x000000b2fc4fe298:   0000027780540138 0000001300000001
0x000000b2fc4fe2a8:   0000000000000032 000000010000000c
0x000000b2fc4fe2b8:   0000027780480090 0000000000000000
0x000000b2fc4fe2c8:   000000b2fc4fe250 000000000000000c
0x000000b2fc4fe2d8:   0000000000000000 00000277e6b35890
0x000000b2fc4fe2e8:   00007ffda6c58554 00000277c5f6ae20
0x000000b2fc4fe2f8:   000000b2fc4fe370 0000027780017f58
0x000000b2fc4fe308:   00000006fbe70013 0000027700000000
0x000000b2fc4fe318:   0000000000000015 000000b2fcaff468 

Instructions: (pc=0x00007ffda6a70886)
0x00007ffda6a70786:   4c 63 c0 41 8b c1 48 c1 f8 10 48 63 14 19 41 8b
0x00007ffda6a70796:   c9 83 e1 3f 48 d3 e2 0f b6 c8 49 8d 04 10 49 f7
0x00007ffda6a707a6:   d0 48 03 c8 49 c1 e8 03 48 c1 e9 03 49 23 c8 eb
0x00007ffda6a707b6:   12 49 8b 00 48 8b d3 49 8b c8 ff 90 00 01 00 00
0x00007ffda6a707c6:   48 8b c8 48 89 1f 48 8b c7 48 8b 5c 24 30 48 89
0x00007ffda6a707d6:   4f 08 48 83 c4 20 5f c3 cc cc 0f b6 05 84 10 a7
0x00007ffda6a707e6:   00 48 8b d1 84 c0 74 16 44 8b 41 08 8b 0d f0 37
0x00007ffda6a707f6:   a0 00 49 d3 e0 4c 03 05 de 37 a0 00 eb 04 4c 8b
0x00007ffda6a70806:   41 08 45 8b 48 08 45 85 c9 7e 0e 41 f6 c1 01 75
0x00007ffda6a70816:   53 41 c1 f9 03 49 63 c1 c3 79 49 84 c0 41 b8 0c
0x00007ffda6a70826:   00 00 00 8b 05 69 49 a0 00 b9 10 00 00 00 41 0f
0x00007ffda6a70836:   45 c8 ff c8 4c 63 c0 41 8b c1 48 c1 f8 10 0f b6
0x00007ffda6a70846:   c0 48 63 14 11 41 8b c9 83 e1 3f 48 d3 e2 49 8d
0x00007ffda6a70856:   0c 10 49 f7 d0 48 03 c1 49 c1 e8 03 48 c1 e8 03
0x00007ffda6a70866:   49 23 c0 c3 49 8b 00 49 8b c8 48 ff a0 00 01 00
0x00007ffda6a70876:   00 cc cc cc cc cc cc cc cc cc 4c 8b c2 48 8b d1
0x00007ffda6a70886:   45 8b 48 08 45 85 c9 7e 0e 41 f6 c1 01 75 56 41
0x00007ffda6a70896:   c1 f9 03 49 63 c1 c3 79 4c 80 3d c5 0f a7 00 00
0x00007ffda6a708a6:   b8 0c 00 00 00 b9 10 00 00 00 0f 45 c8 8b 05 df
0x00007ffda6a708b6:   48 a0 00 ff c8 4c 63 c0 41 8b c1 48 c1 f8 10 48
0x00007ffda6a708c6:   63 14 11 41 8b c9 83 e1 3f 0f b6 c0 48 d3 e2 49
0x00007ffda6a708d6:   8d 0c 10 49 f7 d0 48 03 c1 49 c1 e8 03 48 c1 e8
0x00007ffda6a708e6:   03 49 23 c0 c3 49 8b 00 49 8b c8 48 ff a0 00 01
0x00007ffda6a708f6:   00 00 cc cc cc cc cc cc cc cc 40 53 48 83 ec 20
0x00007ffda6a70906:   48 8b d9 49 8b c0 33 c9 45 0f b6 c1 48 89 0b 48
0x00007ffda6a70916:   89 4b 08 48 8b cb 48 89 53 10 48 8b d0 e8 88 09
0x00007ffda6a70926:   00 00 48 8b c3 48 83 c4 20 5b c3 cc cc cc cc cc
0x00007ffda6a70936:   cc cc cc cc cc cc cc cc cc cc 40 53 48 83 ec 20
0x00007ffda6a70946:   33 c0 44 88 41 10 45 0f b6 c1 48 89 01 48 89 41
0x00007ffda6a70956:   08 48 8b d9 e8 61 0a 00 00 48 8b c3 48 83 c4 20
0x00007ffda6a70966:   5b c3 cc cc cc cc cc cc cc cc 40 53 48 83 ec 20
0x00007ffda6a70976:   33 c0 48 8b d9 48 89 01 48 89 41 08 e8 e9 0b 00 


Stack slot to memory mapping:
stack at sp + 0 slots: 0x00007ffda6c8d1cb jvm.dll
stack at sp + 1 slots: 0x0000007d3faf1d19 is an unknown value
stack at sp + 2 slots: 0x0000000000000003 is an unknown value
stack at sp + 3 slots: 0x000000000000012f is an unknown value
stack at sp + 4 slots: 0x00007ffda6fdb4b5 jvm.dll
stack at sp + 5 slots: 0x000000000000012f is an unknown value
stack at sp + 6 slots: 0x00000277c62ec640 points into unknown readable memory: 0x00000277c62d7ff0 | f0 7f 2d c6 77 02 00 00
stack at sp + 7 slots: 0x000000000000007c is an unknown value


---------------  P R O C E S S  ---------------

Threads class SMR info:
_java_thread_list=0x00000277c631e940, length=19, elements={
0x00000277d6d285e0, 0x00000277fbaf3af0, 0x00000277fbaf52b0, 0x00000277fbaf9270,
0x00000277fbafc9d0, 0x00000277fbaff7c0, 0x00000277fbb07f00, 0x00000277fbb10300,
0x00000277fbb118a0, 0x00000277fbb0b420, 0x00000277fbddfa10, 0x00000277fbde0430,
0x00000277fbddbcd0, 0x00000277fbb08450, 0x00000277fbb08ef0, 0x00000277fbb09440,
0x00000277fbb089a0, 0x00000277fbb09990, 0x00000277fbb09ee0
}

Java Threads: ( => current thread )
  0x00000277d6d285e0 JavaThread "main" [_thread_blocked, id=28932, stack(0x000000b2fac00000,0x000000b2fad00000)]
  0x00000277fbaf3af0 JavaThread "Reference Handler" daemon [_thread_blocked, id=2776, stack(0x000000b2fb300000,0x000000b2fb400000)]
  0x00000277fbaf52b0 JavaThread "Finalizer" daemon [_thread_blocked, id=32408, stack(0x000000b2fb400000,0x000000b2fb500000)]
  0x00000277fbaf9270 JavaThread "Signal Dispatcher" daemon [_thread_blocked, id=30300, stack(0x000000b2fb500000,0x000000b2fb600000)]
  0x00000277fbafc9d0 JavaThread "Attach Listener" daemon [_thread_blocked, id=7388, stack(0x000000b2fb600000,0x000000b2fb700000)]
  0x00000277fbaff7c0 JavaThread "Service Thread" daemon [_thread_blocked, id=4508, stack(0x000000b2fb700000,0x000000b2fb800000)]
  0x00000277fbb07f00 JavaThread "Monitor Deflation Thread" daemon [_thread_blocked, id=20252, stack(0x000000b2fb800000,0x000000b2fb900000)]
  0x00000277fbb10300 JavaThread "C2 CompilerThread0" daemon [_thread_blocked, id=24804, stack(0x000000b2fb900000,0x000000b2fba00000)]
  0x00000277fbb118a0 JavaThread "C1 CompilerThread0" daemon [_thread_blocked, id=31976, stack(0x000000b2fba00000,0x000000b2fbb00000)]
  0x00000277fbb0b420 JavaThread "Common-Cleaner" daemon [_thread_blocked, id=28168, stack(0x000000b2fbb00000,0x000000b2fbc00000)]
  0x00000277fbddfa10 JavaThread "JDWP Transport Listener: dt_socket" daemon [_thread_blocked, id=2108, stack(0x000000b2fbc00000,0x000000b2fbd00000)]
  0x00000277fbde0430 JavaThread "JDWP Event Helper Thread" daemon [_thread_blocked, id=29264, stack(0x000000b2fbd00000,0x000000b2fbe00000)]
  0x00000277fbddbcd0 JavaThread "JDWP Command Reader" daemon [_thread_in_native, id=21048, stack(0x000000b2fbe00000,0x000000b2fbf00000)]
  0x00000277fbb08450 JavaThread "Notification Thread" daemon [_thread_blocked, id=32812, stack(0x000000b2fc100000,0x000000b2fc200000)]
  0x00000277fbb08ef0 JavaThread "logback-1" daemon [_thread_blocked, id=14368, stack(0x000000b2fca00000,0x000000b2fcb00000)]
  0x00000277fbb09440 JavaThread "Catalina-utility-1" [_thread_blocked, id=15700, stack(0x000000b2fcb00000,0x000000b2fcc00000)]
  0x00000277fbb089a0 JavaThread "Catalina-utility-2" [_thread_blocked, id=7192, stack(0x000000b2fcd00000,0x000000b2fce00000)]
  0x00000277fbb09990 JavaThread "container-0" [_thread_blocked, id=32968, stack(0x000000b2fce00000,0x000000b2fcf00000)]
  0x00000277fbb09ee0 JavaThread "HikariPool-1 housekeeper" daemon [_thread_blocked, id=808, stack(0x000000b2fd000000,0x000000b2fd100000)]

Other Threads:
  0x00000277fbad3780 VMThread "VM Thread" [stack: 0x000000b2fb200000,0x000000b2fb300000] [id=3824]
  0x00000277c5ef4590 WatcherThread "VM Periodic Task Thread" [stack: 0x000000b2fc200000,0x000000b2fc300000] [id=32248]
  0x00000277f9080c90 WorkerThread "GC Thread#0" [stack: 0x000000b2fad00000,0x000000b2fae00000] [id=9628]
  0x00000277c62f0750 WorkerThread "GC Thread#1" [stack: 0x000000b2fc300000,0x000000b2fc400000] [id=31892]
=>0x00000277c5f07900 WorkerThread "GC Thread#2" [stack: 0x000000b2fc400000,0x000000b2fc500000] [id=21684]
  0x00000277c5f07bd0 WorkerThread "GC Thread#3" [stack: 0x000000b2fc500000,0x000000b2fc600000] [id=20640]
  0x00000277c5f07ea0 WorkerThread "GC Thread#4" [stack: 0x000000b2fc600000,0x000000b2fc700000] [id=18648]
  0x00000277c62ef450 WorkerThread "GC Thread#5" [stack: 0x000000b2fc700000,0x000000b2fc800000] [id=21576]
  0x00000277c62e35b0 WorkerThread "GC Thread#6" [stack: 0x000000b2fc800000,0x000000b2fc900000] [id=11604]
  0x00000277c62e43c0 WorkerThread "GC Thread#7" [stack: 0x000000b2fc900000,0x000000b2fca00000] [id=4112]
  0x00000277d6daab70 ConcurrentGCThread "G1 Main Marker" [stack: 0x000000b2fae00000,0x000000b2faf00000] [id=31200]
  0x00000277d6dabd40 WorkerThread "G1 Conc#0" [stack: 0x000000b2faf00000,0x000000b2fb000000] [id=12200]
  0x00000277c62e4f00 WorkerThread "G1 Conc#1" [stack: 0x000000b2fcc00000,0x000000b2fcd00000] [id=13476]
  0x00000277f91032c0 ConcurrentGCThread "G1 Refine#0" [stack: 0x000000b2fb000000,0x000000b2fb100000] [id=29600]
  0x00000277f9103970 ConcurrentGCThread "G1 Service" [stack: 0x000000b2fb100000,0x000000b2fb200000] [id=27712]

Threads with active compile tasks:

VM state: at safepoint (normal execution)

VM Mutex/Monitor currently owned by a thread:  ([mutex/lock_event])
[0x00000277d6d234b0] Threads_lock - owner thread: 0x00000277fbad3780
[0x00000277d6d24470] Heap_lock - owner thread: 0x00000277fbb08ef0

Heap address: 0x0000000602400000, size: 8156 MB, Compressed Oops mode: Zero based, Oop shift amount: 3

CDS archive(s) mapped at: [0x0000027780000000-0x0000027780c60000-0x0000027780c60000), size 12976128, SharedBaseAddress: 0x0000027780000000, ArchiveRelocationMode: 1.
Compressed class space mapped at: 0x0000027781000000-0x00000277c1000000, reserved size: 1073741824
Narrow klass base: 0x0000027780000000, Narrow klass shift: 0, Narrow klass range: 0x100000000

GC Precious Log:
 CardTable entry size: 512
 Card Set container configuration: InlinePtr #cards 4 size 8 Array Of Cards #cards 32 size 80 Howl #buckets 8 coarsen threshold 7372 Howl Bitmap #cards 1024 size 144 coarsen threshold 921 Card regions per heap region 1 cards per card region 8192
 CPUs: 8 total, 8 available
 Memory: 32610M
 Large Page Support: Disabled
 NUMA Support: Disabled
 Compressed Oops: Enabled (Zero based)
 Heap Region Size: 4M
 Heap Min Capacity: 8M
 Heap Initial Capacity: 512M
 Heap Max Capacity: 8156M
 Pre-touch: Disabled
 Parallel Workers: 8
 Concurrent Workers: 2
 Concurrent Refinement Workers: 8
 Periodic GC: Disabled

Heap:
 garbage-first heap   total 110592K, used 93828K [0x0000000602400000, 0x0000000800000000)
  region size 4096K, 16 young (65536K), 1 survivors (4096K)
 Metaspace       used 60791K, committed 61184K, reserved 1114112K
  class space    used 7759K, committed 7936K, reserved 1048576K

Heap Regions: E=young(eden), S=young(survivor), O=old, HS=humongous(starts), HC=humongous(continues), CS=collection set, F=free, OA=open archive, CA=closed archive, TAMS=top-at-mark-start, PB=parsable bottom
|   0|0x0000000602400000, 0x0000000602800000, 0x0000000602800000|100%| O|  |TAMS 0x0000000602400000| PB 0x0000000602400000| Untracked 
|   1|0x0000000602800000, 0x0000000602c00000, 0x0000000602c00000|100%| O|  |TAMS 0x0000000602800000| PB 0x0000000602800000| Untracked 
|   2|0x0000000602c00000, 0x0000000603000000, 0x0000000603000000|100%| O|  |TAMS 0x0000000602c00000| PB 0x0000000602c00000| Untracked 
|   3|0x0000000603000000, 0x0000000603400000, 0x0000000603400000|100%| O|  |TAMS 0x0000000603000000| PB 0x0000000603000000| Untracked 
|   4|0x0000000603400000, 0x0000000603800000, 0x0000000603800000|100%| O|  |TAMS 0x0000000603400000| PB 0x0000000603400000| Untracked 
|   5|0x0000000603800000, 0x0000000603c00000, 0x0000000603c00000|100%| O|  |TAMS 0x0000000603800000| PB 0x0000000603800000| Untracked 
|   6|0x0000000603c00000, 0x0000000604000000, 0x0000000604000000|100%| O|  |TAMS 0x0000000603c00000| PB 0x0000000603c00000| Untracked 
|   7|0x0000000604000000, 0x0000000604076800, 0x0000000604400000| 11%| O|  |TAMS 0x0000000604000000| PB 0x0000000604000000| Untracked 
|   8|0x0000000604400000, 0x0000000604400000, 0x0000000604800000|  0%| F|  |TAMS 0x0000000604400000| PB 0x0000000604400000| Untracked 
|   9|0x0000000604800000, 0x0000000604800000, 0x0000000604c00000|  0%| F|  |TAMS 0x0000000604800000| PB 0x0000000604800000| Untracked 
|  10|0x0000000604c00000, 0x0000000604f5a560, 0x0000000605000000| 83%| S|  |TAMS 0x0000000604c00000| PB 0x0000000604c00000| Complete 
|  11|0x0000000605000000, 0x000000060532a810, 0x0000000605400000| 79%| E|CS|TAMS 0x0000000605000000| PB 0x0000000605000000| Complete 
|  12|0x0000000605400000, 0x0000000605800000, 0x0000000605800000|100%| E|CS|TAMS 0x0000000605400000| PB 0x0000000605400000| Complete 
|  13|0x0000000605800000, 0x0000000605c00000, 0x0000000605c00000|100%| E|CS|TAMS 0x0000000605800000| PB 0x0000000605800000| Complete 
|  14|0x0000000605c00000, 0x0000000606000000, 0x0000000606000000|100%| E|CS|TAMS 0x0000000605c00000| PB 0x0000000605c00000| Complete 
|  15|0x0000000606000000, 0x0000000606400000, 0x0000000606400000|100%| E|CS|TAMS 0x0000000606000000| PB 0x0000000606000000| Complete 
|  16|0x0000000606400000, 0x0000000606800000, 0x0000000606800000|100%| E|CS|TAMS 0x0000000606400000| PB 0x0000000606400000| Complete 
|  17|0x0000000606800000, 0x0000000606c00000, 0x0000000606c00000|100%| E|CS|TAMS 0x0000000606800000| PB 0x0000000606800000| Complete 
|  18|0x0000000606c00000, 0x0000000607000000, 0x0000000607000000|100%| E|CS|TAMS 0x0000000606c00000| PB 0x0000000606c00000| Complete 
|  19|0x0000000607000000, 0x0000000607400000, 0x0000000607400000|100%| E|CS|TAMS 0x0000000607000000| PB 0x0000000607000000| Complete 
|  20|0x0000000607400000, 0x0000000607800000, 0x0000000607800000|100%| E|CS|TAMS 0x0000000607400000| PB 0x0000000607400000| Complete 
|  21|0x0000000607800000, 0x0000000607c00000, 0x0000000607c00000|100%| E|CS|TAMS 0x0000000607800000| PB 0x0000000607800000| Complete 
|  22|0x0000000607c00000, 0x0000000608000000, 0x0000000608000000|100%| E|CS|TAMS 0x0000000607c00000| PB 0x0000000607c00000| Complete 
|  23|0x0000000608000000, 0x0000000608400000, 0x0000000608400000|100%| E|CS|TAMS 0x0000000608000000| PB 0x0000000608000000| Complete 
|  24|0x0000000608400000, 0x0000000608800000, 0x0000000608800000|100%| E|CS|TAMS 0x0000000608400000| PB 0x0000000608400000| Complete 
|  25|0x0000000608800000, 0x0000000608c00000, 0x0000000608c00000|100%| E|CS|TAMS 0x0000000608800000| PB 0x0000000608800000| Complete 
| 127|0x0000000622000000, 0x0000000622400000, 0x0000000622400000|100%| E|CS|TAMS 0x0000000622000000| PB 0x0000000622000000| Complete 

Card table byte_map: [0x00000277ef0f0000,0x00000277f00e0000] _byte_map_base: 0x00000277ec0de000

Marking Bits: (CMBitMap*) 0x00000277d6d9a1a0
 Bits: [0x00000277f10d0000, 0x00000277f9040000)

Polling page: 0x00000277d4c50000

Metaspace:

Usage:
  Non-class:     51.79 MB used.
      Class:      7.58 MB used.
       Both:     59.37 MB used.

Virtual space:
  Non-class space:       64.00 MB reserved,      52.00 MB ( 81%) committed,  1 nodes.
      Class space:        1.00 GB reserved,       7.75 MB ( <1%) committed,  1 nodes.
             Both:        1.06 GB reserved,      59.75 MB (  5%) committed. 

Chunk freelists:
   Non-Class:  3.52 MB
       Class:  198.00 KB
        Both:  3.71 MB

MaxMetaspaceSize: unlimited
CompressedClassSpaceSize: 1.00 GB
Initial GC threshold: 21.00 MB
Current GC threshold: 98.69 MB
CDS: on
MetaspaceReclaimPolicy: balanced
 - commit_granule_bytes: 65536.
 - commit_granule_words: 8192.
 - virtual_space_node_default_size: 8388608.
 - enlarge_chunks_in_place: 1.
 - new_chunks_are_fully_committed: 0.
 - uncommit_free_chunks: 1.
 - use_allocation_guard: 0.


Internal statistics:

num_allocs_failed_limit: 9.
num_arena_births: 576.
num_arena_deaths: 0.
num_vsnodes_births: 2.
num_vsnodes_deaths: 0.
num_space_committed: 956.
num_space_uncommitted: 0.
num_chunks_returned_to_freelist: 9.
num_chunks_taken_from_freelist: 2604.
num_chunk_merges: 9.
num_chunk_splits: 1949.
num_chunks_enlarged: 1630.
num_inconsistent_stats: 0.

CodeHeap 'non-profiled nmethods': size=120000Kb used=6151Kb max_used=6291Kb free=113848Kb
 bounds [0x00000277e68a0000, 0x00000277e6ed0000, 0x00000277eddd0000]
CodeHeap 'profiled nmethods': size=120000Kb used=15230Kb max_used=16659Kb free=104769Kb
 bounds [0x00000277dedd0000, 0x00000277dfe20000, 0x00000277e6300000]
CodeHeap 'non-nmethods': size=5760Kb used=1897Kb max_used=1972Kb free=3862Kb
 bounds [0x00000277e6300000, 0x00000277e6570000, 0x00000277e68a0000]
 total_blobs=7963 nmethods=7306 adapters=566
 compilation: enabled
              stopped_count=0, restarted_count=0
 full_count=0

Compilation events (20 events):
Event: 49.086 Thread 0x00000277fbb10300 8177 %     4       ch.qos.logback.core.net.DefaultSocketConnector::call @ 9 (44 bytes)
Event: 49.089 Thread 0x00000277fbb10300 nmethod 8177% 0x00000277e6b35890 code [0x00000277e6b35a20, 0x00000277e6b35c40]
Event: 50.055 Thread 0x00000277fbb118a0 8178       1       org.apache.catalina.webresources.CachedResource::getNextCheck (5 bytes)
Event: 50.056 Thread 0x00000277fbb118a0 nmethod 8178 0x00000277e6b35590 code [0x00000277e6b35700, 0x00000277e6b357d0]
Event: 60.068 Thread 0x00000277fbb118a0 8179       1       org.apache.catalina.util.LifecycleBase::getState (5 bytes)
Event: 60.068 Thread 0x00000277fbb118a0 nmethod 8179 0x00000277e6b35110 code [0x00000277e6b35280, 0x00000277e6b35350]
Event: 70.073 Thread 0x00000277fbb118a0 8180       1       org.apache.catalina.LifecycleEvent::getType (5 bytes)
Event: 70.073 Thread 0x00000277fbb118a0 nmethod 8180 0x00000277e6a24e10 code [0x00000277e6a24f80, 0x00000277e6a25050]
Event: 80.082 Thread 0x00000277fbb118a0 8181       3       java.util.concurrent.locks.ReentrantReadWriteLock$ReadLock::lock (9 bytes)
Event: 80.082 Thread 0x00000277fbb118a0 nmethod 8181 0x00000277df24f410 code [0x00000277df24f5a0, 0x00000277df24f6f0]
Event: 80.082 Thread 0x00000277fbb118a0 8182       3       java.util.concurrent.locks.AbstractQueuedSynchronizer::acquireShared (20 bytes)
Event: 80.082 Thread 0x00000277fbb118a0 nmethod 8182 0x00000277dee2f590 code [0x00000277dee2f740, 0x00000277dee2f9b8]
Event: 80.082 Thread 0x00000277fbb118a0 8183       3       java.util.concurrent.locks.ReentrantReadWriteLock$ReadLock::unlock (10 bytes)
Event: 80.082 Thread 0x00000277fbb118a0 nmethod 8183 0x00000277df4fb490 code [0x00000277df4fb640, 0x00000277df4fb920]
Event: 80.082 Thread 0x00000277fbb118a0 8184       3       java.util.concurrent.locks.ReentrantReadWriteLock$Sync::tryReleaseShared (146 bytes)
Event: 80.084 Thread 0x00000277fbb118a0 nmethod 8184 0x00000277df232090 code [0x00000277df2322e0, 0x00000277df232fc0]
Event: 90.098 Thread 0x00000277fbb118a0 8185       1       org.apache.catalina.LifecycleState::isAvailable (5 bytes)
Event: 90.098 Thread 0x00000277fbb118a0 nmethod 8185 0x00000277e6a24b10 code [0x00000277e6a24c80, 0x00000277e6a24d50]
Event: 90.099 Thread 0x00000277fbb118a0 8186       3       org.apache.catalina.webresources.Cache$$Lambda$1098/0x00000277817cb980::applyAsLong (8 bytes)
Event: 90.099 Thread 0x00000277fbb118a0 nmethod 8186 0x00000277df4faf90 code [0x00000277df4fb120, 0x00000277df4fb360]

GC Heap History (20 events):
Event: 12.543 GC heap after
{Heap after GC invocations=14 (full 0):
 garbage-first heap   total 110592K, used 26638K [0x0000000602400000, 0x0000000800000000)
  region size 4096K, 2 young (8192K), 2 survivors (8192K)
 Metaspace       used 48791K, committed 49216K, reserved 1114112K
  class space    used 6179K, committed 6400K, reserved 1048576K
}
Event: 13.468 GC heap before
{Heap before GC invocations=14 (full 0):
 garbage-first heap   total 110592K, used 83982K [0x0000000602400000, 0x0000000800000000)
  region size 4096K, 16 young (65536K), 2 survivors (8192K)
 Metaspace       used 52982K, committed 53440K, reserved 1114112K
  class space    used 6817K, committed 7040K, reserved 1048576K
}
Event: 13.474 GC heap after
{Heap after GC invocations=15 (full 0):
 garbage-first heap   total 110592K, used 28082K [0x0000000602400000, 0x0000000800000000)
  region size 4096K, 2 young (8192K), 2 survivors (8192K)
 Metaspace       used 52982K, committed 53440K, reserved 1114112K
  class space    used 6817K, committed 7040K, reserved 1048576K
}
Event: 14.401 GC heap before
{Heap before GC invocations=15 (full 0):
 garbage-first heap   total 110592K, used 85426K [0x0000000602400000, 0x0000000800000000)
  region size 4096K, 16 young (65536K), 2 survivors (8192K)
 Metaspace       used 55699K, committed 56128K, reserved 1114112K
  class space    used 7127K, committed 7360K, reserved 1048576K
}
Event: 14.406 GC heap after
{Heap after GC invocations=16 (full 0):
 garbage-first heap   total 110592K, used 29513K [0x0000000602400000, 0x0000000800000000)
  region size 4096K, 2 young (8192K), 2 survivors (8192K)
 Metaspace       used 55699K, committed 56128K, reserved 1114112K
  class space    used 7127K, committed 7360K, reserved 1048576K
}
Event: 15.295 GC heap before
{Heap before GC invocations=16 (full 0):
 garbage-first heap   total 110592K, used 82761K [0x0000000602400000, 0x0000000800000000)
  region size 4096K, 16 young (65536K), 2 survivors (8192K)
 Metaspace       used 60020K, committed 60416K, reserved 1114112K
  class space    used 7658K, committed 7872K, reserved 1048576K
}
Event: 15.301 GC heap after
{Heap after GC invocations=17 (full 0):
 garbage-first heap   total 110592K, used 32052K [0x0000000602400000, 0x0000000800000000)
  region size 4096K, 2 young (8192K), 2 survivors (8192K)
 Metaspace       used 60020K, committed 60416K, reserved 1114112K
  class space    used 7658K, committed 7872K, reserved 1048576K
}
Event: 21.676 GC heap before
{Heap before GC invocations=18 (full 0):
 garbage-first heap   total 110592K, used 89396K [0x0000000602400000, 0x0000000800000000)
  region size 4096K, 16 young (65536K), 2 survivors (8192K)
 Metaspace       used 60774K, committed 61184K, reserved 1114112K
  class space    used 7757K, committed 7936K, reserved 1048576K
}
Event: 21.681 GC heap after
{Heap after GC invocations=19 (full 0):
 garbage-first heap   total 110592K, used 32613K [0x0000000602400000, 0x0000000800000000)
  region size 4096K, 2 young (8192K), 2 survivors (8192K)
 Metaspace       used 60774K, committed 61184K, reserved 1114112K
  class space    used 7757K, committed 7936K, reserved 1048576K
}
Event: 32.766 GC heap before
{Heap before GC invocations=19 (full 0):
 garbage-first heap   total 110592K, used 89957K [0x0000000602400000, 0x0000000800000000)
  region size 4096K, 16 young (65536K), 2 survivors (8192K)
 Metaspace       used 60776K, committed 61184K, reserved 1114112K
  class space    used 7757K, committed 7936K, reserved 1048576K
}
Event: 32.770 GC heap after
{Heap after GC invocations=20 (full 0):
 garbage-first heap   total 110592K, used 32593K [0x0000000602400000, 0x0000000800000000)
  region size 4096K, 1 young (4096K), 1 survivors (4096K)
 Metaspace       used 60776K, committed 61184K, reserved 1114112K
  class space    used 7757K, committed 7936K, reserved 1048576K
}
Event: 44.244 GC heap before
{Heap before GC invocations=20 (full 0):
 garbage-first heap   total 110592K, used 94033K [0x0000000602400000, 0x0000000800000000)
  region size 4096K, 16 young (65536K), 1 survivors (4096K)
 Metaspace       used 60779K, committed 61184K, reserved 1114112K
  class space    used 7757K, committed 7936K, reserved 1048576K
}
Event: 44.247 GC heap after
{Heap after GC invocations=21 (full 0):
 garbage-first heap   total 110592K, used 32397K [0x0000000602400000, 0x0000000800000000)
  region size 4096K, 1 young (4096K), 1 survivors (4096K)
 Metaspace       used 60779K, committed 61184K, reserved 1114112K
  class space    used 7757K, committed 7936K, reserved 1048576K
}
Event: 55.902 GC heap before
{Heap before GC invocations=21 (full 0):
 garbage-first heap   total 110592K, used 93837K [0x0000000602400000, 0x0000000800000000)
  region size 4096K, 16 young (65536K), 1 survivors (4096K)
 Metaspace       used 60779K, committed 61184K, reserved 1114112K
  class space    used 7757K, committed 7936K, reserved 1048576K
}
Event: 55.905 GC heap after
{Heap after GC invocations=22 (full 0):
 garbage-first heap   total 110592K, used 32615K [0x0000000602400000, 0x0000000800000000)
  region size 4096K, 1 young (4096K), 1 survivors (4096K)
 Metaspace       used 60779K, committed 61184K, reserved 1114112K
  class space    used 7757K, committed 7936K, reserved 1048576K
}
Event: 67.410 GC heap before
{Heap before GC invocations=22 (full 0):
 garbage-first heap   total 110592K, used 94055K [0x0000000602400000, 0x0000000800000000)
  region size 4096K, 16 young (65536K), 1 survivors (4096K)
 Metaspace       used 60779K, committed 61184K, reserved 1114112K
  class space    used 7757K, committed 7936K, reserved 1048576K
}
Event: 67.413 GC heap after
{Heap after GC invocations=23 (full 0):
 garbage-first heap   total 110592K, used 32451K [0x0000000602400000, 0x0000000800000000)
  region size 4096K, 1 young (4096K), 1 survivors (4096K)
 Metaspace       used 60779K, committed 61184K, reserved 1114112K
  class space    used 7757K, committed 7936K, reserved 1048576K
}
Event: 79.072 GC heap before
{Heap before GC invocations=23 (full 0):
 garbage-first heap   total 110592K, used 93891K [0x0000000602400000, 0x0000000800000000)
  region size 4096K, 16 young (65536K), 1 survivors (4096K)
 Metaspace       used 60780K, committed 61184K, reserved 1114112K
  class space    used 7758K, committed 7936K, reserved 1048576K
}
Event: 79.076 GC heap after
{Heap after GC invocations=24 (full 0):
 garbage-first heap   total 110592K, used 32388K [0x0000000602400000, 0x0000000800000000)
  region size 4096K, 1 young (4096K), 1 survivors (4096K)
 Metaspace       used 60780K, committed 61184K, reserved 1114112K
  class space    used 7758K, committed 7936K, reserved 1048576K
}
Event: 91.873 GC heap before
{Heap before GC invocations=24 (full 0):
 garbage-first heap   total 110592K, used 93828K [0x0000000602400000, 0x0000000800000000)
  region size 4096K, 16 young (65536K), 1 survivors (4096K)
 Metaspace       used 60791K, committed 61184K, reserved 1114112K
  class space    used 7759K, committed 7936K, reserved 1048576K
}

Dll operation events (13 events):
Event: 0.015 Loaded shared library C:\Users\Daniel\OneDrive - UNIVERSIDAD DE SEVILLA\Documentos\Escritorio\SandBox\Repos\Workspace-24\Tools\Infrastructure\jdk-20.0.2\bin\java.dll
Event: 0.046 Loaded shared library C:\Users\Daniel\OneDrive - UNIVERSIDAD DE SEVILLA\Documentos\Escritorio\SandBox\Repos\Workspace-24\Tools\Infrastructure\jdk-20.0.2\bin\jsvml.dll
Event: 0.415 Loaded shared library C:\Users\Daniel\OneDrive - UNIVERSIDAD DE SEVILLA\Documentos\Escritorio\SandBox\Repos\Workspace-24\Tools\Infrastructure\jdk-20.0.2\bin\zip.dll
Event: 0.423 Loaded shared library C:\Users\Daniel\OneDrive - UNIVERSIDAD DE SEVILLA\Documentos\Escritorio\SandBox\Repos\Workspace-24\Tools\Infrastructure\jdk-20.0.2\bin\instrument.dll
Event: 0.439 Loaded shared library C:\Users\Daniel\OneDrive - UNIVERSIDAD DE SEVILLA\Documentos\Escritorio\SandBox\Repos\Workspace-24\Tools\Infrastructure\jdk-20.0.2\bin\net.dll
Event: 0.442 Loaded shared library C:\Users\Daniel\OneDrive - UNIVERSIDAD DE SEVILLA\Documentos\Escritorio\SandBox\Repos\Workspace-24\Tools\Infrastructure\jdk-20.0.2\bin\nio.dll
Event: 0.448 Loaded shared library C:\Users\Daniel\OneDrive - UNIVERSIDAD DE SEVILLA\Documentos\Escritorio\SandBox\Repos\Workspace-24\Tools\Infrastructure\jdk-20.0.2\bin\zip.dll
Event: 0.765 Loaded shared library C:\Users\Daniel\OneDrive - UNIVERSIDAD DE SEVILLA\Documentos\Escritorio\SandBox\Repos\Workspace-24\Tools\Infrastructure\jdk-20.0.2\bin\jimage.dll
Event: 0.825 Loaded shared library C:\Users\Daniel\OneDrive - UNIVERSIDAD DE SEVILLA\Documentos\Escritorio\SandBox\Repos\Workspace-24\Tools\Infrastructure\jdk-20.0.2\bin\verify.dll
Event: 2.009 Loaded shared library C:\Users\Daniel\OneDrive - UNIVERSIDAD DE SEVILLA\Documentos\Escritorio\SandBox\Repos\Workspace-24\Tools\Infrastructure\jdk-20.0.2\bin\management.dll
Event: 2.014 Loaded shared library C:\Users\Daniel\OneDrive - UNIVERSIDAD DE SEVILLA\Documentos\Escritorio\SandBox\Repos\Workspace-24\Tools\Infrastructure\jdk-20.0.2\bin\management_ext.dll
Event: 2.373 Loaded shared library C:\Users\Daniel\OneDrive - UNIVERSIDAD DE SEVILLA\Documentos\Escritorio\SandBox\Repos\Workspace-24\Tools\Infrastructure\jdk-20.0.2\bin\extnet.dll
Event: 8.077 Loaded shared library C:\Users\Daniel\OneDrive - UNIVERSIDAD DE SEVILLA\Documentos\Escritorio\SandBox\Repos\Workspace-24\Tools\Infrastructure\jdk-20.0.2\bin\sunmscapi.dll

Deoptimization events (20 events):
Event: 91.871 Thread 0x00000277fbb08ef0 DEOPT PACKING pc=0x00000277e6c6c864 sp=0x000000b2fcafeb20
Event: 91.871 Thread 0x00000277fbb08ef0 DEOPT UNPACKING pc=0x00000277e636e462 sp=0x000000b2fcafdf30 mode 1
Event: 91.871 Thread 0x00000277fbb08ef0 DEOPT PACKING pc=0x00000277e6c72e10 sp=0x000000b2fcafec00
Event: 91.871 Thread 0x00000277fbb08ef0 DEOPT UNPACKING pc=0x00000277e636e462 sp=0x000000b2fcafe038 mode 1
Event: 91.872 Thread 0x00000277fbb08ef0 DEOPT PACKING pc=0x00000277e6a1a208 sp=0x000000b2fcafe990
Event: 91.872 Thread 0x00000277fbb08ef0 DEOPT UNPACKING pc=0x00000277e636e462 sp=0x000000b2fcafdd48 mode 1
Event: 91.872 Thread 0x00000277fbb08ef0 DEOPT PACKING pc=0x00000277e6b36d7c sp=0x000000b2fcafea40
Event: 91.872 Thread 0x00000277fbb08ef0 DEOPT UNPACKING pc=0x00000277e636e462 sp=0x000000b2fcafdf08 mode 1
Event: 91.872 Thread 0x00000277fbb08ef0 DEOPT PACKING pc=0x00000277e6c6c864 sp=0x000000b2fcafeb20
Event: 91.872 Thread 0x00000277fbb08ef0 DEOPT UNPACKING pc=0x00000277e636e462 sp=0x000000b2fcafdf30 mode 1
Event: 91.872 Thread 0x00000277fbb08ef0 DEOPT PACKING pc=0x00000277e6c72e10 sp=0x000000b2fcafec00
Event: 91.872 Thread 0x00000277fbb08ef0 DEOPT UNPACKING pc=0x00000277e636e462 sp=0x000000b2fcafe038 mode 1
Event: 91.872 Thread 0x00000277fbb08ef0 DEOPT PACKING pc=0x00000277e6a1a208 sp=0x000000b2fcafe990
Event: 91.872 Thread 0x00000277fbb08ef0 DEOPT UNPACKING pc=0x00000277e636e462 sp=0x000000b2fcafdd48 mode 1
Event: 91.872 Thread 0x00000277fbb08ef0 DEOPT PACKING pc=0x00000277e6b36d7c sp=0x000000b2fcafea40
Event: 91.872 Thread 0x00000277fbb08ef0 DEOPT UNPACKING pc=0x00000277e636e462 sp=0x000000b2fcafdf08 mode 1
Event: 91.872 Thread 0x00000277fbb08ef0 DEOPT PACKING pc=0x00000277e6c6c864 sp=0x000000b2fcafeb20
Event: 91.872 Thread 0x00000277fbb08ef0 DEOPT UNPACKING pc=0x00000277e636e462 sp=0x000000b2fcafdf30 mode 1
Event: 91.872 Thread 0x00000277fbb08ef0 DEOPT PACKING pc=0x00000277e6c72e10 sp=0x000000b2fcafec00
Event: 91.872 Thread 0x00000277fbb08ef0 DEOPT UNPACKING pc=0x00000277e636e462 sp=0x000000b2fcafe038 mode 1

Classes loaded (20 events):
Event: 14.785 Loading class java/util/concurrent/CompletionStage done
Event: 14.786 Loading class java/util/concurrent/CompletableFuture done
Event: 14.797 Loading class java/util/concurrent/CompletableFuture$AltResult
Event: 14.797 Loading class java/util/concurrent/CompletableFuture$AltResult done
Event: 14.798 Loading class java/util/concurrent/CompletableFuture$Completion
Event: 14.798 Loading class java/util/concurrent/CompletableFuture$AsynchronousCompletionTask
Event: 14.798 Loading class java/util/concurrent/CompletableFuture$AsynchronousCompletionTask done
Event: 14.798 Loading class java/util/concurrent/CompletableFuture$Completion done
Event: 14.949 Loading class java/lang/ObjectCustomizer
Event: 14.949 Loading class java/lang/ObjectCustomizer done
Event: 14.949 Loading class java/lang/ObjectCustomizer
Event: 14.949 Loading class java/lang/ObjectCustomizer done
Event: 15.040 Loading class java/lang/Package$1PackageInfoProxy
Event: 15.041 Loading class java/lang/Package$1PackageInfoProxy done
Event: 15.155 Loading class java/util/regex/Pattern$Bound
Event: 15.155 Loading class java/util/regex/Pattern$Bound done
Event: 15.157 Loading class java/util/regex/Pattern$Behind
Event: 15.157 Loading class java/util/regex/Pattern$Behind done
Event: 15.189 Loading class java/lang/invoke/WrongMethodTypeException
Event: 15.189 Loading class java/lang/invoke/WrongMethodTypeException done

Classes unloaded (0 events):
No events

Classes redefined (0 events):
No events

Internal exceptions (20 events):
Event: 91.864 Thread 0x00000277fbb08ef0 Exception <a 'java/net/ConnectException'{0x00000006057f52c8}: Connection refused: connect> (0x00000006057f52c8) 
thrown [s\open\src\hotspot\share\prims\jni.cpp, line 538]
Event: 91.865 Thread 0x00000277fbb08ef0 Exception <a 'java/net/ConnectException'{0x00000006057f5b58}: Connection refused: connect> (0x00000006057f5b58) 
thrown [s\open\src\hotspot\share\prims\jni.cpp, line 538]
Event: 91.865 Thread 0x00000277fbb08ef0 Exception <a 'java/net/ConnectException'{0x00000006057f63e8}: Connection refused: connect> (0x00000006057f63e8) 
thrown [s\open\src\hotspot\share\prims\jni.cpp, line 538]
Event: 91.866 Thread 0x00000277fbb08ef0 Exception <a 'java/net/ConnectException'{0x00000006057f6c78}: Connection refused: connect> (0x00000006057f6c78) 
thrown [s\open\src\hotspot\share\prims\jni.cpp, line 538]
Event: 91.866 Thread 0x00000277fbb08ef0 Exception <a 'java/net/ConnectException'{0x00000006057f7508}: Connection refused: connect> (0x00000006057f7508) 
thrown [s\open\src\hotspot\share\prims\jni.cpp, line 538]
Event: 91.866 Thread 0x00000277fbb08ef0 Exception <a 'java/net/ConnectException'{0x00000006057f7d98}: Connection refused: connect> (0x00000006057f7d98) 
thrown [s\open\src\hotspot\share\prims\jni.cpp, line 538]
Event: 91.867 Thread 0x00000277fbb08ef0 Exception <a 'java/net/ConnectException'{0x00000006057f8628}: Connection refused: connect> (0x00000006057f8628) 
thrown [s\open\src\hotspot\share\prims\jni.cpp, line 538]
Event: 91.867 Thread 0x00000277fbb08ef0 Exception <a 'java/net/ConnectException'{0x00000006057f8eb8}: Connection refused: connect> (0x00000006057f8eb8) 
thrown [s\open\src\hotspot\share\prims\jni.cpp, line 538]
Event: 91.868 Thread 0x00000277fbb08ef0 Exception <a 'java/net/ConnectException'{0x00000006057f9748}: Connection refused: connect> (0x00000006057f9748) 
thrown [s\open\src\hotspot\share\prims\jni.cpp, line 538]
Event: 91.868 Thread 0x00000277fbb08ef0 Exception <a 'java/net/ConnectException'{0x00000006057f9fd8}: Connection refused: connect> (0x00000006057f9fd8) 
thrown [s\open\src\hotspot\share\prims\jni.cpp, line 538]
Event: 91.868 Thread 0x00000277fbb08ef0 Exception <a 'java/net/ConnectException'{0x00000006057fa868}: Connection refused: connect> (0x00000006057fa868) 
thrown [s\open\src\hotspot\share\prims\jni.cpp, line 538]
Event: 91.869 Thread 0x00000277fbb08ef0 Exception <a 'java/net/ConnectException'{0x00000006057fb0f8}: Connection refused: connect> (0x00000006057fb0f8) 
thrown [s\open\src\hotspot\share\prims\jni.cpp, line 538]
Event: 91.869 Thread 0x00000277fbb08ef0 Exception <a 'java/net/ConnectException'{0x00000006057fb988}: Connection refused: connect> (0x00000006057fb988) 
thrown [s\open\src\hotspot\share\prims\jni.cpp, line 538]
Event: 91.870 Thread 0x00000277fbb08ef0 Exception <a 'java/net/ConnectException'{0x00000006057fc218}: Connection refused: connect> (0x00000006057fc218) 
thrown [s\open\src\hotspot\share\prims\jni.cpp, line 538]
Event: 91.870 Thread 0x00000277fbb08ef0 Exception <a 'java/net/ConnectException'{0x00000006057fcaa8}: Connection refused: connect> (0x00000006057fcaa8) 
thrown [s\open\src\hotspot\share\prims\jni.cpp, line 538]
Event: 91.870 Thread 0x00000277fbb08ef0 Exception <a 'java/net/ConnectException'{0x00000006057fd338}: Connection refused: connect> (0x00000006057fd338) 
thrown [s\open\src\hotspot\share\prims\jni.cpp, line 538]
Event: 91.871 Thread 0x00000277fbb08ef0 Exception <a 'java/net/ConnectException'{0x00000006057fdbc8}: Connection refused: connect> (0x00000006057fdbc8) 
thrown [s\open\src\hotspot\share\prims\jni.cpp, line 538]
Event: 91.871 Thread 0x00000277fbb08ef0 Exception <a 'java/net/ConnectException'{0x00000006057fe458}: Connection refused: connect> (0x00000006057fe458) 
thrown [s\open\src\hotspot\share\prims\jni.cpp, line 538]
Event: 91.872 Thread 0x00000277fbb08ef0 Exception <a 'java/net/ConnectException'{0x00000006057fece8}: Connection refused: connect> (0x00000006057fece8) 
thrown [s\open\src\hotspot\share\prims\jni.cpp, line 538]
Event: 91.872 Thread 0x00000277fbb08ef0 Exception <a 'java/net/ConnectException'{0x00000006057ff578}: Connection refused: connect> (0x00000006057ff578) 
thrown [s\open\src\hotspot\share\prims\jni.cpp, line 538]

VM Operations (20 events):
Event: 20.700 Executing VM operation: Cleanup done
Event: 21.676 Executing VM operation: G1CollectForAllocation
Event: 21.681 Executing VM operation: G1CollectForAllocation done
Event: 32.766 Executing VM operation: G1CollectForAllocation
Event: 32.770 Executing VM operation: G1CollectForAllocation done
Event: 44.243 Executing VM operation: G1CollectForAllocation
Event: 44.247 Executing VM operation: G1CollectForAllocation done
Event: 55.902 Executing VM operation: G1CollectForAllocation
Event: 55.905 Executing VM operation: G1CollectForAllocation done
Event: 60.052 Executing VM operation: HandshakeAllThreads
Event: 60.052 Executing VM operation: HandshakeAllThreads done
Event: 67.410 Executing VM operation: G1CollectForAllocation
Event: 67.413 Executing VM operation: G1CollectForAllocation done
Event: 79.072 Executing VM operation: G1CollectForAllocation
Event: 79.076 Executing VM operation: G1CollectForAllocation done
Event: 89.406 Executing VM operation: ChangeSingleStep
Event: 89.406 Executing VM operation: ChangeSingleStep done
Event: 89.407 Executing VM operation: ChangeSingleStep
Event: 89.407 Executing VM operation: ChangeSingleStep done
Event: 91.872 Executing VM operation: G1CollectForAllocation

Events (20 events):
Event: 15.342 Thread 0x00000277fbad3780 flushing nmethod 0x00000277e69a9e10
Event: 15.342 Thread 0x00000277fbad3780 flushing nmethod 0x00000277e6a61290
Event: 15.342 Thread 0x00000277fbad3780 flushing nmethod 0x00000277e6a17310
Event: 15.342 Thread 0x00000277fbad3780 flushing nmethod 0x00000277e69d3b90
Event: 15.342 Thread 0x00000277fbad3780 flushing nmethod 0x00000277e69e3e10
Event: 15.342 Thread 0x00000277fbad3780 flushing nmethod 0x00000277e69e2790
Event: 15.342 Thread 0x00000277fbad3780 flushing nmethod 0x00000277e69e0690
Event: 15.342 Thread 0x00000277fbad3780 flushing nmethod 0x00000277e69cea90
Event: 15.342 Thread 0x00000277fbad3780 flushing nmethod 0x00000277e69c5710
Event: 15.342 Thread 0x00000277fbad3780 flushing nmethod 0x00000277e698f390
Event: 15.342 Thread 0x00000277fbad3780 flushing nmethod 0x00000277e692bb10
Event: 15.342 Thread 0x00000277fbad3780 flushing nmethod 0x00000277e68cd390
Event: 15.342 Thread 0x00000277fbad3780 flushing nmethod 0x00000277e693c210
Event: 15.342 Thread 0x00000277fbad3780 flushing nmethod 0x00000277e6937910
Event: 15.342 Thread 0x00000277fbad3780 flushing nmethod 0x00000277e68eb510
Event: 15.342 Thread 0x00000277fbad3780 flushing nmethod 0x00000277e68b7f10
Event: 15.342 Thread 0x00000277fbad3780 flushing nmethod 0x00000277e68adb10
Event: 16.655 Thread 0x00000277fbb0a980 Thread exited: 0x00000277fbb0a980
Event: 21.249 Thread 0x00000277cc169000 Thread exited: 0x00000277cc169000
Event: 21.249 Thread 0x00000277c5fb7d50 Thread exited: 0x00000277c5fb7d50


Dynamic libraries:
0x00007ff7e3fd0000 - 0x00007ff7e3fe0000 	C:\Users\Daniel\OneDrive - UNIVERSIDAD DE SEVILLA\Documentos\Escritorio\SandBox\Repos\Workspace-24\Tools\Infrastructure\jdk-20.0.2\bin\javaw.exe
0x00007ffe61190000 - 0x00007ffe613a6000 	C:\WINDOWS\SYSTEM32\ntdll.dll
0x00007ffe603e0000 - 0x00007ffe604a4000 	C:\WINDOWS\System32\KERNEL32.DLL
0x00007ffe5e560000 - 0x00007ffe5e907000 	C:\WINDOWS\System32\KERNELBASE.dll
0x00007ffe5eb90000 - 0x00007ffe5eca1000 	C:\WINDOWS\System32\ucrtbase.dll
0x00007ffe587c0000 - 0x00007ffe587d9000 	C:\Users\Daniel\OneDrive - UNIVERSIDAD DE SEVILLA\Documentos\Escritorio\SandBox\Repos\Workspace-24\Tools\Infrastructure\jdk-20.0.2\bin\jli.dll
0x00007ffe42c80000 - 0x00007ffe42c9b000 	C:\Users\Daniel\OneDrive - UNIVERSIDAD DE SEVILLA\Documentos\Escritorio\SandBox\Repos\Workspace-24\Tools\Infrastructure\jdk-20.0.2\bin\VCRUNTIME140.dll
0x00007ffe60660000 - 0x00007ffe60712000 	C:\WINDOWS\System32\ADVAPI32.dll
0x00007ffe60bf0000 - 0x00007ffe60c97000 	C:\WINDOWS\System32\msvcrt.dll
0x00007ffe5f270000 - 0x00007ffe5f318000 	C:\WINDOWS\System32\sechost.dll
0x00007ffe5e530000 - 0x00007ffe5e558000 	C:\WINDOWS\System32\bcrypt.dll
0x00007ffe60ca0000 - 0x00007ffe60db5000 	C:\WINDOWS\System32\RPCRT4.dll
0x00007ffe604b0000 - 0x00007ffe6065e000 	C:\WINDOWS\System32\USER32.dll
0x00007ffe5ea40000 - 0x00007ffe5ea66000 	C:\WINDOWS\System32\win32u.dll
0x00007ffe60a30000 - 0x00007ffe60a59000 	C:\WINDOWS\System32\GDI32.dll
0x00007ffe5ea70000 - 0x00007ffe5eb89000 	C:\WINDOWS\System32\gdi32full.dll
0x00007ffe41530000 - 0x00007ffe417c3000 	C:\WINDOWS\WinSxS\amd64_microsoft.windows.common-controls_6595b64144ccf1df_6.0.22621.3235_none_270f74e173860f98\COMCTL32.dll
0x00007ffe5ecb0000 - 0x00007ffe5ed4a000 	C:\WINDOWS\System32\msvcp_win.dll
0x00007ffe56590000 - 0x00007ffe5659a000 	C:\WINDOWS\SYSTEM32\VERSION.dll
0x00007ffe5fec0000 - 0x00007ffe5fef1000 	C:\WINDOWS\System32\IMM32.DLL
0x00007ffe58bc0000 - 0x00007ffe58bcc000 	C:\Users\Daniel\OneDrive - UNIVERSIDAD DE SEVILLA\Documentos\Escritorio\SandBox\Repos\Workspace-24\Tools\Infrastructure\jdk-20.0.2\bin\vcruntime140_1.dll
0x00007ffe188e0000 - 0x00007ffe1896e000 	C:\Users\Daniel\OneDrive - UNIVERSIDAD DE SEVILLA\Documentos\Escritorio\SandBox\Repos\Workspace-24\Tools\Infrastructure\jdk-20.0.2\bin\msvcp140.dll
0x00007ffda6930000 - 0x00007ffda75c8000 	C:\Users\Daniel\OneDrive - UNIVERSIDAD DE SEVILLA\Documentos\Escritorio\SandBox\Repos\Workspace-24\Tools\Infrastructure\jdk-20.0.2\bin\server\jvm.dll
0x00007ffe520a0000 - 0x00007ffe520a9000 	C:\WINDOWS\SYSTEM32\WSOCK32.dll
0x00007ffe54d50000 - 0x00007ffe54d84000 	C:\WINDOWS\SYSTEM32\WINMM.dll
0x00007ffe5eec0000 - 0x00007ffe5ef31000 	C:\WINDOWS\System32\WS2_32.dll
0x00007ffe5d5b0000 - 0x00007ffe5d5c8000 	C:\WINDOWS\SYSTEM32\kernel.appcore.dll
0x00007ffe58850000 - 0x00007ffe5885a000 	C:\Users\Daniel\OneDrive - UNIVERSIDAD DE SEVILLA\Documentos\Escritorio\SandBox\Repos\Workspace-24\Tools\Infrastructure\jdk-20.0.2\bin\jimage.dll
0x00007ffe5bcb0000 - 0x00007ffe5bee3000 	C:\WINDOWS\SYSTEM32\DBGHELP.DLL
0x00007ffe60dc0000 - 0x00007ffe61148000 	C:\WINDOWS\System32\combase.dll
0x00007ffe5efa0000 - 0x00007ffe5f077000 	C:\WINDOWS\System32\OLEAUT32.dll
0x00007ffe1a960000 - 0x00007ffe1a992000 	C:\WINDOWS\SYSTEM32\dbgcore.DLL
0x00007ffe5e4b0000 - 0x00007ffe5e529000 	C:\WINDOWS\System32\bcryptPrimitives.dll
0x00007ffe3b750000 - 0x00007ffe3b78c000 	C:\Users\Daniel\OneDrive - UNIVERSIDAD DE SEVILLA\Documentos\Escritorio\SandBox\Repos\Workspace-24\Tools\Infrastructure\jdk-20.0.2\bin\jdwp.dll
0x00007ffe42c60000 - 0x00007ffe42c6e000 	C:\Users\Daniel\OneDrive - UNIVERSIDAD DE SEVILLA\Documentos\Escritorio\SandBox\Repos\Workspace-24\Tools\Infrastructure\jdk-20.0.2\bin\instrument.dll
0x00007ffe3b4c0000 - 0x00007ffe3b4e6000 	C:\Users\Daniel\OneDrive - UNIVERSIDAD DE SEVILLA\Documentos\Escritorio\SandBox\Repos\Workspace-24\Tools\Infrastructure\jdk-20.0.2\bin\java.dll
0x00007ffe05160000 - 0x00007ffe05237000 	C:\Users\Daniel\OneDrive - UNIVERSIDAD DE SEVILLA\Documentos\Escritorio\SandBox\Repos\Workspace-24\Tools\Infrastructure\jdk-20.0.2\bin\jsvml.dll
0x00007ffe5f4f0000 - 0x00007ffe5fd4c000 	C:\WINDOWS\System32\SHELL32.dll
0x00007ffe5c3f0000 - 0x00007ffe5cce9000 	C:\WINDOWS\SYSTEM32\windows.storage.dll
0x00007ffe5c2b0000 - 0x00007ffe5c3ee000 	C:\WINDOWS\SYSTEM32\wintypes.dll
0x00007ffe5f0f0000 - 0x00007ffe5f1e3000 	C:\WINDOWS\System32\SHCORE.dll
0x00007ffe60380000 - 0x00007ffe603de000 	C:\WINDOWS\System32\shlwapi.dll
0x00007ffe5e3e0000 - 0x00007ffe5e401000 	C:\WINDOWS\SYSTEM32\profapi.dll
0x00007ffe42c50000 - 0x00007ffe42c5c000 	C:\Users\Daniel\OneDrive - UNIVERSIDAD DE SEVILLA\Documentos\Escritorio\SandBox\Repos\Workspace-24\Tools\Infrastructure\jdk-20.0.2\bin\dt_socket.dll
0x00007ffe5d000000 - 0x00007ffe5d02d000 	C:\WINDOWS\SYSTEM32\IPHLPAPI.DLL
0x00007ffe5da10000 - 0x00007ffe5da79000 	C:\WINDOWS\system32\mswsock.dll
0x00007ffe5d030000 - 0x00007ffe5d129000 	C:\WINDOWS\SYSTEM32\DNSAPI.dll
0x00007ffe5fe00000 - 0x00007ffe5fe09000 	C:\WINDOWS\System32\NSI.dll
0x00007ffe547a0000 - 0x00007ffe547aa000 	C:\Windows\System32\rasadhlp.dll
0x00007ffe55cb0000 - 0x00007ffe55d33000 	C:\WINDOWS\System32\fwpuclnt.dll
0x00007ffe3c770000 - 0x00007ffe3c788000 	C:\Users\Daniel\OneDrive - UNIVERSIDAD DE SEVILLA\Documentos\Escritorio\SandBox\Repos\Workspace-24\Tools\Infrastructure\jdk-20.0.2\bin\zip.dll
0x00007ffe3c570000 - 0x00007ffe3c583000 	C:\Users\Daniel\OneDrive - UNIVERSIDAD DE SEVILLA\Documentos\Escritorio\SandBox\Repos\Workspace-24\Tools\Infrastructure\jdk-20.0.2\bin\net.dll
0x00007ffe57ce0000 - 0x00007ffe57e16000 	C:\WINDOWS\SYSTEM32\WINHTTP.dll
0x00007ffe3b730000 - 0x00007ffe3b746000 	C:\Users\Daniel\OneDrive - UNIVERSIDAD DE SEVILLA\Documentos\Escritorio\SandBox\Repos\Workspace-24\Tools\Infrastructure\jdk-20.0.2\bin\nio.dll
0x00007ffe42aa0000 - 0x00007ffe42ab0000 	C:\Users\Daniel\OneDrive - UNIVERSIDAD DE SEVILLA\Documentos\Escritorio\SandBox\Repos\Workspace-24\Tools\Infrastructure\jdk-20.0.2\bin\verify.dll
0x00007ffe42a50000 - 0x00007ffe42a5a000 	C:\Users\Daniel\OneDrive - UNIVERSIDAD DE SEVILLA\Documentos\Escritorio\SandBox\Repos\Workspace-24\Tools\Infrastructure\jdk-20.0.2\bin\management.dll
0x00007ffe3c820000 - 0x00007ffe3c82b000 	C:\Users\Daniel\OneDrive - UNIVERSIDAD DE SEVILLA\Documentos\Escritorio\SandBox\Repos\Workspace-24\Tools\Infrastructure\jdk-20.0.2\bin\management_ext.dll
0x00007ffe5fd80000 - 0x00007ffe5fd88000 	C:\WINDOWS\System32\PSAPI.DLL
0x00007ffddb820000 - 0x00007ffddb837000 	C:\WINDOWS\system32\napinsp.dll
0x00007ffdb53a0000 - 0x00007ffdb53bb000 	C:\WINDOWS\system32\pnrpnsp.dll
0x00007ffdb5380000 - 0x00007ffdb5391000 	C:\WINDOWS\System32\winrnr.dll
0x00007ffe3f4a0000 - 0x00007ffe3f4b5000 	C:\WINDOWS\system32\wshbth.dll
0x00007ffe1af80000 - 0x00007ffe1afa1000 	C:\WINDOWS\system32\nlansp_c.dll
0x00007ffe3c220000 - 0x00007ffe3c227000 	C:\Users\Daniel\OneDrive - UNIVERSIDAD DE SEVILLA\Documentos\Escritorio\SandBox\Repos\Workspace-24\Tools\Infrastructure\jdk-20.0.2\bin\extnet.dll
0x00007ffe5dd60000 - 0x00007ffe5dd7b000 	C:\WINDOWS\SYSTEM32\CRYPTSP.dll
0x00007ffe5d510000 - 0x00007ffe5d545000 	C:\WINDOWS\system32\rsaenh.dll
0x00007ffe5dab0000 - 0x00007ffe5dad8000 	C:\WINDOWS\SYSTEM32\USERENV.dll
0x00007ffe5dd40000 - 0x00007ffe5dd4c000 	C:\WINDOWS\SYSTEM32\CRYPTBASE.dll
0x00007ffe57a10000 - 0x00007ffe57a29000 	C:\WINDOWS\SYSTEM32\dhcpcsvc6.DLL
0x00007ffe57970000 - 0x00007ffe5798f000 	C:\WINDOWS\SYSTEM32\dhcpcsvc.DLL
0x00007ffe3b6b0000 - 0x00007ffe3b6be000 	C:\Users\Daniel\OneDrive - UNIVERSIDAD DE SEVILLA\Documentos\Escritorio\SandBox\Repos\Workspace-24\Tools\Infrastructure\jdk-20.0.2\bin\sunmscapi.dll
0x00007ffe5ed50000 - 0x00007ffe5eeb6000 	C:\WINDOWS\System32\CRYPT32.dll
0x00007ffe5de70000 - 0x00007ffe5de9e000 	C:\WINDOWS\SYSTEM32\ncrypt.dll
0x00007ffe5de30000 - 0x00007ffe5de67000 	C:\WINDOWS\SYSTEM32\NTASN1.dll

dbghelp: loaded successfully - version: 4.0.5 - missing functions: none
symbol engine: initialized successfully - sym options: 0x614 - pdb path: .;C:\Users\Daniel\OneDrive - UNIVERSIDAD DE SEVILLA\Documentos\Escritorio\SandBox\Repos\Workspace-24\Tools\Infrastructure\jdk-20.0.2\bin;C:\WINDOWS\SYSTEM32;C:\WINDOWS\WinSxS\amd64_microsoft.windows.common-controls_6595b64144ccf1df_6.0.22621.3235_none_270f74e173860f98;C:\Users\Daniel\OneDrive - UNIVERSIDAD DE SEVILLA\Documentos\Escritorio\SandBox\Repos\Workspace-24\Tools\Infrastructure\jdk-20.0.2\bin\server

VM Arguments:
jvm_args: -XX:+ShowCodeDetailsInExceptionMessages -agentlib:jdwp=transport=dt_socket,suspend=y,address=localhost:64392 -ea -ea -javaagent:C:\Users\Daniel\OneDrive - UNIVERSIDAD DE SEVILLA\Documentos\Escritorio\SandBox\Repos\Workspace-24\Tools\IDEs\eclipse-jee-2023-12R\configuration\org.eclipse.osgi\434\0\.cp\lib\javaagent-shaded.jar -Dfile.encoding=utf-8 -Dstdout.encoding=utf-8 -Dstderr.encoding=utf-8 
java_command: acme.Launcher --platform development --launcher runner
java_class_path (initial): C:\Users\Daniel\OneDrive - UNIVERSIDAD DE SEVILLA\Documentos\Escritorio\SandBox\Repos\Workspace-24\Projects\Acme-SF-D03\target\test-classes;C:\Users\Daniel\OneDrive - UNIVERSIDAD DE SEVILLA\Documentos\Escritorio\SandBox\Repos\Workspace-24\Projects\Acme-SF-D03\target\classes;C:\Users\Daniel\OneDrive - UNIVERSIDAD DE SEVILLA\Documentos\Escritorio\SandBox\Repos\Workspace-24\Frameworks\Acme-Framework-24.1.0\target\classes;C:\Users\Daniel\OneDrive - UNIVERSIDAD DE SEVILLA\Documentos\Escritorio\SandBox\Repos\Workspace-24\Frameworks\Acme-Framework-24.1.0\target\test-classes;C:\Users\Daniel\.m2\repository\org\springframework\boot\spring-boot-starter-tomcat\2.7.15\spring-boot-starter-tomcat-2.7.15.jar;C:\Users\Daniel\.m2\repository\jakarta\annotation\jakarta.annotation-api\1.3.5\jakarta.annotation-api-1.3.5.jar;C:\Users\Daniel\.m2\repository\org\apache\tomcat\embed\tomcat-embed-core\9.0.79\tomcat-embed-core-9.0.79.jar;C:\Users\Daniel\.m2\repository\org\apache\tomcat\embed\tomcat-embed-el\9.0.79\tomcat-embed-el-9.0.79.jar;C:\Users\Daniel\.m2\repository\org\apache\tomcat\embed\tomcat-embed-websocket\9.0.79\tomcat-embed-websocket-9.0.79.jar;C:\Users\Daniel\.m2\repository\org\apache\tomcat\embed\tomcat-embed-jasper\9.0.79\tomcat-embed-jasper-9.0.79.jar;C:\Users\Daniel\.m2\repository\org\eclipse\jdt\ecj\3.26.0\ecj-3.26.0.jar;C:\Users\Daniel\.m2\repository\javax\servlet\jstl\1.2\jstl-1.2.jar;C:\Users\Daniel\.m2\repository\org\springframework\boot\spring-boot-starter-security\2.7.15\spring-boot-starter-security-2.7.15.jar;C:\Users\Daniel\.m2\repository\org\springframework\boot\spring-boot-starter\2.7.15\spring-boot-starter-2.7.15.jar;C:\Users\Daniel\.m2\repository\org\springframework\boot\spring-boot\2.7.15\spring-boot-2.7.15.jar;C:\Users\Daniel\.m2\repository\org\springframework\boot\spring-boot-autoconfigure\2.7.15\spring-boot-autoconfigure-2.7.15.jar;C:\Users\Daniel\.m2\repository\org\springframework\boot\spring-boot-starter-logging\2.7.15\spring-boot-starter-logging-2.7.15.jar;C:\Users\Daniel\.m2\repository\ch\qos\logback\logback-classic\1.2.12\logback-classic-1.2.12.jar;C:\Users\Daniel\.m2\repository\org\apache\logging\log4j\log4j-to-slf4j\2.17.2\log4j-to-slf4j-2.17.2.jar;C:\Users\Daniel\.m2\repository\org\apache\logging\log4j\log4j-api\2.17.2\log4j-api-2.17.2.jar;C:\Users\Daniel\.m2\repository\org\slf4j\jul-to-slf4j\1.7.36\jul-to-slf4j-1.7.36.jar;C:\Users\Daniel\.m2\repository\org\yaml\snakeyaml\1.30\snakeyaml-1.30.jar;C:\Users\Daniel\.m2\repository\org\springframework\spring-aop\5.3.29\spring-aop-5.3.29.jar;C:\Users\Daniel\.m2\repository\org\springframework\security\spring-security-web\5.7.10\spring-security-web-5.7.10.jar;C:\Users\Daniel\.m2\repository\org\springframework\security\spring-security-core\5.7.10\spring-security-core-5.7.10.jar;C:\Users\Daniel\.m2\repository\org\springframework\security\spring-security-crypto\5.7.10\spring-security-crypto-5.7.10.jar;C:\Users\Daniel\.m2\repository\org\springframework\spring-core\5.3.29\spring-core-5.3.29.jar;C:\Users\Daniel\.m2\repository\org\springframework\spring-jcl\5.3.29\spring-jcl-5.3.29.jar;C:\Users\Daniel\.m2\repository\org\springframework\spring-beans\5.3.29\spring-beans-5.3.29.jar;C:\Users\Daniel\.m2\repository\org\springframework\spring-context\5.3.29\spring-context-5.3.29.jar;C:\Users\Daniel\.m2\repository\org\springframework\spring-expression\5.3.29\spring-expression-5.3.29.jar;C:\Users\Daniel\.m2\repository\org\springframework\spring-web\5.3.29\spring-web-5.3.29.jar;C:\Users\Daniel\.m2\repository\org\springframework\security\spring-security-config\5.7.10\spring-security-config-5.7.10.jar;C:\Users\Daniel\.m2\repository\org\springframework\security\spring-security-taglibs\5.7.10\spring-security-taglibs-5.7.10.jar;C:\Users\Daniel\.m2\repository\org\springframework\security\spring-security-acl\5.7.10\spring-security-acl-5.7.10.jar;C:\Users\Daniel\.m2\repository\org\springframework\spring-jdbc\5.3.29\spring-jdbc-5.3.29.jar;C:\Users\Daniel\.m2\repository\org\springframework\spring-tx\5.3.29\spring-tx-5.3.29.jar;C:\Users\Daniel\.m2\repository\org\springframework\boot\spring-boot-starter-web\2.7.15\spring-boot-starter-web-2.7.15.jar;C:\Users\Daniel\.m2\repository\org\springframework\boot\spring-boot-starter-json\2.7.15\spring-boot-starter-json-2.7.15.jar;C:\Users\Daniel\.m2\repository\com\fasterxml\jackson\datatype\jackson-datatype-jdk8\2.13.5\jackson-datatype-jdk8-2.13.5.jar;C:\Users\Daniel\.m2\repository\com\fasterxml\jackson\datatype\jackson-datatype-jsr310\2.13.5\jackson-datatype-jsr310-2.13.5.jar;C:\Users\Daniel\.m2\repository\com\fasterxml\jackson\module\jackson-module-parameter-names\2.13.5\jackson-module-parameter-names-2.13.5.jar;C:\Users\Daniel\.m2\repository\org\springframework\spring-webmvc\5.3.29\spring-webmvc-5.3.29.jar;C:\Users\Daniel\.m2\repository\org\apache\tiles\tiles-jsp\3.0.8\tiles-jsp-3.0.8.jar;C:\Users\Daniel\.m2\repository\org\apache\tiles\tiles-servlet\3.0.8\tiles-servlet-3.0.8.jar;C:\Users\Daniel\.m2\repository\org\apache\tiles\tiles-core\3.0.8\tiles-core-3.0.8.jar;C:\Users\Daniel\.m2\repository\commons-digester\commons-digester\2.0\commons-digester-2.0.jar;C:\Users\Daniel\.m2\repository\org\apache\tiles\tiles-request-servlet\1.0.7\tiles-request-servlet-1.0.7.jar;C:\Users\Daniel\.m2\repository\org\apache\tiles\tiles-template\3.0.8\tiles-template-3.0.8.jar;C:\Users\Daniel\.m2\repository\org\apache\tiles\tiles-api\3.0.8\tiles-api-3.0.8.jar;C:\Users\Daniel\.m2\repository\org\apache\tiles\tiles-autotag-core-runtime\1.2\tiles-autotag-core-runtime-1.2.jar;C:\Users\Daniel\.m2\repository\org\slf4j\slf4j-api\1.7.36\slf4j-api-1.7.36.jar;C:\Users\Daniel\.m2\repository\org\apache\tiles\tiles-request-jsp\1.0.7\tiles-request-jsp-1.0.7.jar;C:\Users\Daniel\.m2\repository\org\apache\tiles\tiles-request-api\1.0.7\tiles-request-api-1.0.7.jar;C:\Users\Daniel\.m2\repository\org\springframework\boot\spring-boot-starter-data-jpa\2.7.15\spring-boot-starter-data-jpa-2.7.15.jar;C:\Users\Daniel\.m2\repository\org\springframework\boot\spring-boot-starter-aop\2.7.15\spring-boot-starter-aop-2.7.15.jar;C:\Users\Daniel\.m2\repository\org\aspectj\aspectjweaver\1.9.7\aspectjweaver-1.9.7.jar;C:\Users\Daniel\.m2\repository\org\springframework\boot\spring-boot-starter-jdbc\2.7.15\spring-boot-starter-jdbc-2.7.15.jar;C:\Users\Daniel\.m2\repository\jakarta\transaction\jakarta.transaction-api\1.3.3\jakarta.transaction-api-1.3.3.jar;C:\Users\Daniel\.m2\repository\jakarta\persistence\jakarta.persistence-api\2.2.3\jakarta.persistence-api-2.2.3.jar;C:\Users\Daniel\.m2\repository\org\springframework\data\spring-data-jpa\2.7.15\spring-data-jpa-2.7.15.jar;C:\Users\Daniel\.m2\repository\org\springframework\data\spring-data-commons\2.7.15\spring-data-commons-2.7.15.jar;C:\Users\Daniel\.m2\repository\org\springframework\spring-orm\5.3.29\spring-orm-5.3.29.jar;C:\Users\Daniel\.m2\repository\org\springframework\spring-aspects\5.3.29\spring-aspects-5.3.29.jar;C:\Users\Daniel\.m2\repository\org\hibernate\hibernate-core\5.4.29.Final\hibernate-core-5.4.29.Final.jar;C:\Users\Daniel\.m2\repository\org\jboss\logging\jboss-logging\3.4.3.Final\jboss-logging-3.4.3.Final.jar;C:\Users\Daniel\.m2\repository\javax\persistence\javax.persistence-api\2.2\javax.persistence-api-2.2.jar;C:\Users\Daniel\.m2\repository\org\javassist\javassist\3.27.0-GA\javassist-3.27.0-GA.jar;C:\Users\Daniel\.m2\repository\net\bytebuddy\byte-buddy\1.12.23\byte-buddy-1.12.23.jar;C:\Users\Daniel\.m2\repository\antlr\antlr\2.7.7\antlr-2.7.7.jar;C:\Users\Daniel\.m2\repository\org\jboss\spec\javax\transaction\jboss-transaction-api_1.2_spec\1.1.1.Final\jboss-transaction-api_1.2_spec-1.1.1.Final.jar;C:\Users\Daniel\.m2\repository\org\jboss\jandex\2.2.3.Final\jandex-2.2.3.Final.jar;C:\Users\Daniel\.m2\repository\com\fasterxml\classmate\1.5.1\classmate-1.5.1.jar;C:\Users\Daniel\.m2\repository\javax\activation\javax.activation-api\1.2.0\javax.activation-api-1.2.0.jar;C:\Users\Daniel\.m2\repository\org\dom4j\dom4j\2.1.3\dom4j-2.1.3.jar;C:\Users\Daniel\.m2\repository\org\hibernate\common\hibernate-commons-annotations\5.1.2.Final\hibernate-commons-annotations-5.1.2.Final.jar;C:\Users\Daniel\.m2\repository\javax\xml\bind\jaxb-api\2.3.1\jaxb-api-2.3.1.jar;C:\Users\Daniel\.m2\repository\org\glassfish\jaxb\jaxb-runtime\2.3.8\jaxb-runtime-2.3.8.jar;C:\Users\Daniel\.m2\repository\org\glassfish\jaxb\txw2\2.3.8\txw2-2.3.8.jar;C:\Users\Daniel\.m2\repository\com\sun\istack\istack-commons-runtime\3.0.12\istack-commons-runtime-3.0.12.jar;C:\Users\Daniel\.m2\repository\com\sun\activation\jakarta.activation\1.2.2\jakarta.activation-1.2.2.jar;C:\Users\Daniel\.m2\repository\org\springframework\boot\spring-boot-starter-validation\2.7.15\spring-boot-starter-validation-2.7.15.jar;C:\Users\Daniel\.m2\repository\org\hibernate\validator\hibernate-validator\6.2.5.Final\hibernate-validator-6.2.5.Final.jar;C:\Users\Daniel\.m2\repository\jakarta\validation\jakarta.validation-api\2.0.2\jakarta.validation-api-2.0.2.jar;C:\Users\Daniel\.m2\repository\org\mariadb\jdbc\mariadb-java-client\3.1.4\mariadb-java-client-3.1.4.jar;C:\Users\Daniel\.m2\repository\com\github\waffle\waffle-jna\3.2.0\waffle-jna-3.2.0.jar;C:\Users\Daniel\.m2\repository\net\java\dev\jna\jna\5.12.1\jna-5.12.1.jar;C:\Users\Daniel\.m2\repository\net\java\dev\jna\jna-platform\5.12.1\jna-platform-5.12.1.jar;C:\Users\Daniel\.m2\repository\org\slf4j\jcl-over-slf4j\1.7.36\jcl-over-slf4j-1.7.36.jar;C:\Users\Daniel\.m2\repository\com\github\ben-manes\caffeine\caffeine\2.9.3\caffeine-2.9.3.jar;C:\Users\Daniel\.m2\repository\com\google\errorprone\error_prone_annotations\2.10.0\error_prone_annotations-2.10.0.jar;C:\Users\Daniel\.m2\repository\org\checkerframework\checker-qual\3.23.0\checker-qual-3.23.0.jar;C:\Users\Daniel\.m2\repository\com\zaxxer\HikariCP\4.0.3\HikariCP-4.0.3.jar;C:\Users\Daniel\.m2\repository\org\springframework\boot\spring-boot-starter-test\2.7.15\spring-boot-starter-test-2.7.15.jar;C:\Users\Daniel\.m2\repository\org\springframework\boot\spring-boot-test\2.7.15\spring-boot-test-2.7.15.jar;C:\Users\Daniel\.m2\repository\org\springframework\boot\spring-boot-test-autoconfigure\2.7.15\spring-boot-test-autoconfigure-2.7.15.jar;C:\Users\Daniel\.m2\repository\com\jayway\jsonpath\json-path\2.7.0\json-path-2.7.0.jar;C:\Users\Daniel\.m2\repository\net\minidev\json-smart\2.4.11\json-smart-2.4.11.jar;C:\Users\Daniel\.m2\repository\net\minidev\accessors-smart\2.4.11\accessors-smart-2.4.11.jar;C:\Users\Daniel\.m2\repository\org\ow2\asm\asm\9.3\asm-9.3.jar;C:\Users\Daniel\.m2\repository\jakarta\xml\bind\jakarta.xml.bind-api\2.3.3\jakarta.xml.bind-api-2.3.3.jar;C:\Users\Daniel\.m2\repository\jakarta\activation\jakarta.activation-api\1.2.2\jakarta.activation-api-1.2.2.jar;C:\Users\Daniel\.m2\repository\org\assertj\assertj-core\3.22.0\assertj-core-3.22.0.jar;C:\Users\Daniel\.m2\repository\org\hamcrest\hamcrest\2.2\hamcrest-2.2.jar;C:\Users\Daniel\.m2\repository\org\junit\jupiter\junit-jupiter\5.8.2\junit-jupiter-5.8.2.jar;C:\Users\Daniel\.m2\repository\org\mockito\mockito-core\4.5.1\mockito-core-4.5.1.jar;C:\Users\Daniel\.m2\repository\net\bytebuddy\byte-buddy-agent\1.12.23\byte-buddy-agent-1.12.23.jar;C:\Users\Daniel\.m2\repository\org\objenesis\objenesis\3.2\objenesis-3.2.jar;C:\Users\Daniel\.m2\repository\org\mockito\mockito-junit-jupiter\4.5.1\mockito-junit-jupiter-4.5.1.jar;C:\Users\Daniel\.m2\repository\org\skyscreamer\jsonassert\1.5.1\jsonassert-1.5.1.jar;C:\Users\Daniel\.m2\repository\com\vaadin\external\google\android-json\0.0.20131108.vaadin1\android-json-0.0.20131108.vaadin1.jar;C:\Users\Daniel\.m2\repository\org\springframework\spring-test\5.3.29\spring-test-5.3.29.jar;C:\Users\Daniel\.m2\repository\org\xmlunit\xmlunit-core\2.9.1\xmlunit-core-2.9.1.jar;C:\Users\Daniel\.m2\repository\org\junit\jupiter\junit-jupiter-engine\5.8.2\junit-jupiter-engine-5.8.2.jar;C:\Users\Daniel\.m2\repository\org\junit\platform\junit-platform-engine\1.8.2\junit-platform-engine-1.8.2.jar;C:\Users\Daniel\.m2\repository\org\apiguardian\apiguardian-api\1.1.2\apiguardian-api-1.1.2.jar;C:\Users\Daniel\.m2\repository\org\junit\jupiter\junit-jupiter-api\5.8.2\junit-jupiter-api-5.8.2.jar;C:\Users\Daniel\.m2\repository\org\opentest4j\opentest4j\1.2.0\opentest4j-1.2.0.jar;C:\Users\Daniel\.m2\repository\org\junit\platform\junit-platform-commons\1.8.2\junit-platform-commons-1.8.2.jar;C:\Users\Daniel\.m2\repository\org\junit\jupiter\junit-jupiter-params\5.8.2\junit-jupiter-params-5.8.2.jar;C:\Users\Daniel\.m2\repository\org\junit\platform\junit-platform-launcher\1.8.2\junit-platform-launcher-1.8.2.jar;C:\Users\Daniel\.m2\repository\org\seleniumhq\selenium\selenium-java\4.1.4\selenium-java-4.1.4.jar;C:\Users\Daniel\.m2\repository\org\seleniumhq\selenium\selenium-api\4.1.4\selenium-api-4.1.4.jar;C:\Users\Daniel\.m2\repository\org\seleniumhq\selenium\selenium-chrome-driver\4.1.4\selenium-chrome-driver-4.1.4.jar;C:\Users\Daniel\.m2\repository\com\google\auto\service\auto-service-annotations\1.0.1\auto-service-annotations-1.0.1.jar;C:\Users\Daniel\.m2\repository\com\google\auto\service\auto-service\1.0.1\auto-service-1.0.1.jar;C:\Users\Daniel\.m2\repository\com\google\auto\auto-common\1.2\auto-common-1.2.jar;C:\Users\Daniel\.m2\repository\com\google\guava\guava\31.1-jre\guava-31.1-jre.jar;C:\Users\Daniel\.m2\repository\com\google\guava\failureaccess\1.0.1\failureaccess-1.0.1.jar;C:\Users\Daniel\.m2\repository\com\google\guava\listenablefuture\9999.0-empty-to-avoid-conflict-with-guava\listenablefuture-9999.0-empty-to-avoid-conflict-with-guava.jar;C:\Users\Daniel\.m2\repository\com\google\code\findbugs\jsr305\3.0.2\jsr305-3.0.2.jar;C:\Users\Daniel\.m2\repository\com\google\j2objc\j2objc-annotations\1.3\j2objc-annotations-1.3.jar;C:\Users\Daniel\.m2\repository\org\seleniumhq\selenium\selenium-chromium-driver\4.1.4\selenium-chromium-driver-4.1.4.jar;C:\Users\Daniel\.m2\repository\org\seleniumhq\selenium\selenium-json\4.1.4\selenium-json-4.1.4.jar;C:\Users\Daniel\.m2\repository\org\seleniumhq\selenium\selenium-devtools-v100\4.1.4\selenium-devtools-v100-4.1.4.jar;C:\Users\Daniel\.m2\repository\org\seleniumhq\selenium\selenium-devtools-v101\4.1.4\selenium-devtools-v101-4.1.4.jar;C:\Users\Daniel\.m2\repository\org\seleniumhq\selenium\selenium-devtools-v85\4.1.4\selenium-devtools-v85-4.1.4.jar;C:\Users\Daniel\.m2\repository\org\seleniumhq\selenium\selenium-devtools-v99\4.1.4\selenium-devtools-v99-4.1.4.jar;C:\Users\Daniel\.m2\repository\org\seleniumhq\selenium\selenium-edge-driver\4.1.4\selenium-edge-driver-4.1.4.jar;C:\Users\Daniel\.m2\repository\org\seleniumhq\selenium\selenium-firefox-driver\4.1.4\selenium-firefox-driver-4.1.4.jar;C:\Users\Daniel\.m2\repository\org\seleniumhq\selenium\selenium-ie-driver\4.1.4\selenium-ie-driver-4.1.4.jar;C:\Users\Daniel\.m2\repository\org\seleniumhq\selenium\selenium-opera-driver\4.1.4\selenium-opera-driver-4.1.4.jar;C:\Users\Daniel\.m2\repository\org\seleniumhq\selenium\selenium-remote-driver\4.1.4\selenium-remote-driver-4.1.4.jar;C:\Users\Daniel\.m2\repository\com\beust\jcommander\1.82\jcommander-1.82.jar;C:\Users\Daniel\.m2\repository\io\netty\netty-buffer\4.1.97.Final\netty-buffer-4.1.97.Final.jar;C:\Users\Daniel\.m2\repository\io\netty\netty-codec-http\4.1.97.Final\netty-codec-http-4.1.97.Final.jar;C:\Users\Daniel\.m2\repository\io\netty\netty-codec\4.1.97.Final\netty-codec-4.1.97.Final.jar;C:\Users\Daniel\.m2\repository\io\netty\netty-handler\4.1.97.Final\netty-handler-4.1.97.Final.jar;C:\Users\Daniel\.m2\repository\io\netty\netty-common\4.1.97.Final\netty-common-4.1.97.Final.jar;C:\Users\Daniel\.m2\repository\io\netty\netty-transport-classes-epoll\4.1.97.Final\netty-transport-classes-epoll-4.1.97.Final.jar;C:\Users\Daniel\.m2\repository\io\netty\netty-transport-classes-kqueue\4.1.97.Final\netty-transport-classes-kqueue-4.1.97.Final.jar;C:\Users\Daniel\.m2\repository\io\netty\netty-transport-native-epoll\4.1.97.Final\netty-transport-native-epoll-4.1.97.Final.jar;C:\Users\Daniel\.m2\repository\io\netty\netty-transport-native-kqueue\4.1.97.Final\netty-transport-native-kqueue-4.1.97.Final.jar;C:\Users\Daniel\.m2\repository\io\netty\netty-transport-native-unix-common\4.1.97.Final\netty-transport-native-unix-common-4.1.97.Final.jar;C:\Users\Daniel\.m2\repository\io\netty\netty-transport\4.1.97.Final\netty-transport-4.1.97.Final.jar;C:\Users\Daniel\.m2\repository\io\netty\netty-resolver\4.1.97.Final\netty-resolver-4.1.97.Final.jar;C:\Users\Daniel\.m2\repository\io\opentelemetry\opentelemetry-api\1.13.0\opentelemetry-api-1.13.0.jar;C:\Users\Daniel\.m2\repository\io\opentelemetry\opentelemetry-context\1.13.0\opentelemetry-context-1.13.0.jar;C:\Users\Daniel\.m2\repository\io\opentelemetry\opentelemetry-exporter-logging\1.13.0\opentelemetry-exporter-logging-1.13.0.jar;C:\Users\Daniel\.m2\repository\io\opentelemetry\opentelemetry-sdk-metrics\1.13.0-alpha\opentelemetry-sdk-metrics-1.13.0-alpha.jar;C:\Users\Daniel\.m2\repository\io\opentelemetry\opentelemetry-sdk-logs\1.13.0-alpha\opentelemetry-sdk-logs-1.13.0-alpha.jar;C:\Users\Daniel\.m2\repository\io\opentelemetry\opentelemetry-sdk-common\1.13.0\opentelemetry-sdk-common-1.13.0.jar;C:\Users\Daniel\.m2\repository\io\opentelemetry\opentelemetry-sdk-extension-autoconfigure-spi\1.13.0\opentelemetry-sdk-extension-autoconfigure-spi-1.13.0.jar;C:\Users\Daniel\.m2\repository\io\opentelemetry\opentelemetry-sdk-extension-autoconfigure\1.13.0-alpha\opentelemetry-sdk-extension-autoconfigure-1.13.0-alpha.jar;C:\Users\Daniel\.m2\repository\io\opentelemetry\opentelemetry-sdk-trace\1.13.0\opentelemetry-sdk-trace-1.13.0.jar;C:\Users\Daniel\.m2\repository\io\opentelemetry\opentelemetry-sdk\1.13.0\opentelemetry-sdk-1.13.0.jar;C:\Users\Daniel\.m2\repository\io\opentelemetry\opentelemetry-semconv\1.13.0-alpha\opentelemetry-semconv-1.13.0-alpha.jar;C:\Users\Daniel\.m2\repository\io\ous\jtoml\2.0.0\jtoml-2.0.0.jar;C:\Users\Daniel\.m2\repository\org\apache\commons\commons-exec\1.3\commons-exec-1.3.jar;C:\Users\Daniel\.m2\repository\org\asynchttpclient\async-http-client\2.12.3\async-http-client-2.12.3.jar;C:\Users\Daniel\.m2\repository\org\asynchttpclient\async-http-client-netty-utils\2.12.3\async-http-client-netty-utils-2.12.3.jar;C:\Users\Daniel\.m2\repository\io\netty\netty-codec-socks\4.1.97.Final\netty-codec-socks-4.1.97.Final.jar;C:\Users\Daniel\.m2\repository\io\netty\netty-handler-proxy\4.1.97.Final\netty-handler-proxy-4.1.97.Final.jar;C:\Users\Daniel\.m2\repository\io\netty\netty-transport-native-epoll\4.1.97.Final\netty-transport-native-epoll-4.1.97.Final-linux-x86_64.jar;C:\Users\Daniel\.m2\repository\io\netty\netty-transport-native-kqueue\4.1.97.Final\netty-transport-native-kqueue-4.1.97.Final-osx-x86_64.jar;C:\Users\Daniel\.m2\repository\org\reactivestreams\reactive-streams\1.0.4\reactive-streams-1.0.4.jar;C:\Users\Daniel\.m2\repository\com\typesafe\netty\netty-reactive-streams\2.0.4\netty-reactive-streams-2.0.4.jar;C:\Users\Daniel\.m2\repository\org\seleniumhq\selenium\selenium-http\4.1.4\selenium-http-4.1.4.jar;C:\Users\Daniel\.m2\repository\dev\failsafe\failsafe\3.2.3\failsafe-3.2.3.jar;C:\Users\Daniel\.m2\repository\org\seleniumhq\selenium\selenium-safari-driver\4.1.4\selenium-safari-driver-4.1.4.jar;C:\Users\Daniel\.m2\repository\org\seleniumhq\selenium\selenium-support\4.1.4\selenium-support-4.1.4.jar;C:\Users\Daniel\.m2\repository\org\projectlombok\lombok\1.18.28\lombok-1.18.28.jar;C:\Users\Daniel\.m2\repository\org\jsoup\jsoup\1.16.1\jsoup-1.16.1.jar;C:\Users\Daniel\.m2\repository\ch\qos\logback\logback-access\1.2.12\logback-access-1.2.12.jar;C:\Users\Daniel\.m2\repository\ch\qos\logback\logback-core\1.2.12\logback-core-1.2.12.jar;C:\Users\Daniel\.m2\repository\org\apache\commons\commons-lang3\3.12.0\commons-lang3-3.12.0.jar;C:\Users\Daniel\.m2\repository\org\apache\commons\commons-text\1.10.0\commons-text-1.10.0.jar;C:\Users\Daniel\.m2\repository\commons-io\commons-io\2.13.0\commons-io-2.13.0.jar;C:\Users\Daniel\.m2\repository\commons-cli\commons-cli\1.5.0\commons-cli-1.5.0.jar;C:\Users\Daniel\.m2\repository\com\fasterxml\jackson\dataformat\jackson-dataformat-csv\2.13.5\jackson-dataformat-csv-2.13.5.jar;C:\Users\Daniel\.m2\repository\com\fasterxml\jackson\core\jackson-databind\2.13.5\jackson-databind-2.13.5.jar;C:\Users\Daniel\.m2\repository\com\fasterxml\jackson\core\jackson-annotations\2.13.5\jackson-annotations-2.13.5.jar;C:\Users\Daniel\.m2\repository\com\fasterxml\jackson\core\jackson-core\2.13.5\jackson-core-2.13.5.jar;C:\Users\Daniel\.m2\repository\com\opencsv\opencsv\5.8\opencsv-5.8.jar;C:\Users\Daniel\.m2\repository\commons-beanutils\commons-beanutils\1.9.4\commons-beanutils-1.9.4.jar;C:\Users\Daniel\.m2\repository\commons-logging\commons-logging\1.2\commons-logging-1.2.jar;C:\Users\Daniel\.m2\repository\commons-collections\commons-collections\3.2.2\commons-collections-3.2.2.jar;C:\Users\Daniel\.m2\repository\org\apache\commons\commons-collections4\4.4\commons-collections4-4.4.jar;C:\Users\Daniel\.m2\repository\de\vandermeer\asciitable\0.3.2\asciitable-0.3.2.jar;C:\Users\Daniel\.m2\repository\de\vandermeer\ascii-utf-themes\0.0.1\ascii-utf-themes-0.0.1.jar;C:\Users\Daniel\.m2\repository\de\vandermeer\skb-interfaces\0.0.1\skb-interfaces-0.0.1.jar;C:\Users\Daniel\.m2\repository\org\antlr\ST4\4.0.8\ST4-4.0.8.jar;C:\Users\Daniel\.m2\repository\org\antlr\antlr-runtime\3.5.2\antlr-runtime-3.5.2.jar;C:\Users\Daniel\.m2\repository\org\antlr\antlr4\4.5.1\antlr4-4.5.1.jar;C:\Users\Daniel\.m2\repository\de\vandermeer\char-translation\0.0.2\char-translation-0.0.2.jar
Launcher Type: SUN_STANDARD

[Global flags]
     intx CICompilerCount                          = 4                                         {product} {ergonomic}
     uint ConcGCThreads                            = 2                                         {product} {ergonomic}
     uint G1ConcRefinementThreads                  = 8                                         {product} {ergonomic}
   size_t G1HeapRegionSize                         = 4194304                                   {product} {ergonomic}
    uintx GCDrainStackTargetSize                   = 64                                        {product} {ergonomic}
   size_t InitialHeapSize                          = 536870912                                 {product} {ergonomic}
   size_t MarkStackSize                            = 4194304                                   {product} {ergonomic}
   size_t MaxHeapSize                              = 8552185856                                {product} {ergonomic}
   size_t MaxNewSize                               = 5129633792                                {product} {ergonomic}
   size_t MinHeapDeltaBytes                        = 4194304                                   {product} {ergonomic}
   size_t MinHeapSize                              = 8388608                                   {product} {ergonomic}
    uintx NonNMethodCodeHeapSize                   = 5839372                                {pd product} {ergonomic}
    uintx NonProfiledCodeHeapSize                  = 122909434                              {pd product} {ergonomic}
    uintx ProfiledCodeHeapSize                     = 122909434                              {pd product} {ergonomic}
    uintx ReservedCodeCacheSize                    = 251658240                              {pd product} {ergonomic}
     bool SegmentedCodeCache                       = true                                      {product} {ergonomic}
     bool ShowCodeDetailsInExceptionMessages       = true                                   {manageable} {command line}
   size_t SoftMaxHeapSize                          = 8552185856                             {manageable} {ergonomic}
     bool UseCompressedClassPointers               = true                           {product lp64_product} {ergonomic}
     bool UseCompressedOops                        = true                           {product lp64_product} {ergonomic}
     bool UseG1GC                                  = true                                      {product} {ergonomic}
     bool UseLargePagesIndividualAllocation        = false                                  {pd product} {ergonomic}

Logging:
Log output configuration:
 #0: stdout all=warning uptime,level,tags foldmultilines=false
 #1: stderr all=off uptime,level,tags foldmultilines=false

Environment Variables:
JAVA_HOME=C:\Program Files\Java\jdk-17
PATH=C:/Users/Daniel/OneDrive - UNIVERSIDAD DE SEVILLA/Documentos/Escritorio/SandBox/Repos/Workspace-24/Tools/IDEs/eclipse-jee-2023-12R//plugins/org.eclipse.justj.openjdk.hotspot.jre.full.win32.x86_64_17.0.10.v20240120-1143/jre/bin/server;C:/Users/Daniel/OneDrive - UNIVERSIDAD DE SEVILLA/Documentos/Escritorio/SandBox/Repos/Workspace-24/Tools/IDEs/eclipse-jee-2023-12R//plugins/org.eclipse.justj.openjdk.hotspot.jre.full.win32.x86_64_17.0.10.v20240120-1143/jre/bin;C:\Users\Daniel\OneDrive - UNIVERSIDAD DE SEVILLA\Documentos\Escritorio\SandBox\Repos\Workspace-24\Tools\Infrastructure\jdk-20.0.2\bin;C:\Program Files\Firefox Developer Edition;C:\Users\Daniel\OneDrive - UNIVERSIDAD DE SEVILLA\Documentos\Escritorio\SandBox\Repos\Workspace-24\Tools\Infrastructure\geckodriver-0.33.0;C:\Users\Daniel\AppData\Local\Programs\Python\Python39\Scripts\;C:\Program Files\Common Files\Oracle\Java\javapath;C:\WINDOWS\system32;C:\WINDOWS;C:\WINDOWS\System32\Wbem;C:\WINDOWS\System32\WindowsPowerShell\v1.0\;C:\WINDOWS\System32\OpenSSH\;C:\Program Files\nodejs\;C:\Program Files\Git\cmd;C:\Program Files\dotnet\;C:\Program Files\AutoFirma\AutoFirma;C:\Users\Daniel\Downloads\windows_10_msbuild_Release_graphviz-9.0.0-win32.zip\Graphviz\bin;C:\Program Files\Pandoc\;C:\ProgramData\chocolatey\bin;C:\Program Files\Apache Maven\apache-maven-3.9.6\bin;C:\Users\Daniel\OneDrive - UNIVERSIDAD DE SEVILLA\Documentos\Escritorio\SandBox\Repos\Workspace-24\Tools\Infrastructure\jdk-20.0.2\bin;C:\Program Files\Firefox Developer Edition;C:\Users\Daniel\OneDrive - UNIVERSIDAD DE SEVILLA\Documentos\Escritorio\SandBox\Repos\Workspace-24\Tools\Infrastructure\geckodriver-0.33.0;C:\Users\Daniel\AppData\Local\Programs\Python\Python39\;C:\Users\Daniel\AppData\Local\Microsoft\WindowsApps;C:\Users\Daniel\AppData\Local\Programs\Microsoft VS Code\bin;C:\Users\Daniel\AppData\Roaming\npm;C:\Users\Daniel\Downloads\windows_10_msbuild_Release_graphviz-9.0.0-win32\Graphviz\bin;C:\Users\Daniel\AppData\Local\Programs\MiKTeX\miktex\bin\x64\;C:\ProgramData\chocolatey\bin;C:\Program Files\Apache Maven\apache-maven-3.9.6\bin;;C:\Users\Daniel\OneDrive - UNIVERSIDAD DE SEVILLA\Documentos\Escritorio\SandBox\Repos\Workspace-24\Tools\IDEs\eclipse-jee-2023-12R;
USERNAME=Daniel
OS=Windows_NT
PROCESSOR_IDENTIFIER=Intel64 Family 6 Model 140 Stepping 1, GenuineIntel
TMP=C:\Users\Daniel\AppData\Local\Temp
TEMP=C:\Users\Daniel\AppData\Local\Temp




---------------  S Y S T E M  ---------------

OS:
 Windows 11 , 64 bit Build 22621 (10.0.22621.3374)
OS uptime: 4 days 4:43 hours
Hyper-V role detected

CPU: total 8 (initial active 8) (4 cores per cpu, 2 threads per core) family 6 model 140 stepping 1 microcode 0xb6, cx8, cmov, fxsr, ht, mmx, 3dnowpref, sse, sse2, sse3, ssse3, sse4.1, sse4.2, popcnt, lzcnt, tsc, tscinvbit, avx, avx2, aes, erms, clmul, bmi1, bmi2, adx, avx512f, avx512dq, avx512cd, avx512bw, avx512vl, sha, fma, vzeroupper, avx512_vpopcntdq, avx512_vpclmulqdq, avx512_vaes, avx512_vnni, clflush, clflushopt, clwb, avx512_vbmi2, avx512_vbmi, hv, rdtscp, rdpid, fsrm, gfni, avx512_bitalg, f16c, cet_ibt, cet_ss, avx512_ifma

Memory: 4k page, system-wide physical 32610M (14683M free)
TotalPageFile size 37474M (AvailPageFile size 11516M)
current process WorkingSet (physical memory assigned to process): 270M, peak: 364M
current process commit charge ("private bytes"): 327M, peak: 689M

vm_info: Java HotSpot(TM) 64-Bit Server VM (20.0.2+9-78) for windows-amd64 JRE (20.0.2+9-78), built on 2023-06-14T10:08:48Z by "mach5one" with MS VC++ 17.1 (VS2022)

END.
